mode: atomic
github.com/bh90210/soul/soul.go:44.23,46.2 1 0
github.com/bh90210/soul/cmd/simple-client/main.go:14.13,39.16 8 0
github.com/bh90210/soul/cmd/simple-client/main.go:39.16,41.3 1 0
github.com/bh90210/soul/cmd/simple-client/main.go:43.2,46.12 2 0
github.com/bh90210/soul/cmd/simple-client/main.go:46.12,47.7 1 0
github.com/bh90210/soul/cmd/simple-client/main.go:47.7,49.18 2 0
github.com/bh90210/soul/cmd/simple-client/main.go:49.18,51.5 1 0
github.com/bh90210/soul/cmd/simple-client/main.go:56.2,57.16 2 0
github.com/bh90210/soul/cmd/simple-client/main.go:57.16,59.3 1 0
github.com/bh90210/soul/cmd/simple-client/main.go:61.2,71.16 6 0
github.com/bh90210/soul/cmd/simple-client/main.go:71.16,73.3 1 0
github.com/bh90210/soul/cmd/simple-client/main.go:75.2,75.12 1 0
github.com/bh90210/soul/cmd/simple-client/main.go:75.12,76.7 1 0
github.com/bh90210/soul/cmd/simple-client/main.go:76.7,80.4 3 0
github.com/bh90210/soul/cmd/simple-client/main.go:83.2,83.9 1 0
github.com/bh90210/soul/peer/code_string.go:19.31,21.44 2 0
github.com/bh90210/soul/peer/code_string.go:21.44,23.3 1 0
github.com/bh90210/soul/peer/code_string.go:24.2,24.52 1 0
github.com/bh90210/soul/peer/codeinit_string.go:19.35,20.52 1 0
github.com/bh90210/soul/peer/codeinit_string.go:20.52,22.3 1 0
github.com/bh90210/soul/peer/codeinit_string.go:23.2,23.64 1 0
github.com/bh90210/soul/peer/fileattributetype_string.go:28.44,29.9 1 0
github.com/bh90210/soul/peer/fileattributetype_string.go:30.24,31.98 1 0
github.com/bh90210/soul/peer/fileattributetype_string.go:32.24,34.98 2 0
github.com/bh90210/soul/peer/fileattributetype_string.go:35.10,36.70 1 0
github.com/bh90210/soul/peer/filesearchresponse.go:28.79,31.16 3 0
github.com/bh90210/soul/peer/filesearchresponse.go:31.16,33.3 1 0
github.com/bh90210/soul/peer/filesearchresponse.go:35.2,40.16 4 0
github.com/bh90210/soul/peer/filesearchresponse.go:40.16,42.3 1 0
github.com/bh90210/soul/peer/filesearchresponse.go:44.2,45.16 2 0
github.com/bh90210/soul/peer/filesearchresponse.go:45.16,47.3 1 0
github.com/bh90210/soul/peer/filesearchresponse.go:49.2,50.16 2 0
github.com/bh90210/soul/peer/filesearchresponse.go:50.16,52.3 1 0
github.com/bh90210/soul/peer/filesearchresponse.go:54.2,55.16 2 0
github.com/bh90210/soul/peer/filesearchresponse.go:55.16,57.3 1 0
github.com/bh90210/soul/peer/filesearchresponse.go:59.2,60.16 2 0
github.com/bh90210/soul/peer/filesearchresponse.go:60.16,62.3 1 0
github.com/bh90210/soul/peer/filesearchresponse.go:64.2,65.16 2 0
github.com/bh90210/soul/peer/filesearchresponse.go:65.16,67.3 1 0
github.com/bh90210/soul/peer/filesearchresponse.go:69.2,70.16 2 0
github.com/bh90210/soul/peer/filesearchresponse.go:70.16,72.3 1 0
github.com/bh90210/soul/peer/filesearchresponse.go:74.2,75.16 2 0
github.com/bh90210/soul/peer/filesearchresponse.go:75.16,77.3 1 0
github.com/bh90210/soul/peer/filesearchresponse.go:79.2,80.16 2 0
github.com/bh90210/soul/peer/filesearchresponse.go:80.16,82.3 1 0
github.com/bh90210/soul/peer/filesearchresponse.go:84.2,85.16 2 0
github.com/bh90210/soul/peer/filesearchresponse.go:85.16,87.3 1 0
github.com/bh90210/soul/peer/filesearchresponse.go:89.2,89.35 1 0
github.com/bh90210/soul/peer/filesearchresponse.go:92.75,94.16 2 0
github.com/bh90210/soul/peer/filesearchresponse.go:94.16,96.3 1 0
github.com/bh90210/soul/peer/filesearchresponse.go:98.2,98.29 1 0
github.com/bh90210/soul/peer/filesearchresponse.go:98.29,100.17 2 0
github.com/bh90210/soul/peer/filesearchresponse.go:100.17,102.4 1 0
github.com/bh90210/soul/peer/filesearchresponse.go:104.3,104.22 1 0
github.com/bh90210/soul/peer/filesearchresponse.go:104.22,106.4 1 0
github.com/bh90210/soul/peer/filesearchresponse.go:108.3,109.17 2 0
github.com/bh90210/soul/peer/filesearchresponse.go:109.17,111.4 1 0
github.com/bh90210/soul/peer/filesearchresponse.go:113.3,113.21 1 0
github.com/bh90210/soul/peer/filesearchresponse.go:113.21,115.4 1 0
github.com/bh90210/soul/peer/filesearchresponse.go:117.3,118.17 2 0
github.com/bh90210/soul/peer/filesearchresponse.go:118.17,120.4 1 0
github.com/bh90210/soul/peer/filesearchresponse.go:122.3,122.27 1 0
github.com/bh90210/soul/peer/filesearchresponse.go:122.27,124.4 1 0
github.com/bh90210/soul/peer/filesearchresponse.go:126.3,127.17 2 0
github.com/bh90210/soul/peer/filesearchresponse.go:127.17,129.4 1 0
github.com/bh90210/soul/peer/filesearchresponse.go:131.3,132.17 2 0
github.com/bh90210/soul/peer/filesearchresponse.go:132.17,134.4 1 0
github.com/bh90210/soul/peer/filesearchresponse.go:136.3,136.45 1 0
github.com/bh90210/soul/peer/filesearchresponse.go:136.45,138.18 2 0
github.com/bh90210/soul/peer/filesearchresponse.go:138.18,140.5 1 0
github.com/bh90210/soul/peer/filesearchresponse.go:142.4,143.18 2 0
github.com/bh90210/soul/peer/filesearchresponse.go:143.18,145.5 1 0
github.com/bh90210/soul/peer/filesearchresponse.go:149.2,149.12 1 0
github.com/bh90210/soul/peer/filesearchresponse.go:152.66,154.16 2 0
github.com/bh90210/soul/peer/filesearchresponse.go:154.16,156.3 1 0
github.com/bh90210/soul/peer/filesearchresponse.go:158.2,159.16 2 0
github.com/bh90210/soul/peer/filesearchresponse.go:159.16,161.3 1 0
github.com/bh90210/soul/peer/filesearchresponse.go:163.2,163.44 1 0
github.com/bh90210/soul/peer/filesearchresponse.go:163.44,166.3 1 0
github.com/bh90210/soul/peer/filesearchresponse.go:168.2,169.16 2 0
github.com/bh90210/soul/peer/filesearchresponse.go:169.16,171.3 1 0
github.com/bh90210/soul/peer/filesearchresponse.go:173.2,176.16 3 0
github.com/bh90210/soul/peer/filesearchresponse.go:176.16,178.3 1 0
github.com/bh90210/soul/peer/filesearchresponse.go:180.2,181.16 2 0
github.com/bh90210/soul/peer/filesearchresponse.go:181.16,183.3 1 0
github.com/bh90210/soul/peer/filesearchresponse.go:185.2,186.16 2 0
github.com/bh90210/soul/peer/filesearchresponse.go:186.16,188.3 1 0
github.com/bh90210/soul/peer/filesearchresponse.go:190.2,191.16 2 0
github.com/bh90210/soul/peer/filesearchresponse.go:191.17,192.3 0 0
github.com/bh90210/soul/peer/filesearchresponse.go:194.2,195.16 2 0
github.com/bh90210/soul/peer/filesearchresponse.go:195.16,197.3 1 0
github.com/bh90210/soul/peer/filesearchresponse.go:199.2,200.16 2 0
github.com/bh90210/soul/peer/filesearchresponse.go:200.16,202.3 1 0
github.com/bh90210/soul/peer/filesearchresponse.go:204.2,205.16 2 0
github.com/bh90210/soul/peer/filesearchresponse.go:205.16,207.3 1 0
github.com/bh90210/soul/peer/filesearchresponse.go:209.2,210.16 2 0
github.com/bh90210/soul/peer/filesearchresponse.go:210.16,212.3 1 0
github.com/bh90210/soul/peer/filesearchresponse.go:214.2,215.16 2 0
github.com/bh90210/soul/peer/filesearchresponse.go:215.16,217.3 1 0
github.com/bh90210/soul/peer/filesearchresponse.go:219.2,220.16 2 0
github.com/bh90210/soul/peer/filesearchresponse.go:220.16,222.3 1 0
github.com/bh90210/soul/peer/filesearchresponse.go:224.2,224.12 1 0
github.com/bh90210/soul/peer/filesearchresponse.go:227.105,228.45 1 0
github.com/bh90210/soul/peer/filesearchresponse.go:228.45,232.17 3 0
github.com/bh90210/soul/peer/filesearchresponse.go:232.17,234.4 1 0
github.com/bh90210/soul/peer/filesearchresponse.go:236.3,237.17 2 0
github.com/bh90210/soul/peer/filesearchresponse.go:237.17,239.4 1 0
github.com/bh90210/soul/peer/filesearchresponse.go:241.3,242.17 2 0
github.com/bh90210/soul/peer/filesearchresponse.go:242.17,244.4 1 0
github.com/bh90210/soul/peer/filesearchresponse.go:246.3,247.17 2 0
github.com/bh90210/soul/peer/filesearchresponse.go:247.17,249.4 1 0
github.com/bh90210/soul/peer/filesearchresponse.go:251.3,253.44 3 0
github.com/bh90210/soul/peer/filesearchresponse.go:253.44,255.4 1 0
github.com/bh90210/soul/peer/filesearchresponse.go:257.3,257.43 1 0
github.com/bh90210/soul/peer/filesearchresponse.go:257.43,262.18 4 0
github.com/bh90210/soul/peer/filesearchresponse.go:262.18,264.5 1 0
github.com/bh90210/soul/peer/filesearchresponse.go:266.4,269.45 3 0
github.com/bh90210/soul/peer/filesearchresponse.go:269.45,271.5 1 0
github.com/bh90210/soul/peer/filesearchresponse.go:273.4,273.56 1 0
github.com/bh90210/soul/peer/filesearchresponse.go:276.3,276.30 1 0
github.com/bh90210/soul/peer/filesearchresponse.go:279.2,279.8 1 0
github.com/bh90210/soul/peer/peerinit.go:19.93,22.16 3 0
github.com/bh90210/soul/peer/peerinit.go:22.16,24.3 1 0
github.com/bh90210/soul/peer/peerinit.go:26.2,27.16 2 0
github.com/bh90210/soul/peer/peerinit.go:27.16,29.3 1 0
github.com/bh90210/soul/peer/peerinit.go:31.2,32.16 2 0
github.com/bh90210/soul/peer/peerinit.go:32.16,34.3 1 0
github.com/bh90210/soul/peer/peerinit.go:36.2,37.16 2 0
github.com/bh90210/soul/peer/peerinit.go:37.16,39.3 1 0
github.com/bh90210/soul/peer/peerinit.go:41.2,41.35 1 0
github.com/bh90210/soul/peer/peerinit.go:44.56,46.16 2 0
github.com/bh90210/soul/peer/peerinit.go:46.16,48.3 1 0
github.com/bh90210/soul/peer/peerinit.go:50.2,51.16 2 0
github.com/bh90210/soul/peer/peerinit.go:51.16,53.3 1 0
github.com/bh90210/soul/peer/peerinit.go:55.2,55.33 1 0
github.com/bh90210/soul/peer/peerinit.go:55.33,58.3 1 0
github.com/bh90210/soul/peer/peerinit.go:60.2,61.16 2 0
github.com/bh90210/soul/peer/peerinit.go:61.16,63.3 1 0
github.com/bh90210/soul/peer/peerinit.go:65.2,66.16 2 0
github.com/bh90210/soul/peer/peerinit.go:66.16,68.3 1 0
github.com/bh90210/soul/peer/peerinit.go:70.2,73.16 3 0
github.com/bh90210/soul/peer/peerinit.go:73.16,75.3 1 0
github.com/bh90210/soul/peer/peerinit.go:77.2,77.12 1 0
github.com/bh90210/soul/peer/piercefirewall.go:18.67,21.16 3 0
github.com/bh90210/soul/peer/piercefirewall.go:21.16,23.3 1 0
github.com/bh90210/soul/peer/piercefirewall.go:25.2,26.16 2 0
github.com/bh90210/soul/peer/piercefirewall.go:26.16,28.3 1 0
github.com/bh90210/soul/peer/piercefirewall.go:30.2,30.35 1 0
github.com/bh90210/soul/peer/piercefirewall.go:33.62,35.16 2 0
github.com/bh90210/soul/peer/piercefirewall.go:35.16,37.3 1 0
github.com/bh90210/soul/peer/piercefirewall.go:39.2,40.16 2 0
github.com/bh90210/soul/peer/piercefirewall.go:40.16,42.3 1 0
github.com/bh90210/soul/peer/piercefirewall.go:44.2,44.39 1 0
github.com/bh90210/soul/peer/piercefirewall.go:44.39,47.3 1 0
github.com/bh90210/soul/peer/piercefirewall.go:49.2,50.16 2 0
github.com/bh90210/soul/peer/piercefirewall.go:50.16,52.3 1 0
github.com/bh90210/soul/peer/piercefirewall.go:54.2,54.12 1 0
github.com/bh90210/soul/peer/sharedfileistresponse.go:50.104,53.16 3 0
github.com/bh90210/soul/peer/sharedfileistresponse.go:53.16,55.3 1 0
github.com/bh90210/soul/peer/sharedfileistresponse.go:57.2,62.16 4 0
github.com/bh90210/soul/peer/sharedfileistresponse.go:62.16,64.3 1 0
github.com/bh90210/soul/peer/sharedfileistresponse.go:66.2,67.16 2 0
github.com/bh90210/soul/peer/sharedfileistresponse.go:67.16,69.3 1 0
github.com/bh90210/soul/peer/sharedfileistresponse.go:71.2,72.16 2 0
github.com/bh90210/soul/peer/sharedfileistresponse.go:72.16,74.3 1 0
github.com/bh90210/soul/peer/sharedfileistresponse.go:76.2,76.35 1 0
github.com/bh90210/soul/peer/sharedfileistresponse.go:97.90,99.16 2 0
github.com/bh90210/soul/peer/sharedfileistresponse.go:99.16,101.3 1 0
github.com/bh90210/soul/peer/sharedfileistresponse.go:103.2,103.40 1 0
github.com/bh90210/soul/peer/sharedfileistresponse.go:103.40,104.27 1 0
github.com/bh90210/soul/peer/sharedfileistresponse.go:104.27,106.4 1 0
github.com/bh90210/soul/peer/sharedfileistresponse.go:108.3,109.17 2 0
github.com/bh90210/soul/peer/sharedfileistresponse.go:109.17,111.4 1 0
github.com/bh90210/soul/peer/sharedfileistresponse.go:113.3,113.32 1 0
github.com/bh90210/soul/peer/sharedfileistresponse.go:113.32,115.4 1 0
github.com/bh90210/soul/peer/sharedfileistresponse.go:117.3,118.17 2 0
github.com/bh90210/soul/peer/sharedfileistresponse.go:118.17,120.4 1 0
github.com/bh90210/soul/peer/sharedfileistresponse.go:122.3,122.40 1 0
github.com/bh90210/soul/peer/sharedfileistresponse.go:122.40,123.23 1 0
github.com/bh90210/soul/peer/sharedfileistresponse.go:123.23,125.5 1 0
github.com/bh90210/soul/peer/sharedfileistresponse.go:127.4,128.18 2 0
github.com/bh90210/soul/peer/sharedfileistresponse.go:128.18,130.5 1 0
github.com/bh90210/soul/peer/sharedfileistresponse.go:132.4,133.18 2 0
github.com/bh90210/soul/peer/sharedfileistresponse.go:133.18,135.5 1 0
github.com/bh90210/soul/peer/sharedfileistresponse.go:137.4,137.22 1 0
github.com/bh90210/soul/peer/sharedfileistresponse.go:137.22,139.5 1 0
github.com/bh90210/soul/peer/sharedfileistresponse.go:141.4,142.18 2 0
github.com/bh90210/soul/peer/sharedfileistresponse.go:142.18,144.5 1 0
github.com/bh90210/soul/peer/sharedfileistresponse.go:146.4,146.28 1 0
github.com/bh90210/soul/peer/sharedfileistresponse.go:146.28,148.5 1 0
github.com/bh90210/soul/peer/sharedfileistresponse.go:150.4,151.18 2 0
github.com/bh90210/soul/peer/sharedfileistresponse.go:151.18,153.5 1 0
github.com/bh90210/soul/peer/sharedfileistresponse.go:155.4,156.18 2 0
github.com/bh90210/soul/peer/sharedfileistresponse.go:156.18,158.5 1 0
github.com/bh90210/soul/peer/sharedfileistresponse.go:160.4,160.46 1 0
github.com/bh90210/soul/peer/sharedfileistresponse.go:160.46,162.19 2 0
github.com/bh90210/soul/peer/sharedfileistresponse.go:162.19,164.6 1 0
github.com/bh90210/soul/peer/sharedfileistresponse.go:166.5,167.19 2 0
github.com/bh90210/soul/peer/sharedfileistresponse.go:167.19,169.6 1 0
github.com/bh90210/soul/peer/sharedfileistresponse.go:174.2,174.12 1 0
github.com/bh90210/soul/peer/sharedfileistresponse.go:178.70,180.16 2 0
github.com/bh90210/soul/peer/sharedfileistresponse.go:180.16,182.3 1 0
github.com/bh90210/soul/peer/sharedfileistresponse.go:184.2,185.16 2 0
github.com/bh90210/soul/peer/sharedfileistresponse.go:185.16,187.3 1 0
github.com/bh90210/soul/peer/sharedfileistresponse.go:189.2,189.48 1 0
github.com/bh90210/soul/peer/sharedfileistresponse.go:189.48,192.3 1 0
github.com/bh90210/soul/peer/sharedfileistresponse.go:194.2,195.16 2 0
github.com/bh90210/soul/peer/sharedfileistresponse.go:195.16,197.3 1 0
github.com/bh90210/soul/peer/sharedfileistresponse.go:199.2,202.16 3 0
github.com/bh90210/soul/peer/sharedfileistresponse.go:202.16,204.3 1 0
github.com/bh90210/soul/peer/sharedfileistresponse.go:206.2,207.16 2 0
github.com/bh90210/soul/peer/sharedfileistresponse.go:207.16,209.3 1 0
github.com/bh90210/soul/peer/sharedfileistresponse.go:211.2,212.16 2 0
github.com/bh90210/soul/peer/sharedfileistresponse.go:212.16,214.3 1 0
github.com/bh90210/soul/peer/sharedfileistresponse.go:216.2,217.16 2 0
github.com/bh90210/soul/peer/sharedfileistresponse.go:217.16,219.3 1 0
github.com/bh90210/soul/peer/sharedfileistresponse.go:221.2,222.16 2 0
github.com/bh90210/soul/peer/sharedfileistresponse.go:222.16,224.3 1 0
github.com/bh90210/soul/peer/sharedfileistresponse.go:226.2,226.12 1 0
github.com/bh90210/soul/peer/sharedfileistresponse.go:229.126,230.48 1 0
github.com/bh90210/soul/peer/sharedfileistresponse.go:230.48,235.17 4 0
github.com/bh90210/soul/peer/sharedfileistresponse.go:235.17,237.4 1 0
github.com/bh90210/soul/peer/sharedfileistresponse.go:239.3,240.17 2 0
github.com/bh90210/soul/peer/sharedfileistresponse.go:240.17,242.4 1 0
github.com/bh90210/soul/peer/sharedfileistresponse.go:244.3,244.35 1 0
github.com/bh90210/soul/peer/sharedfileistresponse.go:244.35,248.18 3 0
github.com/bh90210/soul/peer/sharedfileistresponse.go:248.18,250.5 1 0
github.com/bh90210/soul/peer/sharedfileistresponse.go:252.4,253.18 2 0
github.com/bh90210/soul/peer/sharedfileistresponse.go:253.18,255.5 1 0
github.com/bh90210/soul/peer/sharedfileistresponse.go:257.4,258.18 2 0
github.com/bh90210/soul/peer/sharedfileistresponse.go:258.18,260.5 1 0
github.com/bh90210/soul/peer/sharedfileistresponse.go:262.4,263.18 2 0
github.com/bh90210/soul/peer/sharedfileistresponse.go:263.18,265.5 1 0
github.com/bh90210/soul/peer/sharedfileistresponse.go:267.4,268.45 2 0
github.com/bh90210/soul/peer/sharedfileistresponse.go:268.45,270.5 1 0
github.com/bh90210/soul/peer/sharedfileistresponse.go:272.4,272.41 1 0
github.com/bh90210/soul/peer/sharedfileistresponse.go:272.41,276.19 3 0
github.com/bh90210/soul/peer/sharedfileistresponse.go:276.19,278.6 1 0
github.com/bh90210/soul/peer/sharedfileistresponse.go:280.5,283.46 3 0
github.com/bh90210/soul/peer/sharedfileistresponse.go:283.46,285.6 1 0
github.com/bh90210/soul/peer/sharedfileistresponse.go:287.5,287.43 1 0
github.com/bh90210/soul/peer/sharedfileistresponse.go:290.4,290.48 1 0
github.com/bh90210/soul/peer/sharedfileistresponse.go:293.3,293.47 1 0
github.com/bh90210/soul/peer/sharedfileistresponse.go:296.2,296.25 1 0
github.com/bh90210/soul/peer/sharedfilelistrequest.go:15.58,18.16 3 0
github.com/bh90210/soul/peer/sharedfilelistrequest.go:18.16,20.3 1 0
github.com/bh90210/soul/peer/sharedfilelistrequest.go:22.2,22.35 1 0
github.com/bh90210/soul/peer/sharedfilelistrequest.go:25.69,27.16 2 0
github.com/bh90210/soul/peer/sharedfilelistrequest.go:27.16,29.3 1 0
github.com/bh90210/soul/peer/sharedfilelistrequest.go:31.2,32.43 2 0
github.com/bh90210/soul/peer/sharedfilelistrequest.go:32.43,34.3 1 0
github.com/bh90210/soul/peer/sharedfilelistrequest.go:36.2,36.47 1 0
github.com/bh90210/soul/peer/sharedfilelistrequest.go:36.47,39.3 1 0
github.com/bh90210/soul/peer/sharedfilelistrequest.go:41.2,41.12 1 0
github.com/bh90210/soul/peer/transferdirection_string.go:19.44,20.70 1 0
github.com/bh90210/soul/peer/transferdirection_string.go:20.70,22.3 1 0
github.com/bh90210/soul/peer/transferdirection_string.go:23.2,23.91 1 0
github.com/bh90210/soul/peer/uploadpermission_string.go:21.43,22.68 1 0
github.com/bh90210/soul/peer/uploadpermission_string.go:22.68,24.3 1 0
github.com/bh90210/soul/peer/uploadpermission_string.go:25.2,25.88 1 0
github.com/bh90210/soul/peer/userinforequest.go:15.52,18.16 3 0
github.com/bh90210/soul/peer/userinforequest.go:18.16,20.3 1 0
github.com/bh90210/soul/peer/userinforequest.go:22.2,22.35 1 0
github.com/bh90210/soul/peer/userinforequest.go:25.63,27.16 2 0
github.com/bh90210/soul/peer/userinforequest.go:27.16,29.3 1 0
github.com/bh90210/soul/peer/userinforequest.go:31.2,32.43 2 0
github.com/bh90210/soul/peer/userinforequest.go:32.43,34.3 1 0
github.com/bh90210/soul/peer/userinforequest.go:36.2,36.41 1 0
github.com/bh90210/soul/peer/userinforequest.go:36.41,39.3 1 0
github.com/bh90210/soul/peer/userinforequest.go:41.2,41.12 1 0
github.com/bh90210/soul/soul.go:44.23,46.2 1 10
github.com/bh90210/soul/cmd/simple-client/main.go:14.13,39.16 8 0
github.com/bh90210/soul/cmd/simple-client/main.go:39.16,41.3 1 0
github.com/bh90210/soul/cmd/simple-client/main.go:43.2,46.12 2 0
github.com/bh90210/soul/cmd/simple-client/main.go:46.12,47.7 1 0
github.com/bh90210/soul/cmd/simple-client/main.go:47.7,49.18 2 0
github.com/bh90210/soul/cmd/simple-client/main.go:49.18,51.5 1 0
github.com/bh90210/soul/cmd/simple-client/main.go:56.2,57.16 2 0
github.com/bh90210/soul/cmd/simple-client/main.go:57.16,59.3 1 0
github.com/bh90210/soul/cmd/simple-client/main.go:61.2,71.16 6 0
github.com/bh90210/soul/cmd/simple-client/main.go:71.16,73.3 1 0
github.com/bh90210/soul/cmd/simple-client/main.go:75.2,75.12 1 0
github.com/bh90210/soul/cmd/simple-client/main.go:75.12,76.7 1 0
github.com/bh90210/soul/cmd/simple-client/main.go:76.7,80.4 3 0
github.com/bh90210/soul/cmd/simple-client/main.go:83.2,83.9 1 0
github.com/bh90210/soul/distributed/branchlevel.go:22.65,25.16 3 0
github.com/bh90210/soul/distributed/branchlevel.go:25.16,27.3 1 0
github.com/bh90210/soul/distributed/branchlevel.go:29.2,30.16 2 0
github.com/bh90210/soul/distributed/branchlevel.go:30.16,32.3 1 0
github.com/bh90210/soul/distributed/branchlevel.go:34.2,34.35 1 0
github.com/bh90210/soul/distributed/branchlevel.go:38.59,40.16 2 0
github.com/bh90210/soul/distributed/branchlevel.go:40.16,42.3 1 0
github.com/bh90210/soul/distributed/branchlevel.go:44.2,45.16 2 0
github.com/bh90210/soul/distributed/branchlevel.go:45.16,47.3 1 0
github.com/bh90210/soul/distributed/branchlevel.go:49.2,49.36 1 0
github.com/bh90210/soul/distributed/branchlevel.go:49.36,52.3 1 0
github.com/bh90210/soul/distributed/branchlevel.go:54.2,55.16 2 0
github.com/bh90210/soul/distributed/branchlevel.go:55.16,57.3 1 0
github.com/bh90210/soul/distributed/branchlevel.go:59.2,59.12 1 0
github.com/bh90210/soul/distributed/branchroot.go:21.58,24.16 3 0
github.com/bh90210/soul/distributed/branchroot.go:24.16,26.3 1 0
github.com/bh90210/soul/distributed/branchroot.go:28.2,29.16 2 0
github.com/bh90210/soul/distributed/branchroot.go:29.16,31.3 1 0
github.com/bh90210/soul/distributed/branchroot.go:33.2,33.35 1 0
github.com/bh90210/soul/distributed/branchroot.go:37.58,39.16 2 0
github.com/bh90210/soul/distributed/branchroot.go:39.16,41.3 1 0
github.com/bh90210/soul/distributed/branchroot.go:43.2,44.16 2 0
github.com/bh90210/soul/distributed/branchroot.go:44.16,46.3 1 0
github.com/bh90210/soul/distributed/branchroot.go:48.2,48.35 1 0
github.com/bh90210/soul/distributed/branchroot.go:48.35,51.3 1 0
github.com/bh90210/soul/distributed/branchroot.go:53.2,54.16 2 0
github.com/bh90210/soul/distributed/branchroot.go:54.16,56.3 1 0
github.com/bh90210/soul/distributed/branchroot.go:58.2,58.12 1 0
github.com/bh90210/soul/distributed/code_string.go:26.31,27.9 1 0
github.com/bh90210/soul/distributed/code_string.go:28.24,30.59 2 0
github.com/bh90210/soul/distributed/code_string.go:31.15,32.22 1 0
github.com/bh90210/soul/distributed/code_string.go:33.10,34.57 1 0
github.com/bh90210/soul/distributed/distributed.go:32.85,34.2 1 0
github.com/bh90210/soul/distributed/distributed.go:39.69,41.2 1 0
github.com/bh90210/soul/distributed/embeddedmessage.go:22.93,25.16 3 0
github.com/bh90210/soul/distributed/embeddedmessage.go:25.16,27.3 1 0
github.com/bh90210/soul/distributed/embeddedmessage.go:29.2,30.16 2 0
github.com/bh90210/soul/distributed/embeddedmessage.go:30.16,32.3 1 0
github.com/bh90210/soul/distributed/embeddedmessage.go:34.2,35.16 2 0
github.com/bh90210/soul/distributed/embeddedmessage.go:35.16,37.3 1 0
github.com/bh90210/soul/distributed/embeddedmessage.go:39.2,39.35 1 0
github.com/bh90210/soul/distributed/embeddedmessage.go:43.63,45.16 2 0
github.com/bh90210/soul/distributed/embeddedmessage.go:45.16,47.3 1 0
github.com/bh90210/soul/distributed/embeddedmessage.go:49.2,50.16 2 0
github.com/bh90210/soul/distributed/embeddedmessage.go:50.16,52.3 1 0
github.com/bh90210/soul/distributed/embeddedmessage.go:54.2,54.40 1 0
github.com/bh90210/soul/distributed/embeddedmessage.go:54.40,57.3 1 0
github.com/bh90210/soul/distributed/embeddedmessage.go:59.2,60.16 2 0
github.com/bh90210/soul/distributed/embeddedmessage.go:60.16,62.3 1 0
github.com/bh90210/soul/distributed/embeddedmessage.go:64.2,67.16 3 0
github.com/bh90210/soul/distributed/embeddedmessage.go:67.16,69.3 1 0
github.com/bh90210/soul/distributed/embeddedmessage.go:71.2,71.12 1 0
github.com/bh90210/soul/distributed/search.go:22.83,25.16 3 0
github.com/bh90210/soul/distributed/search.go:25.16,27.3 1 0
github.com/bh90210/soul/distributed/search.go:29.2,30.16 2 0
github.com/bh90210/soul/distributed/search.go:30.16,32.3 1 0
github.com/bh90210/soul/distributed/search.go:34.2,35.16 2 0
github.com/bh90210/soul/distributed/search.go:35.16,37.3 1 0
github.com/bh90210/soul/distributed/search.go:39.2,40.16 2 0
github.com/bh90210/soul/distributed/search.go:40.16,42.3 1 0
github.com/bh90210/soul/distributed/search.go:44.2,45.16 2 0
github.com/bh90210/soul/distributed/search.go:45.16,47.3 1 0
github.com/bh90210/soul/distributed/search.go:49.2,49.35 1 0
github.com/bh90210/soul/distributed/search.go:53.54,55.16 2 0
github.com/bh90210/soul/distributed/search.go:55.16,57.3 1 0
github.com/bh90210/soul/distributed/search.go:59.2,60.16 2 0
github.com/bh90210/soul/distributed/search.go:60.16,62.3 1 0
github.com/bh90210/soul/distributed/search.go:64.2,64.31 1 0
github.com/bh90210/soul/distributed/search.go:64.31,67.3 1 0
github.com/bh90210/soul/distributed/search.go:69.2,70.16 2 0
github.com/bh90210/soul/distributed/search.go:70.16,72.3 1 0
github.com/bh90210/soul/distributed/search.go:74.2,75.16 2 0
github.com/bh90210/soul/distributed/search.go:75.16,77.3 1 0
github.com/bh90210/soul/distributed/search.go:79.2,80.16 2 0
github.com/bh90210/soul/distributed/search.go:80.16,82.3 1 0
github.com/bh90210/soul/distributed/search.go:84.2,85.16 2 0
github.com/bh90210/soul/distributed/search.go:85.16,87.3 1 0
github.com/bh90210/soul/distributed/search.go:89.2,89.12 1 0
github.com/bh90210/soul/file/offset.go:19.56,22.16 3 10
github.com/bh90210/soul/file/offset.go:22.16,24.3 1 0
github.com/bh90210/soul/file/offset.go:26.2,26.25 1 10
github.com/bh90210/soul/file/offset.go:31.60,34.2 2 10
github.com/bh90210/soul/file/transferinit.go:18.65,22.16 3 10
github.com/bh90210/soul/file/transferinit.go:22.16,24.3 1 0
github.com/bh90210/soul/file/transferinit.go:26.2,26.25 1 10
github.com/bh90210/soul/file/transferinit.go:30.66,33.2 2 10
github.com/bh90210/soul/flow/client.go:24.37,26.16 2 0
github.com/bh90210/soul/flow/client.go:26.16,28.3 1 0
github.com/bh90210/soul/flow/client.go:30.2,33.8 3 0
github.com/bh90210/soul/flow/client.go:36.26,38.2 1 0
github.com/bh90210/soul/flow/client.go:40.57,42.16 2 0
github.com/bh90210/soul/flow/client.go:42.16,44.3 1 0
github.com/bh90210/soul/flow/client.go:46.2,52.18 5 0
github.com/bh90210/soul/flow/client.go:55.53,57.2 1 0
github.com/bh90210/soul/flow/client.go:59.31,61.6 2 0
github.com/bh90210/soul/flow/client.go:61.6,63.17 2 0
github.com/bh90210/soul/flow/client.go:63.17,65.4 1 0
github.com/bh90210/soul/flow/client.go:67.3,68.17 2 0
github.com/bh90210/soul/flow/client.go:68.17,70.4 1 0
github.com/bh90210/soul/flow/client.go:72.3,72.30 1 0
github.com/bh90210/soul/flow/login.go:25.49,27.16 2 0
github.com/bh90210/soul/flow/login.go:27.16,29.3 1 0
github.com/bh90210/soul/flow/login.go:31.2,34.43 3 0
github.com/bh90210/soul/flow/login.go:34.43,36.3 1 0
github.com/bh90210/soul/flow/login.go:38.2,39.16 2 0
github.com/bh90210/soul/flow/login.go:39.16,41.3 1 0
github.com/bh90210/soul/flow/login.go:43.2,44.43 2 0
github.com/bh90210/soul/flow/login.go:44.43,46.3 1 0
github.com/bh90210/soul/flow/login.go:48.2,48.15 1 0
github.com/bh90210/soul/flow/login.go:51.47,54.16 3 0
github.com/bh90210/soul/flow/login.go:54.16,56.3 1 0
github.com/bh90210/soul/flow/login.go:58.2,59.16 2 0
github.com/bh90210/soul/flow/login.go:59.16,61.3 1 0
github.com/bh90210/soul/flow/login.go:63.2,63.12 1 0
github.com/bh90210/soul/flow/login.go:66.69,67.6 1 0
github.com/bh90210/soul/flow/login.go:67.6,69.41 2 0
github.com/bh90210/soul/flow/login.go:69.41,70.18 1 0
github.com/bh90210/soul/flow/login.go:70.18,73.46 3 0
github.com/bh90210/soul/flow/login.go:73.46,76.6 2 0
github.com/bh90210/soul/flow/login.go:78.5,82.11 4 0
github.com/bh90210/soul/flow/login.go:85.3,87.36 2 0
github.com/bh90210/soul/flow/login.go:91.50,94.16 3 0
github.com/bh90210/soul/flow/login.go:94.16,96.3 1 0
github.com/bh90210/soul/flow/login.go:98.2,99.16 2 0
github.com/bh90210/soul/flow/login.go:99.16,101.3 1 0
github.com/bh90210/soul/flow/login.go:103.2,107.16 4 0
github.com/bh90210/soul/flow/login.go:107.16,109.3 1 0
github.com/bh90210/soul/flow/login.go:111.2,112.16 2 0
github.com/bh90210/soul/flow/login.go:112.16,114.3 1 0
github.com/bh90210/soul/flow/login.go:116.2,120.16 4 0
github.com/bh90210/soul/flow/login.go:120.16,122.3 1 0
github.com/bh90210/soul/flow/login.go:124.2,125.16 2 0
github.com/bh90210/soul/flow/login.go:125.16,127.3 1 0
github.com/bh90210/soul/flow/login.go:129.2,133.16 4 0
github.com/bh90210/soul/flow/login.go:133.16,135.3 1 0
github.com/bh90210/soul/flow/login.go:137.2,138.16 2 0
github.com/bh90210/soul/flow/login.go:138.16,140.3 1 0
github.com/bh90210/soul/flow/login.go:142.2,146.16 4 0
github.com/bh90210/soul/flow/login.go:146.16,148.3 1 0
github.com/bh90210/soul/flow/login.go:150.2,151.16 2 0
github.com/bh90210/soul/flow/login.go:151.16,153.3 1 0
github.com/bh90210/soul/flow/login.go:155.2,159.16 4 0
github.com/bh90210/soul/flow/login.go:159.16,161.3 1 0
github.com/bh90210/soul/flow/login.go:163.2,164.16 2 0
github.com/bh90210/soul/flow/login.go:164.16,166.3 1 0
github.com/bh90210/soul/flow/login.go:168.2,172.16 4 0
github.com/bh90210/soul/flow/login.go:172.16,174.3 1 0
github.com/bh90210/soul/flow/login.go:176.2,177.16 2 0
github.com/bh90210/soul/flow/login.go:177.16,179.3 1 0
github.com/bh90210/soul/flow/login.go:181.2,185.16 4 0
github.com/bh90210/soul/flow/login.go:185.16,187.3 1 0
github.com/bh90210/soul/flow/login.go:189.2,190.16 2 0
github.com/bh90210/soul/flow/login.go:190.16,192.3 1 0
github.com/bh90210/soul/flow/login.go:194.2,198.16 4 0
github.com/bh90210/soul/flow/login.go:198.16,200.3 1 0
github.com/bh90210/soul/flow/login.go:202.2,203.16 2 0
github.com/bh90210/soul/flow/login.go:203.16,205.3 1 0
github.com/bh90210/soul/flow/login.go:207.2,207.12 1 0
github.com/bh90210/soul/flow/login.go:210.72,224.6 3 0
github.com/bh90210/soul/flow/login.go:224.6,225.44 1 0
github.com/bh90210/soul/flow/login.go:225.44,227.4 1 0
github.com/bh90210/soul/flow/login.go:230.3,231.37 2 0
github.com/bh90210/soul/flow/login.go:231.37,232.10 1 0
github.com/bh90210/soul/flow/login.go:232.10,234.5 1 0
github.com/bh90210/soul/flow/login.go:236.3,236.39 1 0
github.com/bh90210/soul/flow/login.go:236.39,238.4 1 0
github.com/bh90210/soul/flow/login.go:243.3,243.36 1 0
github.com/bh90210/soul/flow/login.go:243.36,249.54 1 0
github.com/bh90210/soul/flow/login.go:249.54,250.52 1 0
github.com/bh90210/soul/flow/login.go:250.52,252.14 2 0
github.com/bh90210/soul/flow/login.go:255.5,255.46 1 0
github.com/bh90210/soul/flow/login.go:255.46,257.14 2 0
github.com/bh90210/soul/flow/login.go:262.3,262.36 1 0
github.com/bh90210/soul/flow/login.go:262.36,263.34 1 0
github.com/bh90210/soul/flow/login.go:263.34,265.31 2 0
github.com/bh90210/soul/flow/login.go:265.31,266.21 1 0
github.com/bh90210/soul/flow/login.go:266.21,267.19 1 0
github.com/bh90210/soul/flow/login.go:268.32,271.49 3 0
github.com/bh90210/soul/flow/login.go:271.49,274.9 2 0
github.com/bh90210/soul/flow/login.go:276.8,276.80 1 0
github.com/bh90210/soul/flow/login.go:278.38,281.49 3 0
github.com/bh90210/soul/flow/login.go:281.49,284.9 2 0
github.com/bh90210/soul/flow/login.go:286.8,286.84 1 0
github.com/bh90210/soul/flow/login.go:288.40,291.49 3 0
github.com/bh90210/soul/flow/login.go:291.49,294.9 2 0
github.com/bh90210/soul/flow/login.go:296.8,296.88 1 0
github.com/bh90210/soul/flow/login.go:298.40,301.49 3 0
github.com/bh90210/soul/flow/login.go:301.49,304.9 2 0
github.com/bh90210/soul/flow/login.go:306.8,306.89 1 0
github.com/bh90210/soul/flow/login.go:308.39,311.49 3 0
github.com/bh90210/soul/flow/login.go:311.49,314.9 2 0
github.com/bh90210/soul/flow/login.go:316.8,316.87 1 0
github.com/bh90210/soul/flow/login.go:318.45,321.49 3 0
github.com/bh90210/soul/flow/login.go:321.49,324.9 2 0
github.com/bh90210/soul/flow/login.go:326.8,326.97 1 0
github.com/bh90210/soul/flow/login.go:328.39,331.49 3 0
github.com/bh90210/soul/flow/login.go:331.49,334.9 2 0
github.com/bh90210/soul/flow/login.go:336.8,336.88 1 0
github.com/bh90210/soul/flow/login.go:338.33,341.49 3 0
github.com/bh90210/soul/flow/login.go:341.49,344.9 2 0
github.com/bh90210/soul/flow/login.go:346.8,346.121 1 0
github.com/bh90210/soul/flow/login.go:349.7,350.34 2 0
github.com/bh90210/soul/flow/login.go:353.5,353.18 1 0
github.com/bh90210/soul/flow/login.go:357.3,357.37 1 0
github.com/bh90210/soul/flow/search.go:18.69,21.16 3 0
github.com/bh90210/soul/flow/search.go:21.16,23.3 1 0
github.com/bh90210/soul/flow/search.go:25.2,26.16 2 0
github.com/bh90210/soul/flow/search.go:26.16,28.3 1 0
github.com/bh90210/soul/flow/search.go:30.2,32.6 2 0
github.com/bh90210/soul/flow/search.go:32.6,34.46 2 0
github.com/bh90210/soul/flow/search.go:34.46,35.18 1 0
github.com/bh90210/soul/flow/search.go:35.18,37.46 2 0
github.com/bh90210/soul/flow/search.go:37.46,40.6 2 0
github.com/bh90210/soul/flow/search.go:42.5,49.7 3 0
github.com/bh90210/soul/flow/search.go:52.3,54.37 2 0
github.com/bh90210/soul/flow/search.go:58.69,66.29 4 0
github.com/bh90210/soul/flow/search.go:66.29,68.3 1 0
github.com/bh90210/soul/flow/search.go:70.2,70.22 1 0
github.com/bh90210/soul/internal/internal.go:24.79,35.16 4 0
github.com/bh90210/soul/internal/internal.go:35.16,37.3 1 0
github.com/bh90210/soul/internal/internal.go:40.2,42.23 3 0
github.com/bh90210/soul/internal/internal.go:43.47,45.17 2 0
github.com/bh90210/soul/internal/internal.go:45.17,47.4 1 0
github.com/bh90210/soul/internal/internal.go:49.3,51.18 2 0
github.com/bh90210/soul/internal/internal.go:53.38,55.17 2 0
github.com/bh90210/soul/internal/internal.go:55.17,57.4 1 0
github.com/bh90210/soul/internal/internal.go:59.3,61.18 2 0
github.com/bh90210/soul/internal/internal.go:68.2,69.16 2 0
github.com/bh90210/soul/internal/internal.go:69.16,71.3 1 0
github.com/bh90210/soul/internal/internal.go:75.2,77.22 2 0
github.com/bh90210/soul/internal/internal.go:77.22,79.3 1 0
github.com/bh90210/soul/internal/internal.go:81.2,81.38 1 0
github.com/bh90210/soul/internal/internal.go:86.69,88.16 2 0
github.com/bh90210/soul/internal/internal.go:88.16,90.3 1 0
github.com/bh90210/soul/internal/internal.go:92.2,92.15 1 0
github.com/bh90210/soul/internal/internal.go:97.40,100.16 3 0
github.com/bh90210/soul/internal/internal.go:100.16,102.3 1 0
github.com/bh90210/soul/internal/internal.go:104.2,105.16 2 0
github.com/bh90210/soul/internal/internal.go:105.16,107.3 1 0
github.com/bh90210/soul/internal/internal.go:109.2,109.25 1 0
github.com/bh90210/soul/internal/internal.go:113.46,116.43 3 0
github.com/bh90210/soul/internal/internal.go:116.43,118.3 1 0
github.com/bh90210/soul/internal/internal.go:120.2,120.17 1 0
github.com/bh90210/soul/internal/internal.go:124.49,126.2 1 0
github.com/bh90210/soul/internal/internal.go:129.46,132.43 3 0
github.com/bh90210/soul/internal/internal.go:132.43,134.3 1 0
github.com/bh90210/soul/internal/internal.go:136.2,136.17 1 0
github.com/bh90210/soul/internal/internal.go:140.49,142.2 1 0
github.com/bh90210/soul/internal/internal.go:145.49,147.43 2 0
github.com/bh90210/soul/internal/internal.go:147.43,149.3 1 0
github.com/bh90210/soul/internal/internal.go:151.2,151.22 1 0
github.com/bh90210/soul/internal/internal.go:155.48,158.43 3 10
github.com/bh90210/soul/internal/internal.go:158.43,160.3 1 0
github.com/bh90210/soul/internal/internal.go:162.2,162.17 1 10
github.com/bh90210/soul/internal/internal.go:166.51,168.2 1 10
github.com/bh90210/soul/internal/internal.go:171.50,173.43 2 0
github.com/bh90210/soul/internal/internal.go:173.43,175.3 1 0
github.com/bh90210/soul/internal/internal.go:177.2,177.20 1 0
github.com/bh90210/soul/internal/internal.go:181.59,183.43 2 10
github.com/bh90210/soul/internal/internal.go:183.43,185.3 1 0
github.com/bh90210/soul/internal/internal.go:187.2,187.27 1 10
github.com/bh90210/soul/internal/internal.go:191.51,194.43 3 10
github.com/bh90210/soul/internal/internal.go:194.43,196.3 1 0
github.com/bh90210/soul/internal/internal.go:198.2,198.17 1 10
github.com/bh90210/soul/internal/internal.go:202.51,204.2 1 10
github.com/bh90210/soul/internal/internal.go:207.50,209.43 2 0
github.com/bh90210/soul/internal/internal.go:209.43,211.3 1 0
github.com/bh90210/soul/internal/internal.go:213.2,213.22 1 0
github.com/bh90210/soul/internal/internal.go:217.44,220.16 3 0
github.com/bh90210/soul/internal/internal.go:220.16,222.3 1 0
github.com/bh90210/soul/internal/internal.go:224.2,224.26 1 0
github.com/bh90210/soul/internal/internal.go:228.51,230.16 2 0
github.com/bh90210/soul/internal/internal.go:230.16,232.3 1 0
github.com/bh90210/soul/internal/internal.go:234.2,236.43 3 0
github.com/bh90210/soul/internal/internal.go:236.43,238.3 1 0
github.com/bh90210/soul/internal/internal.go:240.2,240.25 1 0
github.com/bh90210/soul/internal/internal.go:244.51,246.16 2 0
github.com/bh90210/soul/internal/internal.go:246.16,248.3 1 0
github.com/bh90210/soul/internal/internal.go:250.2,251.16 2 0
github.com/bh90210/soul/internal/internal.go:251.16,253.3 1 0
github.com/bh90210/soul/internal/internal.go:255.2,255.12 1 0
github.com/bh90210/soul/internal/internal.go:259.47,263.43 3 0
github.com/bh90210/soul/internal/internal.go:263.43,265.3 1 0
github.com/bh90210/soul/internal/internal.go:267.2,267.22 1 0
github.com/bh90210/soul/internal/internal.go:271.47,273.9 2 0
github.com/bh90210/soul/internal/internal.go:273.9,275.3 1 0
github.com/bh90210/soul/internal/internal.go:277.2,277.50 1 0
github.com/bh90210/soul/internal/internal.go:281.58,283.16 2 0
github.com/bh90210/soul/internal/internal.go:283.16,285.3 1 0
github.com/bh90210/soul/internal/internal.go:287.2,289.43 3 0
github.com/bh90210/soul/internal/internal.go:289.43,291.3 1 0
github.com/bh90210/soul/internal/internal.go:293.2,293.17 1 0
github.com/bh90210/soul/internal/internal.go:297.54,299.16 2 0
github.com/bh90210/soul/internal/internal.go:299.16,301.3 1 0
github.com/bh90210/soul/internal/internal.go:303.2,304.16 2 0
github.com/bh90210/soul/internal/internal.go:304.16,306.3 1 0
github.com/bh90210/soul/internal/internal.go:308.2,308.12 1 0
github.com/bh90210/soul/internal/internal.go:312.32,317.2 3 0
github.com/bh90210/soul/peer/code_string.go:19.31,21.44 2 0
github.com/bh90210/soul/peer/code_string.go:21.44,23.3 1 0
github.com/bh90210/soul/peer/code_string.go:24.2,24.52 1 0
github.com/bh90210/soul/peer/codeinit_string.go:19.35,20.52 1 0
github.com/bh90210/soul/peer/codeinit_string.go:20.52,22.3 1 0
github.com/bh90210/soul/peer/codeinit_string.go:23.2,23.64 1 0
github.com/bh90210/soul/peer/fileattributetype_string.go:28.44,29.9 1 0
github.com/bh90210/soul/peer/fileattributetype_string.go:30.24,31.98 1 0
github.com/bh90210/soul/peer/fileattributetype_string.go:32.24,34.98 2 0
github.com/bh90210/soul/peer/fileattributetype_string.go:35.10,36.70 1 0
github.com/bh90210/soul/peer/filesearchresponse.go:28.79,31.16 3 0
github.com/bh90210/soul/peer/filesearchresponse.go:31.16,33.3 1 0
github.com/bh90210/soul/peer/filesearchresponse.go:35.2,40.16 4 0
github.com/bh90210/soul/peer/filesearchresponse.go:40.16,42.3 1 0
github.com/bh90210/soul/peer/filesearchresponse.go:44.2,45.16 2 0
github.com/bh90210/soul/peer/filesearchresponse.go:45.16,47.3 1 0
github.com/bh90210/soul/peer/filesearchresponse.go:49.2,50.16 2 0
github.com/bh90210/soul/peer/filesearchresponse.go:50.16,52.3 1 0
github.com/bh90210/soul/peer/filesearchresponse.go:54.2,55.16 2 0
github.com/bh90210/soul/peer/filesearchresponse.go:55.16,57.3 1 0
github.com/bh90210/soul/peer/filesearchresponse.go:59.2,60.16 2 0
github.com/bh90210/soul/peer/filesearchresponse.go:60.16,62.3 1 0
github.com/bh90210/soul/peer/filesearchresponse.go:64.2,65.16 2 0
github.com/bh90210/soul/peer/filesearchresponse.go:65.16,67.3 1 0
github.com/bh90210/soul/peer/filesearchresponse.go:69.2,70.16 2 0
github.com/bh90210/soul/peer/filesearchresponse.go:70.16,72.3 1 0
github.com/bh90210/soul/peer/filesearchresponse.go:74.2,75.16 2 0
github.com/bh90210/soul/peer/filesearchresponse.go:75.16,77.3 1 0
github.com/bh90210/soul/peer/filesearchresponse.go:79.2,80.16 2 0
github.com/bh90210/soul/peer/filesearchresponse.go:80.16,82.3 1 0
github.com/bh90210/soul/peer/filesearchresponse.go:84.2,85.16 2 0
github.com/bh90210/soul/peer/filesearchresponse.go:85.16,87.3 1 0
github.com/bh90210/soul/peer/filesearchresponse.go:89.2,89.35 1 0
github.com/bh90210/soul/peer/filesearchresponse.go:92.75,94.16 2 0
github.com/bh90210/soul/peer/filesearchresponse.go:94.16,96.3 1 0
github.com/bh90210/soul/peer/filesearchresponse.go:98.2,98.29 1 0
github.com/bh90210/soul/peer/filesearchresponse.go:98.29,100.17 2 0
github.com/bh90210/soul/peer/filesearchresponse.go:100.17,102.4 1 0
github.com/bh90210/soul/peer/filesearchresponse.go:104.3,104.22 1 0
github.com/bh90210/soul/peer/filesearchresponse.go:104.22,106.4 1 0
github.com/bh90210/soul/peer/filesearchresponse.go:108.3,109.17 2 0
github.com/bh90210/soul/peer/filesearchresponse.go:109.17,111.4 1 0
github.com/bh90210/soul/peer/filesearchresponse.go:113.3,113.21 1 0
github.com/bh90210/soul/peer/filesearchresponse.go:113.21,115.4 1 0
github.com/bh90210/soul/peer/filesearchresponse.go:117.3,118.17 2 0
github.com/bh90210/soul/peer/filesearchresponse.go:118.17,120.4 1 0
github.com/bh90210/soul/peer/filesearchresponse.go:122.3,122.27 1 0
github.com/bh90210/soul/peer/filesearchresponse.go:122.27,124.4 1 0
github.com/bh90210/soul/peer/filesearchresponse.go:126.3,127.17 2 0
github.com/bh90210/soul/peer/filesearchresponse.go:127.17,129.4 1 0
github.com/bh90210/soul/peer/filesearchresponse.go:131.3,132.17 2 0
github.com/bh90210/soul/peer/filesearchresponse.go:132.17,134.4 1 0
github.com/bh90210/soul/peer/filesearchresponse.go:136.3,136.45 1 0
github.com/bh90210/soul/peer/filesearchresponse.go:136.45,138.18 2 0
github.com/bh90210/soul/peer/filesearchresponse.go:138.18,140.5 1 0
github.com/bh90210/soul/peer/filesearchresponse.go:142.4,143.18 2 0
github.com/bh90210/soul/peer/filesearchresponse.go:143.18,145.5 1 0
github.com/bh90210/soul/peer/filesearchresponse.go:149.2,149.12 1 0
github.com/bh90210/soul/peer/filesearchresponse.go:152.66,154.16 2 0
github.com/bh90210/soul/peer/filesearchresponse.go:154.16,156.3 1 0
github.com/bh90210/soul/peer/filesearchresponse.go:158.2,159.16 2 0
github.com/bh90210/soul/peer/filesearchresponse.go:159.16,161.3 1 0
github.com/bh90210/soul/peer/filesearchresponse.go:163.2,163.44 1 0
github.com/bh90210/soul/peer/filesearchresponse.go:163.44,166.3 1 0
github.com/bh90210/soul/peer/filesearchresponse.go:168.2,169.16 2 0
github.com/bh90210/soul/peer/filesearchresponse.go:169.16,171.3 1 0
github.com/bh90210/soul/peer/filesearchresponse.go:173.2,176.16 3 0
github.com/bh90210/soul/peer/filesearchresponse.go:176.16,178.3 1 0
github.com/bh90210/soul/peer/filesearchresponse.go:180.2,181.16 2 0
github.com/bh90210/soul/peer/filesearchresponse.go:181.16,183.3 1 0
github.com/bh90210/soul/peer/filesearchresponse.go:185.2,186.16 2 0
github.com/bh90210/soul/peer/filesearchresponse.go:186.16,188.3 1 0
github.com/bh90210/soul/peer/filesearchresponse.go:190.2,191.16 2 0
github.com/bh90210/soul/peer/filesearchresponse.go:191.17,192.3 0 0
github.com/bh90210/soul/peer/filesearchresponse.go:194.2,195.16 2 0
github.com/bh90210/soul/peer/filesearchresponse.go:195.16,197.3 1 0
github.com/bh90210/soul/peer/filesearchresponse.go:199.2,200.16 2 0
github.com/bh90210/soul/peer/filesearchresponse.go:200.16,202.3 1 0
github.com/bh90210/soul/peer/filesearchresponse.go:204.2,205.16 2 0
github.com/bh90210/soul/peer/filesearchresponse.go:205.16,207.3 1 0
github.com/bh90210/soul/peer/filesearchresponse.go:209.2,210.16 2 0
github.com/bh90210/soul/peer/filesearchresponse.go:210.16,212.3 1 0
github.com/bh90210/soul/peer/filesearchresponse.go:214.2,215.16 2 0
github.com/bh90210/soul/peer/filesearchresponse.go:215.16,217.3 1 0
github.com/bh90210/soul/peer/filesearchresponse.go:219.2,220.16 2 0
github.com/bh90210/soul/peer/filesearchresponse.go:220.16,222.3 1 0
github.com/bh90210/soul/peer/filesearchresponse.go:224.2,224.12 1 0
github.com/bh90210/soul/peer/filesearchresponse.go:227.105,228.45 1 0
github.com/bh90210/soul/peer/filesearchresponse.go:228.45,232.17 3 0
github.com/bh90210/soul/peer/filesearchresponse.go:232.17,234.4 1 0
github.com/bh90210/soul/peer/filesearchresponse.go:236.3,237.17 2 0
github.com/bh90210/soul/peer/filesearchresponse.go:237.17,239.4 1 0
github.com/bh90210/soul/peer/filesearchresponse.go:241.3,242.17 2 0
github.com/bh90210/soul/peer/filesearchresponse.go:242.17,244.4 1 0
github.com/bh90210/soul/peer/filesearchresponse.go:246.3,247.17 2 0
github.com/bh90210/soul/peer/filesearchresponse.go:247.17,249.4 1 0
github.com/bh90210/soul/peer/filesearchresponse.go:251.3,253.44 3 0
github.com/bh90210/soul/peer/filesearchresponse.go:253.44,255.4 1 0
github.com/bh90210/soul/peer/filesearchresponse.go:257.3,257.43 1 0
github.com/bh90210/soul/peer/filesearchresponse.go:257.43,262.18 4 0
github.com/bh90210/soul/peer/filesearchresponse.go:262.18,264.5 1 0
github.com/bh90210/soul/peer/filesearchresponse.go:266.4,269.45 3 0
github.com/bh90210/soul/peer/filesearchresponse.go:269.45,271.5 1 0
github.com/bh90210/soul/peer/filesearchresponse.go:273.4,273.56 1 0
github.com/bh90210/soul/peer/filesearchresponse.go:276.3,276.30 1 0
github.com/bh90210/soul/peer/filesearchresponse.go:279.2,279.8 1 0
github.com/bh90210/soul/peer/peerinit.go:19.93,22.16 3 0
github.com/bh90210/soul/peer/peerinit.go:22.16,24.3 1 0
github.com/bh90210/soul/peer/peerinit.go:26.2,27.16 2 0
github.com/bh90210/soul/peer/peerinit.go:27.16,29.3 1 0
github.com/bh90210/soul/peer/peerinit.go:31.2,32.16 2 0
github.com/bh90210/soul/peer/peerinit.go:32.16,34.3 1 0
github.com/bh90210/soul/peer/peerinit.go:36.2,37.16 2 0
github.com/bh90210/soul/peer/peerinit.go:37.16,39.3 1 0
github.com/bh90210/soul/peer/peerinit.go:41.2,41.35 1 0
github.com/bh90210/soul/peer/peerinit.go:44.56,46.16 2 0
github.com/bh90210/soul/peer/peerinit.go:46.16,48.3 1 0
github.com/bh90210/soul/peer/peerinit.go:50.2,51.16 2 0
github.com/bh90210/soul/peer/peerinit.go:51.16,53.3 1 0
github.com/bh90210/soul/peer/peerinit.go:55.2,55.33 1 0
github.com/bh90210/soul/peer/peerinit.go:55.33,58.3 1 0
github.com/bh90210/soul/peer/peerinit.go:60.2,61.16 2 0
github.com/bh90210/soul/peer/peerinit.go:61.16,63.3 1 0
github.com/bh90210/soul/peer/peerinit.go:65.2,66.16 2 0
github.com/bh90210/soul/peer/peerinit.go:66.16,68.3 1 0
github.com/bh90210/soul/peer/peerinit.go:70.2,73.16 3 0
github.com/bh90210/soul/peer/peerinit.go:73.16,75.3 1 0
github.com/bh90210/soul/peer/peerinit.go:77.2,77.12 1 0
github.com/bh90210/soul/peer/piercefirewall.go:18.67,21.16 3 0
github.com/bh90210/soul/peer/piercefirewall.go:21.16,23.3 1 0
github.com/bh90210/soul/peer/piercefirewall.go:25.2,26.16 2 0
github.com/bh90210/soul/peer/piercefirewall.go:26.16,28.3 1 0
github.com/bh90210/soul/peer/piercefirewall.go:30.2,30.35 1 0
github.com/bh90210/soul/peer/piercefirewall.go:33.62,35.16 2 0
github.com/bh90210/soul/peer/piercefirewall.go:35.16,37.3 1 0
github.com/bh90210/soul/peer/piercefirewall.go:39.2,40.16 2 0
github.com/bh90210/soul/peer/piercefirewall.go:40.16,42.3 1 0
github.com/bh90210/soul/peer/piercefirewall.go:44.2,44.39 1 0
github.com/bh90210/soul/peer/piercefirewall.go:44.39,47.3 1 0
github.com/bh90210/soul/peer/piercefirewall.go:49.2,50.16 2 0
github.com/bh90210/soul/peer/piercefirewall.go:50.16,52.3 1 0
github.com/bh90210/soul/peer/piercefirewall.go:54.2,54.12 1 0
github.com/bh90210/soul/peer/sharedfileistresponse.go:50.104,53.16 3 0
github.com/bh90210/soul/peer/sharedfileistresponse.go:53.16,55.3 1 0
github.com/bh90210/soul/peer/sharedfileistresponse.go:57.2,62.16 4 0
github.com/bh90210/soul/peer/sharedfileistresponse.go:62.16,64.3 1 0
github.com/bh90210/soul/peer/sharedfileistresponse.go:66.2,67.16 2 0
github.com/bh90210/soul/peer/sharedfileistresponse.go:67.16,69.3 1 0
github.com/bh90210/soul/peer/sharedfileistresponse.go:71.2,72.16 2 0
github.com/bh90210/soul/peer/sharedfileistresponse.go:72.16,74.3 1 0
github.com/bh90210/soul/peer/sharedfileistresponse.go:76.2,76.35 1 0
github.com/bh90210/soul/peer/sharedfileistresponse.go:97.90,99.16 2 0
github.com/bh90210/soul/peer/sharedfileistresponse.go:99.16,101.3 1 0
github.com/bh90210/soul/peer/sharedfileistresponse.go:103.2,103.40 1 0
github.com/bh90210/soul/peer/sharedfileistresponse.go:103.40,104.27 1 0
github.com/bh90210/soul/peer/sharedfileistresponse.go:104.27,106.4 1 0
github.com/bh90210/soul/peer/sharedfileistresponse.go:108.3,109.17 2 0
github.com/bh90210/soul/peer/sharedfileistresponse.go:109.17,111.4 1 0
github.com/bh90210/soul/peer/sharedfileistresponse.go:113.3,113.32 1 0
github.com/bh90210/soul/peer/sharedfileistresponse.go:113.32,115.4 1 0
github.com/bh90210/soul/peer/sharedfileistresponse.go:117.3,118.17 2 0
github.com/bh90210/soul/peer/sharedfileistresponse.go:118.17,120.4 1 0
github.com/bh90210/soul/peer/sharedfileistresponse.go:122.3,122.40 1 0
github.com/bh90210/soul/peer/sharedfileistresponse.go:122.40,123.23 1 0
github.com/bh90210/soul/peer/sharedfileistresponse.go:123.23,125.5 1 0
github.com/bh90210/soul/peer/sharedfileistresponse.go:127.4,128.18 2 0
github.com/bh90210/soul/peer/sharedfileistresponse.go:128.18,130.5 1 0
github.com/bh90210/soul/peer/sharedfileistresponse.go:132.4,133.18 2 0
github.com/bh90210/soul/peer/sharedfileistresponse.go:133.18,135.5 1 0
github.com/bh90210/soul/peer/sharedfileistresponse.go:137.4,137.22 1 0
github.com/bh90210/soul/peer/sharedfileistresponse.go:137.22,139.5 1 0
github.com/bh90210/soul/peer/sharedfileistresponse.go:141.4,142.18 2 0
github.com/bh90210/soul/peer/sharedfileistresponse.go:142.18,144.5 1 0
github.com/bh90210/soul/peer/sharedfileistresponse.go:146.4,146.28 1 0
github.com/bh90210/soul/peer/sharedfileistresponse.go:146.28,148.5 1 0
github.com/bh90210/soul/peer/sharedfileistresponse.go:150.4,151.18 2 0
github.com/bh90210/soul/peer/sharedfileistresponse.go:151.18,153.5 1 0
github.com/bh90210/soul/peer/sharedfileistresponse.go:155.4,156.18 2 0
github.com/bh90210/soul/peer/sharedfileistresponse.go:156.18,158.5 1 0
github.com/bh90210/soul/peer/sharedfileistresponse.go:160.4,160.46 1 0
github.com/bh90210/soul/peer/sharedfileistresponse.go:160.46,162.19 2 0
github.com/bh90210/soul/peer/sharedfileistresponse.go:162.19,164.6 1 0
github.com/bh90210/soul/peer/sharedfileistresponse.go:166.5,167.19 2 0
github.com/bh90210/soul/peer/sharedfileistresponse.go:167.19,169.6 1 0
github.com/bh90210/soul/peer/sharedfileistresponse.go:174.2,174.12 1 0
github.com/bh90210/soul/peer/sharedfileistresponse.go:178.70,180.16 2 0
github.com/bh90210/soul/peer/sharedfileistresponse.go:180.16,182.3 1 0
github.com/bh90210/soul/peer/sharedfileistresponse.go:184.2,185.16 2 0
github.com/bh90210/soul/peer/sharedfileistresponse.go:185.16,187.3 1 0
github.com/bh90210/soul/peer/sharedfileistresponse.go:189.2,189.48 1 0
github.com/bh90210/soul/peer/sharedfileistresponse.go:189.48,192.3 1 0
github.com/bh90210/soul/peer/sharedfileistresponse.go:194.2,195.16 2 0
github.com/bh90210/soul/peer/sharedfileistresponse.go:195.16,197.3 1 0
github.com/bh90210/soul/peer/sharedfileistresponse.go:199.2,202.16 3 0
github.com/bh90210/soul/peer/sharedfileistresponse.go:202.16,204.3 1 0
github.com/bh90210/soul/peer/sharedfileistresponse.go:206.2,207.16 2 0
github.com/bh90210/soul/peer/sharedfileistresponse.go:207.16,209.3 1 0
github.com/bh90210/soul/peer/sharedfileistresponse.go:211.2,212.16 2 0
github.com/bh90210/soul/peer/sharedfileistresponse.go:212.16,214.3 1 0
github.com/bh90210/soul/peer/sharedfileistresponse.go:216.2,217.16 2 0
github.com/bh90210/soul/peer/sharedfileistresponse.go:217.16,219.3 1 0
github.com/bh90210/soul/peer/sharedfileistresponse.go:221.2,222.16 2 0
github.com/bh90210/soul/peer/sharedfileistresponse.go:222.16,224.3 1 0
github.com/bh90210/soul/peer/sharedfileistresponse.go:226.2,226.12 1 0
github.com/bh90210/soul/peer/sharedfileistresponse.go:229.126,230.48 1 0
github.com/bh90210/soul/peer/sharedfileistresponse.go:230.48,235.17 4 0
github.com/bh90210/soul/peer/sharedfileistresponse.go:235.17,237.4 1 0
github.com/bh90210/soul/peer/sharedfileistresponse.go:239.3,240.17 2 0
github.com/bh90210/soul/peer/sharedfileistresponse.go:240.17,242.4 1 0
github.com/bh90210/soul/peer/sharedfileistresponse.go:244.3,244.35 1 0
github.com/bh90210/soul/peer/sharedfileistresponse.go:244.35,248.18 3 0
github.com/bh90210/soul/peer/sharedfileistresponse.go:248.18,250.5 1 0
github.com/bh90210/soul/peer/sharedfileistresponse.go:252.4,253.18 2 0
github.com/bh90210/soul/peer/sharedfileistresponse.go:253.18,255.5 1 0
github.com/bh90210/soul/peer/sharedfileistresponse.go:257.4,258.18 2 0
github.com/bh90210/soul/peer/sharedfileistresponse.go:258.18,260.5 1 0
github.com/bh90210/soul/peer/sharedfileistresponse.go:262.4,263.18 2 0
github.com/bh90210/soul/peer/sharedfileistresponse.go:263.18,265.5 1 0
github.com/bh90210/soul/peer/sharedfileistresponse.go:267.4,268.45 2 0
github.com/bh90210/soul/peer/sharedfileistresponse.go:268.45,270.5 1 0
github.com/bh90210/soul/peer/sharedfileistresponse.go:272.4,272.41 1 0
github.com/bh90210/soul/peer/sharedfileistresponse.go:272.41,276.19 3 0
github.com/bh90210/soul/peer/sharedfileistresponse.go:276.19,278.6 1 0
github.com/bh90210/soul/peer/sharedfileistresponse.go:280.5,283.46 3 0
github.com/bh90210/soul/peer/sharedfileistresponse.go:283.46,285.6 1 0
github.com/bh90210/soul/peer/sharedfileistresponse.go:287.5,287.43 1 0
github.com/bh90210/soul/peer/sharedfileistresponse.go:290.4,290.48 1 0
github.com/bh90210/soul/peer/sharedfileistresponse.go:293.3,293.47 1 0
github.com/bh90210/soul/peer/sharedfileistresponse.go:296.2,296.25 1 0
github.com/bh90210/soul/peer/sharedfilelistrequest.go:15.58,18.16 3 0
github.com/bh90210/soul/peer/sharedfilelistrequest.go:18.16,20.3 1 0
github.com/bh90210/soul/peer/sharedfilelistrequest.go:22.2,22.35 1 0
github.com/bh90210/soul/peer/sharedfilelistrequest.go:25.69,27.16 2 0
github.com/bh90210/soul/peer/sharedfilelistrequest.go:27.16,29.3 1 0
github.com/bh90210/soul/peer/sharedfilelistrequest.go:31.2,32.43 2 0
github.com/bh90210/soul/peer/sharedfilelistrequest.go:32.43,34.3 1 0
github.com/bh90210/soul/peer/sharedfilelistrequest.go:36.2,36.47 1 0
github.com/bh90210/soul/peer/sharedfilelistrequest.go:36.47,39.3 1 0
github.com/bh90210/soul/peer/sharedfilelistrequest.go:41.2,41.12 1 0
github.com/bh90210/soul/peer/transferdirection_string.go:19.44,20.70 1 0
github.com/bh90210/soul/peer/transferdirection_string.go:20.70,22.3 1 0
github.com/bh90210/soul/peer/transferdirection_string.go:23.2,23.91 1 0
github.com/bh90210/soul/peer/uploadpermission_string.go:21.43,22.68 1 0
github.com/bh90210/soul/peer/uploadpermission_string.go:22.68,24.3 1 0
github.com/bh90210/soul/peer/uploadpermission_string.go:25.2,25.88 1 0
github.com/bh90210/soul/peer/userinforequest.go:15.52,18.16 3 0
github.com/bh90210/soul/peer/userinforequest.go:18.16,20.3 1 0
github.com/bh90210/soul/peer/userinforequest.go:22.2,22.35 1 0
github.com/bh90210/soul/peer/userinforequest.go:25.63,27.16 2 0
github.com/bh90210/soul/peer/userinforequest.go:27.16,29.3 1 0
github.com/bh90210/soul/peer/userinforequest.go:31.2,32.43 2 0
github.com/bh90210/soul/peer/userinforequest.go:32.43,34.3 1 0
github.com/bh90210/soul/peer/userinforequest.go:36.2,36.41 1 0
github.com/bh90210/soul/peer/userinforequest.go:36.41,39.3 1 0
github.com/bh90210/soul/peer/userinforequest.go:41.2,41.12 1 0
github.com/bh90210/soul/server/acceptchildren.go:14.62,17.16 3 0
github.com/bh90210/soul/server/acceptchildren.go:17.16,19.3 1 0
github.com/bh90210/soul/server/acceptchildren.go:21.2,22.16 2 0
github.com/bh90210/soul/server/acceptchildren.go:22.16,24.3 1 0
github.com/bh90210/soul/server/acceptchildren.go:26.2,26.35 1 0
github.com/bh90210/soul/server/adminmessage.go:18.60,20.16 2 0
github.com/bh90210/soul/server/adminmessage.go:20.16,22.3 1 0
github.com/bh90210/soul/server/adminmessage.go:24.2,25.16 2 0
github.com/bh90210/soul/server/adminmessage.go:25.16,27.3 1 0
github.com/bh90210/soul/server/adminmessage.go:29.2,29.38 1 0
github.com/bh90210/soul/server/adminmessage.go:29.38,32.3 1 0
github.com/bh90210/soul/server/adminmessage.go:34.2,35.16 2 0
github.com/bh90210/soul/server/adminmessage.go:35.16,37.3 1 0
github.com/bh90210/soul/server/adminmessage.go:39.2,39.12 1 0
github.com/bh90210/soul/server/branchlevel.go:14.57,17.16 3 0
github.com/bh90210/soul/server/branchlevel.go:17.16,19.3 1 0
github.com/bh90210/soul/server/branchlevel.go:21.2,22.16 2 0
github.com/bh90210/soul/server/branchlevel.go:22.16,24.3 1 0
github.com/bh90210/soul/server/branchlevel.go:26.2,26.35 1 0
github.com/bh90210/soul/server/branchroot.go:14.58,17.16 3 0
github.com/bh90210/soul/server/branchroot.go:17.16,19.3 1 0
github.com/bh90210/soul/server/branchroot.go:21.2,22.16 2 0
github.com/bh90210/soul/server/branchroot.go:22.16,24.3 1 0
github.com/bh90210/soul/server/branchroot.go:26.2,26.35 1 0
github.com/bh90210/soul/server/cantconnecttopeer.go:20.87,23.16 3 0
github.com/bh90210/soul/server/cantconnecttopeer.go:23.16,25.3 1 0
github.com/bh90210/soul/server/cantconnecttopeer.go:27.2,28.16 2 0
github.com/bh90210/soul/server/cantconnecttopeer.go:28.16,30.3 1 0
github.com/bh90210/soul/server/cantconnecttopeer.go:32.2,33.16 2 0
github.com/bh90210/soul/server/cantconnecttopeer.go:33.16,35.3 1 0
github.com/bh90210/soul/server/cantconnecttopeer.go:37.2,37.35 1 0
github.com/bh90210/soul/server/cantconnecttopeer.go:40.65,42.16 2 0
github.com/bh90210/soul/server/cantconnecttopeer.go:42.16,44.3 1 0
github.com/bh90210/soul/server/cantconnecttopeer.go:46.2,47.16 2 0
github.com/bh90210/soul/server/cantconnecttopeer.go:47.16,49.3 1 0
github.com/bh90210/soul/server/cantconnecttopeer.go:51.2,51.43 1 0
github.com/bh90210/soul/server/cantconnecttopeer.go:51.43,54.3 1 0
github.com/bh90210/soul/server/cantconnecttopeer.go:56.2,57.16 2 0
github.com/bh90210/soul/server/cantconnecttopeer.go:57.16,59.3 1 0
github.com/bh90210/soul/server/cantconnecttopeer.go:61.2,62.16 2 0
github.com/bh90210/soul/server/cantconnecttopeer.go:62.16,64.3 1 0
github.com/bh90210/soul/server/cantconnecttopeer.go:66.2,66.12 1 0
github.com/bh90210/soul/server/cantcreateroom.go:18.62,20.16 2 0
github.com/bh90210/soul/server/cantcreateroom.go:20.16,22.3 1 0
github.com/bh90210/soul/server/cantcreateroom.go:24.2,25.16 2 0
github.com/bh90210/soul/server/cantcreateroom.go:25.16,27.3 1 0
github.com/bh90210/soul/server/cantcreateroom.go:29.2,29.40 1 0
github.com/bh90210/soul/server/cantcreateroom.go:29.40,32.3 1 0
github.com/bh90210/soul/server/cantcreateroom.go:34.2,35.16 2 0
github.com/bh90210/soul/server/cantcreateroom.go:35.16,37.3 1 0
github.com/bh90210/soul/server/cantcreateroom.go:39.2,39.12 1 0
github.com/bh90210/soul/server/changepassword.go:19.62,22.16 3 0
github.com/bh90210/soul/server/changepassword.go:22.16,24.3 1 0
github.com/bh90210/soul/server/changepassword.go:26.2,27.16 2 0
github.com/bh90210/soul/server/changepassword.go:27.16,29.3 1 0
github.com/bh90210/soul/server/changepassword.go:31.2,31.35 1 0
github.com/bh90210/soul/server/changepassword.go:34.62,36.16 2 0
github.com/bh90210/soul/server/changepassword.go:36.16,38.3 1 0
github.com/bh90210/soul/server/changepassword.go:40.2,41.16 2 0
github.com/bh90210/soul/server/changepassword.go:41.16,43.3 1 0
github.com/bh90210/soul/server/changepassword.go:45.2,45.40 1 0
github.com/bh90210/soul/server/changepassword.go:45.40,48.3 1 0
github.com/bh90210/soul/server/changepassword.go:50.2,51.16 2 0
github.com/bh90210/soul/server/changepassword.go:51.16,53.3 1 0
github.com/bh90210/soul/server/changepassword.go:55.2,55.12 1 0
github.com/bh90210/soul/server/checkprivileges.go:19.52,22.16 3 0
github.com/bh90210/soul/server/checkprivileges.go:22.16,24.3 1 0
github.com/bh90210/soul/server/checkprivileges.go:26.2,26.35 1 0
github.com/bh90210/soul/server/checkprivileges.go:29.63,31.16 2 0
github.com/bh90210/soul/server/checkprivileges.go:31.16,33.3 1 0
github.com/bh90210/soul/server/checkprivileges.go:35.2,36.16 2 0
github.com/bh90210/soul/server/checkprivileges.go:36.16,38.3 1 0
github.com/bh90210/soul/server/checkprivileges.go:40.2,40.41 1 0
github.com/bh90210/soul/server/checkprivileges.go:40.41,43.3 1 0
github.com/bh90210/soul/server/checkprivileges.go:45.2,46.16 2 0
github.com/bh90210/soul/server/checkprivileges.go:46.16,48.3 1 0
github.com/bh90210/soul/server/checkprivileges.go:50.2,50.12 1 0
github.com/bh90210/soul/server/code_string.go:19.31,21.44 2 0
github.com/bh90210/soul/server/code_string.go:21.44,23.3 1 0
github.com/bh90210/soul/server/code_string.go:24.2,24.52 1 0
github.com/bh90210/soul/server/connecttopeer.go:26.113,29.16 3 0
github.com/bh90210/soul/server/connecttopeer.go:29.16,31.3 1 0
github.com/bh90210/soul/server/connecttopeer.go:33.2,34.16 2 0
github.com/bh90210/soul/server/connecttopeer.go:34.16,36.3 1 0
github.com/bh90210/soul/server/connecttopeer.go:38.2,39.16 2 0
github.com/bh90210/soul/server/connecttopeer.go:39.16,41.3 1 0
github.com/bh90210/soul/server/connecttopeer.go:43.2,44.16 2 0
github.com/bh90210/soul/server/connecttopeer.go:44.16,46.3 1 0
github.com/bh90210/soul/server/connecttopeer.go:48.2,48.35 1 0
github.com/bh90210/soul/server/connecttopeer.go:51.61,53.16 2 0
github.com/bh90210/soul/server/connecttopeer.go:53.16,55.3 1 0
github.com/bh90210/soul/server/connecttopeer.go:57.2,58.16 2 0
github.com/bh90210/soul/server/connecttopeer.go:58.16,60.3 1 0
github.com/bh90210/soul/server/connecttopeer.go:62.2,62.39 1 0
github.com/bh90210/soul/server/connecttopeer.go:62.39,65.3 1 0
github.com/bh90210/soul/server/connecttopeer.go:67.2,68.16 2 0
github.com/bh90210/soul/server/connecttopeer.go:68.16,70.3 1 0
github.com/bh90210/soul/server/connecttopeer.go:72.2,75.16 3 0
github.com/bh90210/soul/server/connecttopeer.go:75.16,77.3 1 0
github.com/bh90210/soul/server/connecttopeer.go:79.2,82.16 3 0
github.com/bh90210/soul/server/connecttopeer.go:82.16,84.3 1 0
github.com/bh90210/soul/server/connecttopeer.go:86.2,89.16 3 0
github.com/bh90210/soul/server/connecttopeer.go:89.16,91.3 1 0
github.com/bh90210/soul/server/connecttopeer.go:93.2,94.16 2 0
github.com/bh90210/soul/server/connecttopeer.go:94.16,96.3 1 0
github.com/bh90210/soul/server/connecttopeer.go:98.2,99.16 2 0
github.com/bh90210/soul/server/connecttopeer.go:99.16,101.3 1 0
github.com/bh90210/soul/server/connecttopeer.go:103.2,104.16 2 0
github.com/bh90210/soul/server/connecttopeer.go:104.16,106.3 1 0
github.com/bh90210/soul/server/connecttopeer.go:108.2,109.16 2 0
github.com/bh90210/soul/server/connecttopeer.go:109.16,111.3 1 0
github.com/bh90210/soul/server/connecttopeer.go:113.2,113.12 1 0
github.com/bh90210/soul/server/excludedsearchphrases.go:19.69,21.16 2 0
github.com/bh90210/soul/server/excludedsearchphrases.go:21.16,23.3 1 0
github.com/bh90210/soul/server/excludedsearchphrases.go:25.2,26.16 2 0
github.com/bh90210/soul/server/excludedsearchphrases.go:26.16,28.3 1 0
github.com/bh90210/soul/server/excludedsearchphrases.go:30.2,30.47 1 0
github.com/bh90210/soul/server/excludedsearchphrases.go:30.47,33.3 1 0
github.com/bh90210/soul/server/excludedsearchphrases.go:35.2,36.16 2 0
github.com/bh90210/soul/server/excludedsearchphrases.go:36.16,38.3 1 0
github.com/bh90210/soul/server/excludedsearchphrases.go:40.2,40.44 1 0
github.com/bh90210/soul/server/excludedsearchphrases.go:40.44,42.44 2 0
github.com/bh90210/soul/server/excludedsearchphrases.go:42.44,44.4 1 0
github.com/bh90210/soul/server/excludedsearchphrases.go:46.3,46.40 1 0
github.com/bh90210/soul/server/excludedsearchphrases.go:49.2,49.12 1 0
github.com/bh90210/soul/server/filesearch.go:21.85,24.16 3 0
github.com/bh90210/soul/server/filesearch.go:24.16,26.3 1 0
github.com/bh90210/soul/server/filesearch.go:28.2,29.16 2 0
github.com/bh90210/soul/server/filesearch.go:29.16,31.3 1 0
github.com/bh90210/soul/server/filesearch.go:33.2,34.16 2 0
github.com/bh90210/soul/server/filesearch.go:34.16,36.3 1 0
github.com/bh90210/soul/server/filesearch.go:38.2,38.35 1 0
github.com/bh90210/soul/server/filesearch.go:41.58,43.16 2 0
github.com/bh90210/soul/server/filesearch.go:43.16,45.3 1 0
github.com/bh90210/soul/server/filesearch.go:47.2,48.16 2 0
github.com/bh90210/soul/server/filesearch.go:48.16,50.3 1 0
github.com/bh90210/soul/server/filesearch.go:52.2,52.36 1 0
github.com/bh90210/soul/server/filesearch.go:52.36,55.3 1 0
github.com/bh90210/soul/server/filesearch.go:57.2,58.16 2 0
github.com/bh90210/soul/server/filesearch.go:58.16,60.3 1 0
github.com/bh90210/soul/server/filesearch.go:62.2,63.16 2 0
github.com/bh90210/soul/server/filesearch.go:63.16,65.3 1 0
github.com/bh90210/soul/server/filesearch.go:67.2,68.16 2 0
github.com/bh90210/soul/server/filesearch.go:68.16,70.3 1 0
github.com/bh90210/soul/server/filesearch.go:72.2,72.12 1 0
github.com/bh90210/soul/server/getpeeraddress.go:26.68,29.16 3 0
github.com/bh90210/soul/server/getpeeraddress.go:29.16,31.3 1 0
github.com/bh90210/soul/server/getpeeraddress.go:33.2,34.16 2 0
github.com/bh90210/soul/server/getpeeraddress.go:34.16,36.3 1 0
github.com/bh90210/soul/server/getpeeraddress.go:38.2,38.35 1 0
github.com/bh90210/soul/server/getpeeraddress.go:41.62,43.16 2 0
github.com/bh90210/soul/server/getpeeraddress.go:43.16,45.3 1 0
github.com/bh90210/soul/server/getpeeraddress.go:47.2,48.16 2 0
github.com/bh90210/soul/server/getpeeraddress.go:48.16,50.3 1 0
github.com/bh90210/soul/server/getpeeraddress.go:52.2,52.40 1 0
github.com/bh90210/soul/server/getpeeraddress.go:52.40,55.3 1 0
github.com/bh90210/soul/server/getpeeraddress.go:57.2,58.16 2 0
github.com/bh90210/soul/server/getpeeraddress.go:58.16,60.3 1 0
github.com/bh90210/soul/server/getpeeraddress.go:62.2,63.16 2 0
github.com/bh90210/soul/server/getpeeraddress.go:63.16,65.3 1 0
github.com/bh90210/soul/server/getpeeraddress.go:67.2,70.16 3 0
github.com/bh90210/soul/server/getpeeraddress.go:70.16,72.3 1 0
github.com/bh90210/soul/server/getpeeraddress.go:74.2,75.16 2 0
github.com/bh90210/soul/server/getpeeraddress.go:75.16,77.3 1 0
github.com/bh90210/soul/server/getpeeraddress.go:79.2,80.16 2 0
github.com/bh90210/soul/server/getpeeraddress.go:80.16,82.3 1 0
github.com/bh90210/soul/server/getpeeraddress.go:84.2,84.12 1 0
github.com/bh90210/soul/server/getuserstats.go:23.66,26.16 3 0
github.com/bh90210/soul/server/getuserstats.go:26.16,28.3 1 0
github.com/bh90210/soul/server/getuserstats.go:30.2,31.16 2 0
github.com/bh90210/soul/server/getuserstats.go:31.16,33.3 1 0
github.com/bh90210/soul/server/getuserstats.go:35.2,35.35 1 0
github.com/bh90210/soul/server/getuserstats.go:38.60,40.16 2 0
github.com/bh90210/soul/server/getuserstats.go:40.16,42.3 1 0
github.com/bh90210/soul/server/getuserstats.go:44.2,45.16 2 0
github.com/bh90210/soul/server/getuserstats.go:45.16,47.3 1 0
github.com/bh90210/soul/server/getuserstats.go:49.2,49.38 1 0
github.com/bh90210/soul/server/getuserstats.go:49.38,52.3 1 0
github.com/bh90210/soul/server/getuserstats.go:54.2,55.16 2 0
github.com/bh90210/soul/server/getuserstats.go:55.16,57.3 1 0
github.com/bh90210/soul/server/getuserstats.go:59.2,60.16 2 0
github.com/bh90210/soul/server/getuserstats.go:60.16,62.3 1 0
github.com/bh90210/soul/server/getuserstats.go:64.2,65.16 2 0
github.com/bh90210/soul/server/getuserstats.go:65.16,67.3 1 0
github.com/bh90210/soul/server/getuserstats.go:69.2,70.16 2 0
github.com/bh90210/soul/server/getuserstats.go:70.16,72.3 1 0
github.com/bh90210/soul/server/getuserstats.go:74.2,75.16 2 0
github.com/bh90210/soul/server/getuserstats.go:75.16,77.3 1 0
github.com/bh90210/soul/server/getuserstats.go:79.2,79.12 1 0
github.com/bh90210/soul/server/getuserstatus.go:22.67,25.16 3 0
github.com/bh90210/soul/server/getuserstatus.go:25.16,27.3 1 0
github.com/bh90210/soul/server/getuserstatus.go:29.2,30.16 2 0
github.com/bh90210/soul/server/getuserstatus.go:30.16,32.3 1 0
github.com/bh90210/soul/server/getuserstatus.go:34.2,34.35 1 0
github.com/bh90210/soul/server/getuserstatus.go:37.61,39.16 2 0
github.com/bh90210/soul/server/getuserstatus.go:39.16,41.3 1 0
github.com/bh90210/soul/server/getuserstatus.go:43.2,44.16 2 0
github.com/bh90210/soul/server/getuserstatus.go:44.16,46.3 1 0
github.com/bh90210/soul/server/getuserstatus.go:48.2,48.39 1 0
github.com/bh90210/soul/server/getuserstatus.go:48.39,51.3 1 0
github.com/bh90210/soul/server/getuserstatus.go:53.2,54.16 2 0
github.com/bh90210/soul/server/getuserstatus.go:54.16,56.3 1 0
github.com/bh90210/soul/server/getuserstatus.go:58.2,59.16 2 0
github.com/bh90210/soul/server/getuserstatus.go:59.16,61.3 1 0
github.com/bh90210/soul/server/getuserstatus.go:63.2,66.16 3 0
github.com/bh90210/soul/server/getuserstatus.go:66.16,68.3 1 0
github.com/bh90210/soul/server/getuserstatus.go:70.2,70.12 1 0
github.com/bh90210/soul/server/giveprivileges.go:14.78,17.16 3 0
github.com/bh90210/soul/server/giveprivileges.go:17.16,19.3 1 0
github.com/bh90210/soul/server/giveprivileges.go:21.2,22.16 2 0
github.com/bh90210/soul/server/giveprivileges.go:22.16,24.3 1 0
github.com/bh90210/soul/server/giveprivileges.go:26.2,27.16 2 0
github.com/bh90210/soul/server/giveprivileges.go:27.16,29.3 1 0
github.com/bh90210/soul/server/giveprivileges.go:31.2,31.35 1 0
github.com/bh90210/soul/server/havenoparent.go:14.67,17.16 3 0
github.com/bh90210/soul/server/havenoparent.go:17.16,19.3 1 0
github.com/bh90210/soul/server/havenoparent.go:21.2,22.16 2 0
github.com/bh90210/soul/server/havenoparent.go:22.16,24.3 1 0
github.com/bh90210/soul/server/havenoparent.go:26.2,26.35 1 0
github.com/bh90210/soul/server/joinroom.go:38.72,41.16 3 0
github.com/bh90210/soul/server/joinroom.go:41.16,43.3 1 0
github.com/bh90210/soul/server/joinroom.go:45.2,46.16 2 0
github.com/bh90210/soul/server/joinroom.go:46.16,48.3 1 0
github.com/bh90210/soul/server/joinroom.go:50.2,50.13 1 0
github.com/bh90210/soul/server/joinroom.go:50.13,52.3 1 0
github.com/bh90210/soul/server/joinroom.go:52.8,54.3 1 0
github.com/bh90210/soul/server/joinroom.go:56.2,56.35 1 0
github.com/bh90210/soul/server/joinroom.go:59.56,61.16 2 0
github.com/bh90210/soul/server/joinroom.go:61.16,63.3 1 0
github.com/bh90210/soul/server/joinroom.go:65.2,66.16 2 0
github.com/bh90210/soul/server/joinroom.go:66.16,68.3 1 0
github.com/bh90210/soul/server/joinroom.go:70.2,70.34 1 0
github.com/bh90210/soul/server/joinroom.go:70.34,73.3 1 0
github.com/bh90210/soul/server/joinroom.go:75.2,76.16 2 0
github.com/bh90210/soul/server/joinroom.go:76.16,78.3 1 0
github.com/bh90210/soul/server/joinroom.go:80.2,81.16 2 0
github.com/bh90210/soul/server/joinroom.go:81.16,83.3 1 0
github.com/bh90210/soul/server/joinroom.go:85.2,85.40 1 0
github.com/bh90210/soul/server/joinroom.go:85.40,89.17 3 0
github.com/bh90210/soul/server/joinroom.go:89.17,91.4 1 0
github.com/bh90210/soul/server/joinroom.go:93.3,93.31 1 0
github.com/bh90210/soul/server/joinroom.go:96.2,97.16 2 0
github.com/bh90210/soul/server/joinroom.go:97.16,99.3 1 0
github.com/bh90210/soul/server/joinroom.go:101.2,101.37 1 0
github.com/bh90210/soul/server/joinroom.go:101.37,103.17 2 0
github.com/bh90210/soul/server/joinroom.go:103.17,105.4 1 0
github.com/bh90210/soul/server/joinroom.go:107.3,107.41 1 0
github.com/bh90210/soul/server/joinroom.go:110.2,111.16 2 0
github.com/bh90210/soul/server/joinroom.go:111.16,113.3 1 0
github.com/bh90210/soul/server/joinroom.go:115.2,115.34 1 0
github.com/bh90210/soul/server/joinroom.go:115.34,117.17 2 0
github.com/bh90210/soul/server/joinroom.go:117.17,119.4 1 0
github.com/bh90210/soul/server/joinroom.go:121.3,124.17 3 0
github.com/bh90210/soul/server/joinroom.go:124.17,126.4 1 0
github.com/bh90210/soul/server/joinroom.go:128.3,131.17 3 0
github.com/bh90210/soul/server/joinroom.go:131.17,133.4 1 0
github.com/bh90210/soul/server/joinroom.go:135.3,136.17 2 0
github.com/bh90210/soul/server/joinroom.go:136.17,138.4 1 0
github.com/bh90210/soul/server/joinroom.go:140.3,143.17 3 0
github.com/bh90210/soul/server/joinroom.go:143.17,145.4 1 0
github.com/bh90210/soul/server/joinroom.go:147.3,147.44 1 0
github.com/bh90210/soul/server/joinroom.go:150.2,151.16 2 0
github.com/bh90210/soul/server/joinroom.go:151.16,153.3 1 0
github.com/bh90210/soul/server/joinroom.go:155.2,155.34 1 0
github.com/bh90210/soul/server/joinroom.go:155.34,157.17 2 0
github.com/bh90210/soul/server/joinroom.go:157.17,159.4 1 0
github.com/bh90210/soul/server/joinroom.go:161.3,161.40 1 0
github.com/bh90210/soul/server/joinroom.go:164.2,165.16 2 0
github.com/bh90210/soul/server/joinroom.go:165.16,167.3 1 0
github.com/bh90210/soul/server/joinroom.go:169.2,169.38 1 0
github.com/bh90210/soul/server/joinroom.go:169.38,171.17 2 0
github.com/bh90210/soul/server/joinroom.go:171.17,173.4 1 0
github.com/bh90210/soul/server/joinroom.go:175.3,175.39 1 0
github.com/bh90210/soul/server/joinroom.go:178.2,179.16 2 0
github.com/bh90210/soul/server/joinroom.go:179.16,181.3 1 0
github.com/bh90210/soul/server/joinroom.go:183.2,184.16 2 0
github.com/bh90210/soul/server/joinroom.go:184.16,186.3 1 0
github.com/bh90210/soul/server/joinroom.go:188.2,188.38 1 0
github.com/bh90210/soul/server/joinroom.go:188.38,190.17 2 0
github.com/bh90210/soul/server/joinroom.go:190.17,192.4 1 0
github.com/bh90210/soul/server/joinroom.go:194.3,194.46 1 0
github.com/bh90210/soul/server/joinroom.go:197.2,197.12 1 0
github.com/bh90210/soul/server/leaveroom.go:19.59,22.16 3 0
github.com/bh90210/soul/server/leaveroom.go:22.16,24.3 1 0
github.com/bh90210/soul/server/leaveroom.go:26.2,27.16 2 0
github.com/bh90210/soul/server/leaveroom.go:27.16,29.3 1 0
github.com/bh90210/soul/server/leaveroom.go:31.2,31.35 1 0
github.com/bh90210/soul/server/leaveroom.go:34.57,36.16 2 0
github.com/bh90210/soul/server/leaveroom.go:36.16,38.3 1 0
github.com/bh90210/soul/server/leaveroom.go:40.2,41.16 2 0
github.com/bh90210/soul/server/leaveroom.go:41.16,43.3 1 0
github.com/bh90210/soul/server/leaveroom.go:45.2,45.35 1 0
github.com/bh90210/soul/server/leaveroom.go:45.35,48.3 1 0
github.com/bh90210/soul/server/leaveroom.go:50.2,51.16 2 0
github.com/bh90210/soul/server/leaveroom.go:51.16,53.3 1 0
github.com/bh90210/soul/server/leaveroom.go:55.2,55.12 1 0
github.com/bh90210/soul/server/login.go:33.76,36.16 3 0
github.com/bh90210/soul/server/login.go:36.16,38.3 1 0
github.com/bh90210/soul/server/login.go:40.2,41.16 2 0
github.com/bh90210/soul/server/login.go:41.16,43.3 1 0
github.com/bh90210/soul/server/login.go:45.2,46.16 2 0
github.com/bh90210/soul/server/login.go:46.16,48.3 1 0
github.com/bh90210/soul/server/login.go:50.2,51.16 2 0
github.com/bh90210/soul/server/login.go:51.16,53.3 1 0
github.com/bh90210/soul/server/login.go:55.2,56.16 2 0
github.com/bh90210/soul/server/login.go:56.16,58.3 1 0
github.com/bh90210/soul/server/login.go:60.2,61.16 2 0
github.com/bh90210/soul/server/login.go:61.16,63.3 1 0
github.com/bh90210/soul/server/login.go:65.2,66.16 2 0
github.com/bh90210/soul/server/login.go:66.16,68.3 1 0
github.com/bh90210/soul/server/login.go:70.2,70.35 1 0
github.com/bh90210/soul/server/login.go:93.53,95.16 2 0
github.com/bh90210/soul/server/login.go:95.16,97.3 1 0
github.com/bh90210/soul/server/login.go:99.2,100.16 2 0
github.com/bh90210/soul/server/login.go:100.16,102.3 1 0
github.com/bh90210/soul/server/login.go:104.2,104.31 1 0
github.com/bh90210/soul/server/login.go:104.31,107.3 1 0
github.com/bh90210/soul/server/login.go:109.2,110.16 2 0
github.com/bh90210/soul/server/login.go:110.16,112.3 1 0
github.com/bh90210/soul/server/login.go:114.2,114.14 1 0
github.com/bh90210/soul/server/login.go:114.14,116.44 2 0
github.com/bh90210/soul/server/login.go:116.44,118.4 1 0
github.com/bh90210/soul/server/login.go:120.3,120.21 1 0
github.com/bh90210/soul/server/login.go:121.35,122.47 1 0
github.com/bh90210/soul/server/login.go:124.31,125.43 1 0
github.com/bh90210/soul/server/login.go:127.34,128.46 1 0
github.com/bh90210/soul/server/login.go:133.3,133.79 1 0
github.com/bh90210/soul/server/login.go:136.2,137.16 2 0
github.com/bh90210/soul/server/login.go:137.16,139.3 1 0
github.com/bh90210/soul/server/login.go:141.2,142.16 2 0
github.com/bh90210/soul/server/login.go:142.16,144.3 1 0
github.com/bh90210/soul/server/login.go:146.2,149.16 3 0
github.com/bh90210/soul/server/login.go:149.16,151.3 1 0
github.com/bh90210/soul/server/login.go:153.2,153.12 1 0
github.com/bh90210/soul/server/login.go:156.60,159.2 2 0
github.com/bh90210/soul/server/messageacked.go:14.64,17.16 3 0
github.com/bh90210/soul/server/messageacked.go:17.16,19.3 1 0
github.com/bh90210/soul/server/messageacked.go:21.2,22.16 2 0
github.com/bh90210/soul/server/messageacked.go:22.16,24.3 1 0
github.com/bh90210/soul/server/messageacked.go:26.2,26.35 1 0
github.com/bh90210/soul/server/messageuser.go:23.74,26.16 3 0
github.com/bh90210/soul/server/messageuser.go:26.16,28.3 1 0
github.com/bh90210/soul/server/messageuser.go:30.2,31.16 2 0
github.com/bh90210/soul/server/messageuser.go:31.16,33.3 1 0
github.com/bh90210/soul/server/messageuser.go:35.2,36.16 2 0
github.com/bh90210/soul/server/messageuser.go:36.16,38.3 1 0
github.com/bh90210/soul/server/messageuser.go:40.2,40.35 1 0
github.com/bh90210/soul/server/messageuser.go:43.59,45.16 2 0
github.com/bh90210/soul/server/messageuser.go:45.16,47.3 1 0
github.com/bh90210/soul/server/messageuser.go:49.2,50.16 2 0
github.com/bh90210/soul/server/messageuser.go:50.16,52.3 1 0
github.com/bh90210/soul/server/messageuser.go:54.2,54.37 1 0
github.com/bh90210/soul/server/messageuser.go:54.37,57.3 1 0
github.com/bh90210/soul/server/messageuser.go:59.2,60.16 2 0
github.com/bh90210/soul/server/messageuser.go:60.16,62.3 1 0
github.com/bh90210/soul/server/messageuser.go:64.2,65.16 2 0
github.com/bh90210/soul/server/messageuser.go:65.16,67.3 1 0
github.com/bh90210/soul/server/messageuser.go:69.2,70.16 2 0
github.com/bh90210/soul/server/messageuser.go:70.16,72.3 1 0
github.com/bh90210/soul/server/messageuser.go:74.2,75.16 2 0
github.com/bh90210/soul/server/messageuser.go:75.16,77.3 1 0
github.com/bh90210/soul/server/messageuser.go:79.2,80.16 2 0
github.com/bh90210/soul/server/messageuser.go:80.16,82.3 1 0
github.com/bh90210/soul/server/messageuser.go:84.2,84.12 1 0
github.com/bh90210/soul/server/messageusers.go:14.85,17.16 3 0
github.com/bh90210/soul/server/messageusers.go:17.16,19.3 1 0
github.com/bh90210/soul/server/messageusers.go:21.2,22.16 2 0
github.com/bh90210/soul/server/messageusers.go:22.16,24.3 1 0
github.com/bh90210/soul/server/messageusers.go:26.2,26.37 1 0
github.com/bh90210/soul/server/messageusers.go:26.37,28.17 2 0
github.com/bh90210/soul/server/messageusers.go:28.17,30.4 1 0
github.com/bh90210/soul/server/messageusers.go:33.2,34.16 2 0
github.com/bh90210/soul/server/messageusers.go:34.16,36.3 1 0
github.com/bh90210/soul/server/messageusers.go:38.2,38.35 1 0
github.com/bh90210/soul/server/parentminspeed.go:18.62,20.16 2 0
github.com/bh90210/soul/server/parentminspeed.go:20.16,22.3 1 0
github.com/bh90210/soul/server/parentminspeed.go:24.2,25.16 2 0
github.com/bh90210/soul/server/parentminspeed.go:25.16,27.3 1 0
github.com/bh90210/soul/server/parentminspeed.go:29.2,29.40 1 0
github.com/bh90210/soul/server/parentminspeed.go:29.40,32.3 1 0
github.com/bh90210/soul/server/parentminspeed.go:34.2,35.12 2 0
github.com/bh90210/soul/server/parentspeedratio.go:18.64,20.16 2 0
github.com/bh90210/soul/server/parentspeedratio.go:20.16,22.3 1 0
github.com/bh90210/soul/server/parentspeedratio.go:24.2,25.16 2 0
github.com/bh90210/soul/server/parentspeedratio.go:25.16,27.3 1 0
github.com/bh90210/soul/server/parentspeedratio.go:29.2,29.42 1 0
github.com/bh90210/soul/server/parentspeedratio.go:29.42,32.3 1 0
github.com/bh90210/soul/server/parentspeedratio.go:34.2,35.12 2 0
github.com/bh90210/soul/server/ping.go:14.43,17.16 3 0
github.com/bh90210/soul/server/ping.go:17.16,19.3 1 0
github.com/bh90210/soul/server/ping.go:21.2,21.35 1 0
github.com/bh90210/soul/server/possibleparents.go:25.63,27.16 2 0
github.com/bh90210/soul/server/possibleparents.go:27.16,29.3 1 0
github.com/bh90210/soul/server/possibleparents.go:31.2,32.16 2 0
github.com/bh90210/soul/server/possibleparents.go:32.16,34.3 1 0
github.com/bh90210/soul/server/possibleparents.go:36.2,36.41 1 0
github.com/bh90210/soul/server/possibleparents.go:36.41,39.3 1 0
github.com/bh90210/soul/server/possibleparents.go:41.2,42.16 2 0
github.com/bh90210/soul/server/possibleparents.go:42.16,44.3 1 0
github.com/bh90210/soul/server/possibleparents.go:46.2,46.36 1 0
github.com/bh90210/soul/server/possibleparents.go:46.36,50.17 3 0
github.com/bh90210/soul/server/possibleparents.go:50.17,52.4 1 0
github.com/bh90210/soul/server/possibleparents.go:54.3,55.17 2 0
github.com/bh90210/soul/server/possibleparents.go:55.17,57.4 1 0
github.com/bh90210/soul/server/possibleparents.go:59.3,62.44 3 0
github.com/bh90210/soul/server/possibleparents.go:62.44,64.4 1 0
github.com/bh90210/soul/server/possibleparents.go:66.3,66.40 1 0
github.com/bh90210/soul/server/possibleparents.go:69.2,69.12 1 0
github.com/bh90210/soul/server/privateroomadded.go:18.64,20.16 2 0
github.com/bh90210/soul/server/privateroomadded.go:20.16,22.3 1 0
github.com/bh90210/soul/server/privateroomadded.go:24.2,25.16 2 0
github.com/bh90210/soul/server/privateroomadded.go:25.16,27.3 1 0
github.com/bh90210/soul/server/privateroomadded.go:29.2,29.42 1 0
github.com/bh90210/soul/server/privateroomadded.go:29.42,32.3 1 0
github.com/bh90210/soul/server/privateroomadded.go:34.2,35.16 2 0
github.com/bh90210/soul/server/privateroomadded.go:35.16,37.3 1 0
github.com/bh90210/soul/server/privateroomadded.go:39.2,39.12 1 0
github.com/bh90210/soul/server/privateroomaddoperator.go:20.82,23.16 3 0
[...]
github.com/bh90210/soul/server/privateroomremoveoperator.go:57.16,59.3 1 0
github.com/bh90210/soul/server/privateroomremoveoperator.go:61.2,62.16 2 0
github.com/bh90210/soul/server/privateroomremoveoperator.go:62.16,64.3 1 0
github.com/bh90210/soul/server/privateroomremoveoperator.go:66.2,66.12 1 0
github.com/bh90210/soul/server/privateroomremoveuser.go:20.81,23.16 3 0
github.com/bh90210/soul/server/privateroomremoveuser.go:23.16,25.3 1 0
github.com/bh90210/soul/server/privateroomremoveuser.go:27.2,28.16 2 0
github.com/bh90210/soul/server/privateroomremoveuser.go:28.16,30.3 1 0
github.com/bh90210/soul/server/privateroomremoveuser.go:32.2,33.16 2 0
github.com/bh90210/soul/server/privateroomremoveuser.go:33.16,35.3 1 0
github.com/bh90210/soul/server/privateroomremoveuser.go:37.2,37.35 1 0
github.com/bh90210/soul/server/privateroomremoveuser.go:40.69,42.16 2 0
github.com/bh90210/soul/server/privateroomremoveuser.go:42.16,44.3 1 0
github.com/bh90210/soul/server/privateroomremoveuser.go:46.2,47.16 2 0
github.com/bh90210/soul/server/privateroomremoveuser.go:47.16,49.3 1 0
github.com/bh90210/soul/server/privateroomremoveuser.go:51.2,51.47 1 0
github.com/bh90210/soul/server/privateroomremoveuser.go:51.47,54.3 1 0
github.com/bh90210/soul/server/privateroomremoveuser.go:56.2,57.16 2 0
github.com/bh90210/soul/server/privateroomremoveuser.go:57.16,59.3 1 0
github.com/bh90210/soul/server/privateroomremoveuser.go:61.2,62.16 2 0
github.com/bh90210/soul/server/privateroomremoveuser.go:62.16,64.3 1 0
github.com/bh90210/soul/server/privateroomremoveuser.go:66.2,66.12 1 0
github.com/bh90210/soul/server/privateroomtoggle.go:19.68,22.16 3 0
github.com/bh90210/soul/server/privateroomtoggle.go:22.16,24.3 1 0
github.com/bh90210/soul/server/privateroomtoggle.go:26.2,27.16 2 0
github.com/bh90210/soul/server/privateroomtoggle.go:27.16,29.3 1 0
github.com/bh90210/soul/server/privateroomtoggle.go:31.2,31.35 1 0
github.com/bh90210/soul/server/privateroomtoggle.go:34.65,36.16 2 0
github.com/bh90210/soul/server/privateroomtoggle.go:36.16,38.3 1 0
github.com/bh90210/soul/server/privateroomtoggle.go:40.2,41.16 2 0
github.com/bh90210/soul/server/privateroomtoggle.go:41.16,43.3 1 0
github.com/bh90210/soul/server/privateroomtoggle.go:45.2,45.43 1 0
github.com/bh90210/soul/server/privateroomtoggle.go:45.43,48.3 1 0
github.com/bh90210/soul/server/privateroomtoggle.go:50.2,51.16 2 0
github.com/bh90210/soul/server/privateroomtoggle.go:51.16,53.3 1 0
github.com/bh90210/soul/server/privateroomtoggle.go:55.2,55.12 1 0
github.com/bh90210/soul/server/privateroomusers.go:19.64,21.16 2 0
github.com/bh90210/soul/server/privateroomusers.go:21.16,23.3 1 0
github.com/bh90210/soul/server/privateroomusers.go:25.2,26.16 2 0
github.com/bh90210/soul/server/privateroomusers.go:26.16,28.3 1 0
github.com/bh90210/soul/server/privateroomusers.go:30.2,30.42 1 0
github.com/bh90210/soul/server/privateroomusers.go:30.42,33.3 1 0
github.com/bh90210/soul/server/privateroomusers.go:35.2,36.16 2 0
github.com/bh90210/soul/server/privateroomusers.go:36.16,38.3 1 0
github.com/bh90210/soul/server/privateroomusers.go:40.2,41.16 2 0
github.com/bh90210/soul/server/privateroomusers.go:41.16,43.3 1 0
github.com/bh90210/soul/server/privateroomusers.go:45.2,45.34 1 0
github.com/bh90210/soul/server/privateroomusers.go:45.34,47.17 2 0
github.com/bh90210/soul/server/privateroomusers.go:47.17,49.4 1 0
github.com/bh90210/soul/server/privateroomusers.go:51.3,51.34 1 0
github.com/bh90210/soul/server/privateroomusers.go:54.2,54.12 1 0
github.com/bh90210/soul/server/privilegedusers.go:18.69,20.16 2 0
github.com/bh90210/soul/server/privilegedusers.go:20.16,22.3 1 0
github.com/bh90210/soul/server/privilegedusers.go:24.2,25.16 2 0
github.com/bh90210/soul/server/privilegedusers.go:25.16,27.3 1 0
github.com/bh90210/soul/server/privilegedusers.go:29.2,29.41 1 0
github.com/bh90210/soul/server/privilegedusers.go:29.41,32.3 1 0
github.com/bh90210/soul/server/privilegedusers.go:34.2,35.16 2 0
github.com/bh90210/soul/server/privilegedusers.go:35.16,37.3 1 0
github.com/bh90210/soul/server/privilegedusers.go:39.2,39.42 1 0
github.com/bh90210/soul/server/privilegedusers.go:39.42,42.44 3 0
github.com/bh90210/soul/server/privilegedusers.go:42.44,44.4 1 0
github.com/bh90210/soul/server/privilegedusers.go:46.3,46.34 1 0
github.com/bh90210/soul/server/privilegedusers.go:49.2,49.8 1 0
github.com/bh90210/soul/server/relogged.go:16.56,18.16 2 0
github.com/bh90210/soul/server/relogged.go:18.16,20.3 1 0
github.com/bh90210/soul/server/relogged.go:22.2,23.16 2 0
github.com/bh90210/soul/server/relogged.go:23.16,25.3 1 0
github.com/bh90210/soul/server/relogged.go:27.2,27.34 1 0
github.com/bh90210/soul/server/relogged.go:27.34,30.3 1 0
github.com/bh90210/soul/server/relogged.go:32.2,32.12 1 0
github.com/bh90210/soul/server/resetdistributed.go:16.64,18.16 2 0
github.com/bh90210/soul/server/resetdistributed.go:18.16,20.3 1 0
github.com/bh90210/soul/server/resetdistributed.go:22.2,23.16 2 0
github.com/bh90210/soul/server/resetdistributed.go:23.16,25.3 1 0
github.com/bh90210/soul/server/resetdistributed.go:27.2,27.42 1 0
github.com/bh90210/soul/server/resetdistributed.go:27.42,30.3 1 0
github.com/bh90210/soul/server/resetdistributed.go:32.2,32.12 1 0
github.com/bh90210/soul/server/roomlist.go:27.62,29.16 2 0
github.com/bh90210/soul/server/roomlist.go:29.16,31.3 1 0
github.com/bh90210/soul/server/roomlist.go:33.2,34.16 2 0
github.com/bh90210/soul/server/roomlist.go:34.16,36.3 1 0
github.com/bh90210/soul/server/roomlist.go:38.2,38.34 1 0
github.com/bh90210/soul/server/roomlist.go:38.34,41.3 1 0
github.com/bh90210/soul/server/roomlist.go:44.2,45.16 2 0
github.com/bh90210/soul/server/roomlist.go:45.16,47.3 1 0
github.com/bh90210/soul/server/roomlist.go:50.2,50.42 1 0
github.com/bh90210/soul/server/roomlist.go:50.42,53.17 3 0
github.com/bh90210/soul/server/roomlist.go:53.17,55.4 1 0
github.com/bh90210/soul/server/roomlist.go:57.3,59.5 1 0
github.com/bh90210/soul/server/roomlist.go:62.2,62.25 1 0
github.com/bh90210/soul/server/roomlist.go:62.25,65.17 3 0
github.com/bh90210/soul/server/roomlist.go:65.17,67.4 1 0
github.com/bh90210/soul/server/roomlist.go:69.3,69.32 1 0
github.com/bh90210/soul/server/roomlist.go:73.2,74.16 2 0
github.com/bh90210/soul/server/roomlist.go:74.16,76.3 1 0
github.com/bh90210/soul/server/roomlist.go:78.2,79.49 2 0
github.com/bh90210/soul/server/roomlist.go:79.49,82.17 3 0
github.com/bh90210/soul/server/roomlist.go:82.17,84.4 1 0
github.com/bh90210/soul/server/roomlist.go:86.3,90.5 1 0
github.com/bh90210/soul/server/roomlist.go:93.2,93.35 1 0
github.com/bh90210/soul/server/roomlist.go:93.35,96.17 3 0
github.com/bh90210/soul/server/roomlist.go:96.17,98.4 1 0
github.com/bh90210/soul/server/roomlist.go:100.3,100.39 1 0
github.com/bh90210/soul/server/roomlist.go:103.2,107.16 3 0
github.com/bh90210/soul/server/roomlist.go:107.16,109.3 1 0
github.com/bh90210/soul/server/roomlist.go:111.2,114.57 3 0
github.com/bh90210/soul/server/roomlist.go:114.57,117.17 3 0
github.com/bh90210/soul/server/roomlist.go:117.17,119.4 1 0
github.com/bh90210/soul/server/roomlist.go:121.3,124.5 1 0
github.com/bh90210/soul/server/roomlist.go:127.2,127.38 1 0
github.com/bh90210/soul/server/roomlist.go:127.38,129.17 2 0
github.com/bh90210/soul/server/roomlist.go:129.17,131.4 1 0
github.com/bh90210/soul/server/roomlist.go:133.3,133.42 1 0
github.com/bh90210/soul/server/roomlist.go:136.2,140.16 3 0
github.com/bh90210/soul/server/roomlist.go:140.16,142.3 1 0
github.com/bh90210/soul/server/roomlist.go:144.2,147.57 3 0
github.com/bh90210/soul/server/roomlist.go:147.57,150.17 3 0
github.com/bh90210/soul/server/roomlist.go:150.17,152.4 1 0
github.com/bh90210/soul/server/roomlist.go:154.3,158.5 1 0
github.com/bh90210/soul/server/roomlist.go:161.2,161.38 1 0
github.com/bh90210/soul/server/roomlist.go:161.38,163.44 2 0
github.com/bh90210/soul/server/roomlist.go:163.44,165.4 1 0
github.com/bh90210/soul/server/roomlist.go:167.3,167.42 1 0
github.com/bh90210/soul/server/roomlist.go:170.2,172.8 2 0
github.com/bh90210/soul/server/roomsearch.go:14.98,17.16 3 0
github.com/bh90210/soul/server/roomsearch.go:17.16,19.3 1 0
github.com/bh90210/soul/server/roomsearch.go:21.2,22.16 2 0
github.com/bh90210/soul/server/roomsearch.go:22.16,24.3 1 0
github.com/bh90210/soul/server/roomsearch.go:26.2,27.16 2 0
github.com/bh90210/soul/server/roomsearch.go:27.16,29.3 1 0
github.com/bh90210/soul/server/roomsearch.go:31.2,32.16 2 0
github.com/bh90210/soul/server/roomsearch.go:32.16,34.3 1 0
github.com/bh90210/soul/server/roomsearch.go:36.2,36.35 1 0
github.com/bh90210/soul/server/roomticker.go:24.58,26.16 2 0
github.com/bh90210/soul/server/roomticker.go:26.16,28.3 1 0
github.com/bh90210/soul/server/roomticker.go:30.2,31.16 2 0
github.com/bh90210/soul/server/roomticker.go:31.16,33.3 1 0
github.com/bh90210/soul/server/roomticker.go:35.2,35.36 1 0
github.com/bh90210/soul/server/roomticker.go:35.36,38.3 1 0
github.com/bh90210/soul/server/roomticker.go:40.2,41.16 2 0
github.com/bh90210/soul/server/roomticker.go:41.16,43.3 1 0
github.com/bh90210/soul/server/roomticker.go:45.2,45.34 1 0
github.com/bh90210/soul/server/roomticker.go:45.34,49.17 3 0
github.com/bh90210/soul/server/roomticker.go:49.17,51.4 1 0
github.com/bh90210/soul/server/roomticker.go:53.3,54.17 2 0
github.com/bh90210/soul/server/roomticker.go:54.17,56.4 1 0
github.com/bh90210/soul/server/roomticker.go:58.3,58.34 1 0
github.com/bh90210/soul/server/roomticker.go:61.2,61.12 1 0
github.com/bh90210/soul/server/roomtickeradd.go:20.61,22.16 2 0
github.com/bh90210/soul/server/roomtickeradd.go:22.16,24.3 1 0
github.com/bh90210/soul/server/roomtickeradd.go:26.2,27.16 2 0
github.com/bh90210/soul/server/roomtickeradd.go:27.16,29.3 1 0
github.com/bh90210/soul/server/roomtickeradd.go:31.2,31.39 1 0
github.com/bh90210/soul/server/roomtickeradd.go:31.39,34.3 1 0
github.com/bh90210/soul/server/roomtickeradd.go:36.2,37.16 2 0
github.com/bh90210/soul/server/roomtickeradd.go:37.16,39.3 1 0
github.com/bh90210/soul/server/roomtickeradd.go:41.2,42.16 2 0
github.com/bh90210/soul/server/roomtickeradd.go:42.16,44.3 1 0
github.com/bh90210/soul/server/roomtickeradd.go:46.2,47.12 2 0
github.com/bh90210/soul/server/roomtickerremove.go:19.64,21.16 2 0
github.com/bh90210/soul/server/roomtickerremove.go:21.16,23.3 1 0
github.com/bh90210/soul/server/roomtickerremove.go:25.2,26.16 2 0
github.com/bh90210/soul/server/roomtickerremove.go:26.16,28.3 1 0
github.com/bh90210/soul/server/roomtickerremove.go:30.2,30.42 1 0
github.com/bh90210/soul/server/roomtickerremove.go:30.42,33.3 1 0
github.com/bh90210/soul/server/roomtickerremove.go:35.2,36.16 2 0
github.com/bh90210/soul/server/roomtickerremove.go:36.16,38.3 1 0
github.com/bh90210/soul/server/roomtickerremove.go:40.2,41.16 2 0
github.com/bh90210/soul/server/roomtickerremove.go:41.16,43.3 1 0
github.com/bh90210/soul/server/roomtickerremove.go:45.2,45.12 1 0
github.com/bh90210/soul/server/roomtickerset.go:14.71,17.16 3 0
github.com/bh90210/soul/server/roomtickerset.go:17.16,19.3 1 0
github.com/bh90210/soul/server/roomtickerset.go:21.2,22.16 2 0
github.com/bh90210/soul/server/roomtickerset.go:22.16,24.3 1 0
github.com/bh90210/soul/server/roomtickerset.go:26.2,27.16 2 0
github.com/bh90210/soul/server/roomtickerset.go:27.16,29.3 1 0
github.com/bh90210/soul/server/roomtickerset.go:31.2,31.35 1 0
github.com/bh90210/soul/server/saychatroom.go:21.70,24.16 3 0
github.com/bh90210/soul/server/saychatroom.go:24.16,26.3 1 0
github.com/bh90210/soul/server/saychatroom.go:28.2,29.16 2 0
github.com/bh90210/soul/server/saychatroom.go:29.16,31.3 1 0
github.com/bh90210/soul/server/saychatroom.go:33.2,34.16 2 0
github.com/bh90210/soul/server/saychatroom.go:34.16,36.3 1 0
github.com/bh90210/soul/server/saychatroom.go:38.2,38.35 1 0
github.com/bh90210/soul/server/saychatroom.go:41.59,43.16 2 0
github.com/bh90210/soul/server/saychatroom.go:43.16,45.3 1 0
github.com/bh90210/soul/server/saychatroom.go:47.2,48.16 2 0
github.com/bh90210/soul/server/saychatroom.go:48.16,50.3 1 0
github.com/bh90210/soul/server/saychatroom.go:52.2,52.37 1 0
github.com/bh90210/soul/server/saychatroom.go:52.37,55.3 1 0
github.com/bh90210/soul/server/saychatroom.go:57.2,58.16 2 0
github.com/bh90210/soul/server/saychatroom.go:58.16,60.3 1 0
github.com/bh90210/soul/server/saychatroom.go:62.2,63.16 2 0
github.com/bh90210/soul/server/saychatroom.go:63.16,65.3 1 0
github.com/bh90210/soul/server/saychatroom.go:67.2,68.16 2 0
github.com/bh90210/soul/server/saychatroom.go:68.16,70.3 1 0
github.com/bh90210/soul/server/saychatroom.go:72.2,72.12 1 0
github.com/bh90210/soul/server/senduploadspeed.go:14.63,17.16 3 0
github.com/bh90210/soul/server/senduploadspeed.go:17.16,19.3 1 0
github.com/bh90210/soul/server/senduploadspeed.go:21.2,22.16 2 0
github.com/bh90210/soul/server/senduploadspeed.go:22.16,24.3 1 0
github.com/bh90210/soul/server/senduploadspeed.go:26.2,26.35 1 0
github.com/bh90210/soul/server/server.go:42.80,44.2 1 0
github.com/bh90210/soul/server/server.go:49.69,51.2 1 0
github.com/bh90210/soul/server/setlistenport.go:17.63,20.16 3 0
github.com/bh90210/soul/server/setlistenport.go:20.16,22.3 1 0
github.com/bh90210/soul/server/setlistenport.go:24.2,25.16 2 0
github.com/bh90210/soul/server/setlistenport.go:25.16,27.3 1 0
github.com/bh90210/soul/server/setlistenport.go:29.2,29.35 1 0
github.com/bh90210/soul/server/setstatus.go:14.65,17.16 3 0
github.com/bh90210/soul/server/setstatus.go:17.16,19.3 1 0
github.com/bh90210/soul/server/setstatus.go:21.2,22.16 2 0
github.com/bh90210/soul/server/setstatus.go:22.16,24.3 1 0
github.com/bh90210/soul/server/setstatus.go:26.2,26.35 1 0
github.com/bh90210/soul/server/sharedfoldersfiles.go:15.77,18.16 3 0
github.com/bh90210/soul/server/sharedfoldersfiles.go:18.16,20.3 1 0
github.com/bh90210/soul/server/sharedfoldersfiles.go:22.2,23.16 2 0
github.com/bh90210/soul/server/sharedfoldersfiles.go:23.16,25.3 1 0
github.com/bh90210/soul/server/sharedfoldersfiles.go:27.2,28.16 2 0
github.com/bh90210/soul/server/sharedfoldersfiles.go:28.16,30.3 1 0
github.com/bh90210/soul/server/sharedfoldersfiles.go:32.2,32.35 1 0
github.com/bh90210/soul/server/unwatchuser.go:14.65,17.16 3 0
github.com/bh90210/soul/server/unwatchuser.go:17.16,19.3 1 0
github.com/bh90210/soul/server/unwatchuser.go:21.2,22.16 2 0
github.com/bh90210/soul/server/unwatchuser.go:22.16,24.3 1 0
github.com/bh90210/soul/server/unwatchuser.go:26.2,26.35 1 0
github.com/bh90210/soul/server/userjoinedroom.go:26.62,28.16 2 0
github.com/bh90210/soul/server/userjoinedroom.go:28.16,30.3 1 0
github.com/bh90210/soul/server/userjoinedroom.go:32.2,33.16 2 0
github.com/bh90210/soul/server/userjoinedroom.go:33.16,35.3 1 0
github.com/bh90210/soul/server/userjoinedroom.go:37.2,37.40 1 0
github.com/bh90210/soul/server/userjoinedroom.go:37.40,40.3 1 0
github.com/bh90210/soul/server/userjoinedroom.go:42.2,43.16 2 0
github.com/bh90210/soul/server/userjoinedroom.go:43.16,45.3 1 0
github.com/bh90210/soul/server/userjoinedroom.go:47.2,48.16 2 0
github.com/bh90210/soul/server/userjoinedroom.go:48.16,50.3 1 0
github.com/bh90210/soul/server/userjoinedroom.go:52.2,53.16 2 0
github.com/bh90210/soul/server/userjoinedroom.go:53.16,55.3 1 0
github.com/bh90210/soul/server/userjoinedroom.go:57.2,60.16 3 0
github.com/bh90210/soul/server/userjoinedroom.go:60.16,62.3 1 0
github.com/bh90210/soul/server/userjoinedroom.go:64.2,65.16 2 0
github.com/bh90210/soul/server/userjoinedroom.go:65.16,67.3 1 0
github.com/bh90210/soul/server/userjoinedroom.go:69.2,70.16 2 0
github.com/bh90210/soul/server/userjoinedroom.go:70.16,72.3 1 0
github.com/bh90210/soul/server/userjoinedroom.go:74.2,75.16 2 0
github.com/bh90210/soul/server/userjoinedroom.go:75.16,77.3 1 0
github.com/bh90210/soul/server/userjoinedroom.go:79.2,80.16 2 0
github.com/bh90210/soul/server/userjoinedroom.go:80.16,82.3 1 0
github.com/bh90210/soul/server/userjoinedroom.go:84.2,85.16 2 0
github.com/bh90210/soul/server/userjoinedroom.go:85.16,87.3 1 0
github.com/bh90210/soul/server/userjoinedroom.go:89.2,89.12 1 0
github.com/bh90210/soul/server/userleftroom.go:19.60,21.16 2 0
github.com/bh90210/soul/server/userleftroom.go:21.16,23.3 1 0
github.com/bh90210/soul/server/userleftroom.go:25.2,26.16 2 0
github.com/bh90210/soul/server/userleftroom.go:26.16,28.3 1 0
github.com/bh90210/soul/server/userleftroom.go:30.2,30.38 1 0
github.com/bh90210/soul/server/userleftroom.go:30.38,33.3 1 0
github.com/bh90210/soul/server/userleftroom.go:35.2,36.16 2 0
github.com/bh90210/soul/server/userleftroom.go:36.16,38.3 1 0
github.com/bh90210/soul/server/userleftroom.go:40.2,41.16 2 0
github.com/bh90210/soul/server/userleftroom.go:41.16,43.3 1 0
github.com/bh90210/soul/server/userleftroom.go:45.2,45.12 1 0
github.com/bh90210/soul/server/usersearch.go:14.102,17.16 3 0
github.com/bh90210/soul/server/usersearch.go:17.16,19.3 1 0
github.com/bh90210/soul/server/usersearch.go:21.2,22.16 2 0
github.com/bh90210/soul/server/usersearch.go:22.16,24.3 1 0
github.com/bh90210/soul/server/usersearch.go:26.2,27.16 2 0
github.com/bh90210/soul/server/usersearch.go:27.16,29.3 1 0
github.com/bh90210/soul/server/usersearch.go:31.2,32.16 2 0
github.com/bh90210/soul/server/usersearch.go:32.16,34.3 1 0
github.com/bh90210/soul/server/usersearch.go:36.2,36.35 1 0
github.com/bh90210/soul/server/userstatus_string.go:20.37,21.56 1 0
github.com/bh90210/soul/server/userstatus_string.go:21.56,23.3 1 0
github.com/bh90210/soul/server/userstatus_string.go:24.2,24.70 1 0
github.com/bh90210/soul/server/watchuser.go:27.63,32.16 4 0
github.com/bh90210/soul/server/watchuser.go:32.16,34.3 1 0
github.com/bh90210/soul/server/watchuser.go:36.2,36.35 1 0
github.com/bh90210/soul/server/watchuser.go:39.57,41.16 2 0
github.com/bh90210/soul/server/watchuser.go:41.16,43.3 1 0
github.com/bh90210/soul/server/watchuser.go:45.2,46.16 2 0
github.com/bh90210/soul/server/watchuser.go:46.16,48.3 1 0
github.com/bh90210/soul/server/watchuser.go:50.2,50.35 1 0
github.com/bh90210/soul/server/watchuser.go:50.35,53.3 1 0
github.com/bh90210/soul/server/watchuser.go:55.2,56.16 2 0
github.com/bh90210/soul/server/watchuser.go:56.16,58.3 1 0
github.com/bh90210/soul/server/watchuser.go:60.2,61.16 2 0
github.com/bh90210/soul/server/watchuser.go:61.16,63.3 1 0
github.com/bh90210/soul/server/watchuser.go:65.2,65.14 1 0
github.com/bh90210/soul/server/watchuser.go:65.14,67.17 2 0
github.com/bh90210/soul/server/watchuser.go:67.17,69.4 1 0
github.com/bh90210/soul/server/watchuser.go:71.3,74.17 3 0
github.com/bh90210/soul/server/watchuser.go:74.17,76.4 1 0
github.com/bh90210/soul/server/watchuser.go:78.3,79.17 2 0
github.com/bh90210/soul/server/watchuser.go:79.17,81.4 1 0
github.com/bh90210/soul/server/watchuser.go:83.3,84.17 2 0
github.com/bh90210/soul/server/watchuser.go:84.17,86.4 1 0
github.com/bh90210/soul/server/watchuser.go:88.3,89.17 2 0
github.com/bh90210/soul/server/watchuser.go:89.17,91.4 1 0
github.com/bh90210/soul/server/watchuser.go:94.2,94.56 1 0
github.com/bh90210/soul/server/watchuser.go:94.56,96.17 2 0
github.com/bh90210/soul/server/watchuser.go:96.17,98.4 1 0
github.com/bh90210/soul/server/watchuser.go:101.2,101.12 1 0
github.com/bh90210/soul/server/wishlistinterval.go:19.64,21.16 2 0
github.com/bh90210/soul/server/wishlistinterval.go:21.16,23.3 1 0
github.com/bh90210/soul/server/wishlistinterval.go:25.2,26.16 2 0
github.com/bh90210/soul/server/wishlistinterval.go:26.16,28.3 1 0
github.com/bh90210/soul/server/wishlistinterval.go:30.2,30.42 1 0
github.com/bh90210/soul/server/wishlistinterval.go:30.42,33.3 1 0
github.com/bh90210/soul/server/wishlistinterval.go:35.2,36.12 2 0
github.com/bh90210/soul/server/wishlistsearch.go:14.89,17.16 3 0
github.com/bh90210/soul/server/wishlistsearch.go:17.16,19.3 1 0
github.com/bh90210/soul/server/wishlistsearch.go:21.2,22.16 2 0
github.com/bh90210/soul/server/wishlistsearch.go:22.16,24.3 1 0
github.com/bh90210/soul/server/wishlistsearch.go:26.2,27.16 2 0
github.com/bh90210/soul/server/wishlistsearch.go:27.16,29.3 1 0
github.com/bh90210/soul/server/wishlistsearch.go:31.2,31.35 1 0
