mode: atomic
github.com/bh90210/soul/soul.go:34.23,38.2 3 0
github.com/bh90210/soul/soul.go:41.23,44.2 2 0
github.com/bh90210/soul/soul.go:47.32,49.2 1 0
github.com/bh90210/soul/soul.go:52.26,54.2 1 0
github.com/bh90210/soul/cmd/login-example/main.go:14.13,39.16 8 0
github.com/bh90210/soul/cmd/login-example/main.go:39.16,41.3 1 0
github.com/bh90210/soul/cmd/login-example/main.go:43.2,46.12 2 0
github.com/bh90210/soul/cmd/login-example/main.go:46.12,47.7 1 0
github.com/bh90210/soul/cmd/login-example/main.go:47.7,49.18 2 0
github.com/bh90210/soul/cmd/login-example/main.go:49.18,51.5 1 0
github.com/bh90210/soul/cmd/login-example/main.go:56.2,57.16 2 0
github.com/bh90210/soul/cmd/login-example/main.go:57.16,59.3 1 0
github.com/bh90210/soul/cmd/login-example/main.go:61.2,71.16 6 0
github.com/bh90210/soul/cmd/login-example/main.go:71.16,73.3 1 0
github.com/bh90210/soul/cmd/login-example/main.go:75.2,75.12 1 0
github.com/bh90210/soul/cmd/login-example/main.go:75.12,76.7 1 0
github.com/bh90210/soul/cmd/login-example/main.go:76.7,80.4 3 0
github.com/bh90210/soul/cmd/login-example/main.go:83.2,83.9 1 0
github.com/bh90210/soul/peer/peerinit.go:20.95,23.16 3 0
github.com/bh90210/soul/peer/peerinit.go:23.16,25.3 1 0
github.com/bh90210/soul/peer/peerinit.go:27.2,28.16 2 0
github.com/bh90210/soul/peer/peerinit.go:28.16,30.3 1 0
github.com/bh90210/soul/peer/peerinit.go:32.2,33.16 2 0
github.com/bh90210/soul/peer/peerinit.go:33.16,35.3 1 0
github.com/bh90210/soul/peer/peerinit.go:37.2,38.16 2 0
github.com/bh90210/soul/peer/peerinit.go:38.16,40.3 1 0
github.com/bh90210/soul/peer/peerinit.go:42.2,42.35 1 0
github.com/bh90210/soul/peer/peerinit.go:45.56,47.16 2 0
github.com/bh90210/soul/peer/peerinit.go:47.16,49.3 1 0
github.com/bh90210/soul/peer/peerinit.go:51.2,52.16 2 0
github.com/bh90210/soul/peer/peerinit.go:52.16,54.3 1 0
github.com/bh90210/soul/peer/peerinit.go:56.2,56.33 1 0
github.com/bh90210/soul/peer/peerinit.go:56.33,59.3 1 0
github.com/bh90210/soul/peer/peerinit.go:61.2,62.16 2 0
github.com/bh90210/soul/peer/peerinit.go:62.16,64.3 1 0
github.com/bh90210/soul/peer/peerinit.go:66.2,67.16 2 0
github.com/bh90210/soul/peer/peerinit.go:67.16,69.3 1 0
github.com/bh90210/soul/peer/peerinit.go:71.2,74.16 3 0
github.com/bh90210/soul/peer/peerinit.go:74.16,76.3 1 0
github.com/bh90210/soul/peer/peerinit.go:78.2,78.12 1 0
github.com/bh90210/soul/peer/piercefirewall.go:19.69,22.16 3 0
github.com/bh90210/soul/peer/piercefirewall.go:22.16,24.3 1 0
github.com/bh90210/soul/peer/piercefirewall.go:26.2,27.16 2 0
github.com/bh90210/soul/peer/piercefirewall.go:27.16,29.3 1 0
github.com/bh90210/soul/peer/piercefirewall.go:31.2,31.35 1 0
github.com/bh90210/soul/peer/piercefirewall.go:34.62,36.16 2 0
github.com/bh90210/soul/peer/piercefirewall.go:36.16,38.3 1 0
github.com/bh90210/soul/peer/piercefirewall.go:40.2,41.16 2 0
github.com/bh90210/soul/peer/piercefirewall.go:41.16,43.3 1 0
github.com/bh90210/soul/peer/piercefirewall.go:45.2,45.39 1 0
github.com/bh90210/soul/peer/piercefirewall.go:45.39,48.3 1 0
github.com/bh90210/soul/peer/piercefirewall.go:50.2,51.16 2 0
github.com/bh90210/soul/peer/piercefirewall.go:51.16,53.3 1 0
github.com/bh90210/soul/peer/piercefirewall.go:55.2,55.12 1 0
github.com/bh90210/soul/peer/sharedfileistresponse.go:39.104,42.16 3 0
github.com/bh90210/soul/peer/sharedfileistresponse.go:42.16,44.3 1 0
github.com/bh90210/soul/peer/sharedfileistresponse.go:46.2,49.16 3 0
github.com/bh90210/soul/peer/sharedfileistresponse.go:49.16,51.3 1 0
github.com/bh90210/soul/peer/sharedfileistresponse.go:53.2,54.16 2 0
github.com/bh90210/soul/peer/sharedfileistresponse.go:54.16,56.3 1 0
github.com/bh90210/soul/peer/sharedfileistresponse.go:58.2,59.16 2 0
github.com/bh90210/soul/peer/sharedfileistresponse.go:59.16,61.3 1 0
github.com/bh90210/soul/peer/sharedfileistresponse.go:63.2,64.16 2 0
github.com/bh90210/soul/peer/sharedfileistresponse.go:64.16,66.3 1 0
github.com/bh90210/soul/peer/sharedfileistresponse.go:68.2,69.16 2 0
github.com/bh90210/soul/peer/sharedfileistresponse.go:69.16,71.3 1 0
github.com/bh90210/soul/peer/sharedfileistresponse.go:73.2,74.16 2 0
github.com/bh90210/soul/peer/sharedfileistresponse.go:74.16,76.3 1 0
github.com/bh90210/soul/peer/sharedfileistresponse.go:78.2,78.35 1 0
github.com/bh90210/soul/peer/sharedfileistresponse.go:91.92,92.40 1 0
github.com/bh90210/soul/peer/sharedfileistresponse.go:92.40,93.27 1 0
github.com/bh90210/soul/peer/sharedfileistresponse.go:93.27,95.4 1 0
github.com/bh90210/soul/peer/sharedfileistresponse.go:97.3,97.32 1 0
github.com/bh90210/soul/peer/sharedfileistresponse.go:97.32,99.4 1 0
github.com/bh90210/soul/peer/sharedfileistresponse.go:104.2,104.12 1 0
github.com/bh90210/soul/peer/sharedfileistresponse.go:107.70,109.16 2 0
github.com/bh90210/soul/peer/sharedfileistresponse.go:109.16,111.3 1 0
github.com/bh90210/soul/peer/sharedfileistresponse.go:113.2,114.16 2 0
github.com/bh90210/soul/peer/sharedfileistresponse.go:114.16,116.3 1 0
github.com/bh90210/soul/peer/sharedfileistresponse.go:118.2,118.48 1 0
github.com/bh90210/soul/peer/sharedfileistresponse.go:118.48,121.3 1 0
github.com/bh90210/soul/peer/sharedfileistresponse.go:123.2,124.16 2 0
github.com/bh90210/soul/peer/sharedfileistresponse.go:124.16,126.3 1 0
github.com/bh90210/soul/peer/sharedfileistresponse.go:128.2,129.16 2 0
github.com/bh90210/soul/peer/sharedfileistresponse.go:129.16,131.3 1 0
github.com/bh90210/soul/peer/sharedfileistresponse.go:133.2,134.16 2 0
github.com/bh90210/soul/peer/sharedfileistresponse.go:134.16,136.3 1 0
github.com/bh90210/soul/peer/sharedfileistresponse.go:138.2,141.16 3 0
github.com/bh90210/soul/peer/sharedfileistresponse.go:141.16,143.3 1 0
github.com/bh90210/soul/peer/sharedfileistresponse.go:145.2,146.16 2 0
github.com/bh90210/soul/peer/sharedfileistresponse.go:146.16,148.3 1 0
github.com/bh90210/soul/peer/sharedfileistresponse.go:150.2,151.16 2 0
github.com/bh90210/soul/peer/sharedfileistresponse.go:151.16,153.3 1 0
github.com/bh90210/soul/peer/sharedfileistresponse.go:155.2,157.12 2 0
github.com/bh90210/soul/peer/sharedfileistresponse.go:160.109,163.48 2 0
github.com/bh90210/soul/peer/sharedfileistresponse.go:163.48,168.17 4 0
github.com/bh90210/soul/peer/sharedfileistresponse.go:168.17,170.4 1 0
github.com/bh90210/soul/peer/sharedfileistresponse.go:172.3,173.17 2 0
github.com/bh90210/soul/peer/sharedfileistresponse.go:173.17,175.4 1 0
github.com/bh90210/soul/peer/sharedfileistresponse.go:177.3,177.35 1 0
github.com/bh90210/soul/peer/sharedfileistresponse.go:177.35,181.18 3 0
github.com/bh90210/soul/peer/sharedfileistresponse.go:181.18,183.5 1 0
github.com/bh90210/soul/peer/sharedfileistresponse.go:185.4,186.18 2 0
github.com/bh90210/soul/peer/sharedfileistresponse.go:186.18,188.5 1 0
github.com/bh90210/soul/peer/sharedfileistresponse.go:190.4,191.18 2 0
github.com/bh90210/soul/peer/sharedfileistresponse.go:191.18,193.5 1 0
github.com/bh90210/soul/peer/sharedfileistresponse.go:195.4,196.18 2 0
github.com/bh90210/soul/peer/sharedfileistresponse.go:196.18,198.5 1 0
github.com/bh90210/soul/peer/sharedfileistresponse.go:200.4,201.18 2 0
github.com/bh90210/soul/peer/sharedfileistresponse.go:201.18,203.5 1 0
github.com/bh90210/soul/peer/sharedfileistresponse.go:205.4,205.41 1 0
github.com/bh90210/soul/peer/sharedfileistresponse.go:205.41,209.19 3 0
github.com/bh90210/soul/peer/sharedfileistresponse.go:209.19,211.6 1 0
github.com/bh90210/soul/peer/sharedfileistresponse.go:213.5,216.19 3 0
github.com/bh90210/soul/peer/sharedfileistresponse.go:216.19,218.6 1 0
github.com/bh90210/soul/peer/sharedfileistresponse.go:220.5,220.43 1 0
github.com/bh90210/soul/peer/sharedfileistresponse.go:223.4,223.48 1 0
github.com/bh90210/soul/peer/sharedfileistresponse.go:226.3,226.47 1 0
github.com/bh90210/soul/peer/sharedfileistresponse.go:229.2,229.25 1 0
github.com/bh90210/soul/peer/sharedfilelistrequest.go:17.60,20.16 3 0
github.com/bh90210/soul/peer/sharedfilelistrequest.go:20.16,22.3 1 0
github.com/bh90210/soul/peer/sharedfilelistrequest.go:24.2,24.35 1 0
github.com/bh90210/soul/peer/sharedfilelistrequest.go:27.69,29.16 2 0
github.com/bh90210/soul/peer/sharedfilelistrequest.go:29.16,31.3 1 0
github.com/bh90210/soul/peer/sharedfilelistrequest.go:33.2,34.16 2 0
github.com/bh90210/soul/peer/sharedfilelistrequest.go:34.16,36.3 1 0
github.com/bh90210/soul/peer/sharedfilelistrequest.go:38.2,38.47 1 0
github.com/bh90210/soul/peer/sharedfilelistrequest.go:38.47,41.3 1 0
github.com/bh90210/soul/peer/sharedfilelistrequest.go:43.2,43.12 1 0
github.com/bh90210/soul/soul.go:34.23,38.2 3 10
github.com/bh90210/soul/soul.go:41.23,44.2 2 10
github.com/bh90210/soul/soul.go:47.32,49.2 1 10
github.com/bh90210/soul/soul.go:52.26,54.2 1 0
github.com/bh90210/soul/cmd/login-example/main.go:14.13,39.16 8 0
github.com/bh90210/soul/cmd/login-example/main.go:39.16,41.3 1 0
github.com/bh90210/soul/cmd/login-example/main.go:43.2,46.12 2 0
github.com/bh90210/soul/cmd/login-example/main.go:46.12,47.7 1 0
github.com/bh90210/soul/cmd/login-example/main.go:47.7,49.18 2 0
github.com/bh90210/soul/cmd/login-example/main.go:49.18,51.5 1 0
github.com/bh90210/soul/cmd/login-example/main.go:56.2,57.16 2 0
github.com/bh90210/soul/cmd/login-example/main.go:57.16,59.3 1 0
github.com/bh90210/soul/cmd/login-example/main.go:61.2,71.16 6 0
github.com/bh90210/soul/cmd/login-example/main.go:71.16,73.3 1 0
github.com/bh90210/soul/cmd/login-example/main.go:75.2,75.12 1 0
github.com/bh90210/soul/cmd/login-example/main.go:75.12,76.7 1 0
github.com/bh90210/soul/cmd/login-example/main.go:76.7,80.4 3 0
github.com/bh90210/soul/cmd/login-example/main.go:83.2,83.9 1 0
github.com/bh90210/soul/distributed/branchlevel.go:25.67,28.16 3 0
github.com/bh90210/soul/distributed/branchlevel.go:28.16,30.3 1 0
github.com/bh90210/soul/distributed/branchlevel.go:32.2,33.16 2 0
github.com/bh90210/soul/distributed/branchlevel.go:33.16,35.3 1 0
github.com/bh90210/soul/distributed/branchlevel.go:37.2,37.35 1 0
github.com/bh90210/soul/distributed/branchlevel.go:41.59,43.16 2 0
github.com/bh90210/soul/distributed/branchlevel.go:43.16,45.3 1 0
github.com/bh90210/soul/distributed/branchlevel.go:47.2,48.16 2 0
github.com/bh90210/soul/distributed/branchlevel.go:48.16,50.3 1 0
github.com/bh90210/soul/distributed/branchlevel.go:52.2,52.36 1 0
github.com/bh90210/soul/distributed/branchlevel.go:52.36,55.3 1 0
github.com/bh90210/soul/distributed/branchlevel.go:57.2,58.16 2 0
github.com/bh90210/soul/distributed/branchlevel.go:58.16,60.3 1 0
github.com/bh90210/soul/distributed/branchlevel.go:62.2,62.12 1 0
github.com/bh90210/soul/distributed/branchroot.go:24.60,27.16 3 0
github.com/bh90210/soul/distributed/branchroot.go:27.16,29.3 1 0
github.com/bh90210/soul/distributed/branchroot.go:31.2,32.16 2 0
github.com/bh90210/soul/distributed/branchroot.go:32.16,34.3 1 0
github.com/bh90210/soul/distributed/branchroot.go:36.2,36.35 1 0
github.com/bh90210/soul/distributed/branchroot.go:40.58,42.16 2 0
github.com/bh90210/soul/distributed/branchroot.go:42.16,44.3 1 0
github.com/bh90210/soul/distributed/branchroot.go:46.2,47.16 2 0
github.com/bh90210/soul/distributed/branchroot.go:47.16,49.3 1 0
github.com/bh90210/soul/distributed/branchroot.go:51.2,51.35 1 0
github.com/bh90210/soul/distributed/branchroot.go:51.35,54.3 1 0
github.com/bh90210/soul/distributed/branchroot.go:56.2,57.16 2 0
github.com/bh90210/soul/distributed/branchroot.go:57.16,59.3 1 0
github.com/bh90210/soul/distributed/branchroot.go:61.2,61.12 1 0
github.com/bh90210/soul/distributed/distributed.go:15.85,17.2 1 0
github.com/bh90210/soul/distributed/distributed.go:20.69,22.2 1 0
github.com/bh90210/soul/distributed/embeddedmessage.go:25.95,28.16 3 0
github.com/bh90210/soul/distributed/embeddedmessage.go:28.16,30.3 1 0
github.com/bh90210/soul/distributed/embeddedmessage.go:32.2,33.16 2 0
github.com/bh90210/soul/distributed/embeddedmessage.go:33.16,35.3 1 0
github.com/bh90210/soul/distributed/embeddedmessage.go:37.2,38.16 2 0
github.com/bh90210/soul/distributed/embeddedmessage.go:38.16,40.3 1 0
github.com/bh90210/soul/distributed/embeddedmessage.go:42.2,42.35 1 0
github.com/bh90210/soul/distributed/embeddedmessage.go:46.63,48.16 2 0
github.com/bh90210/soul/distributed/embeddedmessage.go:48.16,50.3 1 0
github.com/bh90210/soul/distributed/embeddedmessage.go:52.2,53.16 2 0
github.com/bh90210/soul/distributed/embeddedmessage.go:53.16,55.3 1 0
github.com/bh90210/soul/distributed/embeddedmessage.go:57.2,57.40 1 0
github.com/bh90210/soul/distributed/embeddedmessage.go:57.40,60.3 1 0
github.com/bh90210/soul/distributed/embeddedmessage.go:62.2,63.16 2 0
github.com/bh90210/soul/distributed/embeddedmessage.go:63.16,65.3 1 0
github.com/bh90210/soul/distributed/embeddedmessage.go:67.2,70.16 3 0
github.com/bh90210/soul/distributed/embeddedmessage.go:70.16,72.3 1 0
github.com/bh90210/soul/distributed/embeddedmessage.go:74.2,74.12 1 0
github.com/bh90210/soul/distributed/search.go:25.85,28.16 3 0
github.com/bh90210/soul/distributed/search.go:28.16,30.3 1 0
github.com/bh90210/soul/distributed/search.go:32.2,33.16 2 0
github.com/bh90210/soul/distributed/search.go:33.16,35.3 1 0
github.com/bh90210/soul/distributed/search.go:37.2,38.16 2 0
github.com/bh90210/soul/distributed/search.go:38.16,40.3 1 0
github.com/bh90210/soul/distributed/search.go:42.2,43.16 2 0
github.com/bh90210/soul/distributed/search.go:43.16,45.3 1 0
github.com/bh90210/soul/distributed/search.go:47.2,48.16 2 0
github.com/bh90210/soul/distributed/search.go:48.16,50.3 1 0
github.com/bh90210/soul/distributed/search.go:52.2,52.35 1 0
github.com/bh90210/soul/distributed/search.go:56.54,58.16 2 0
github.com/bh90210/soul/distributed/search.go:58.16,60.3 1 0
github.com/bh90210/soul/distributed/search.go:62.2,63.16 2 0
github.com/bh90210/soul/distributed/search.go:63.16,65.3 1 0
github.com/bh90210/soul/distributed/search.go:67.2,67.31 1 0
github.com/bh90210/soul/distributed/search.go:67.31,70.3 1 0
github.com/bh90210/soul/distributed/search.go:72.2,73.16 2 0
github.com/bh90210/soul/distributed/search.go:73.16,75.3 1 0
github.com/bh90210/soul/distributed/search.go:77.2,78.16 2 0
github.com/bh90210/soul/distributed/search.go:78.16,80.3 1 0
github.com/bh90210/soul/distributed/search.go:82.2,83.16 2 0
github.com/bh90210/soul/distributed/search.go:83.16,85.3 1 0
github.com/bh90210/soul/distributed/search.go:87.2,88.16 2 0
github.com/bh90210/soul/distributed/search.go:88.16,90.3 1 0
github.com/bh90210/soul/distributed/search.go:92.2,92.12 1 0
github.com/bh90210/soul/file/offset.go:18.58,21.16 3 10
github.com/bh90210/soul/file/offset.go:21.16,23.3 1 0
github.com/bh90210/soul/file/offset.go:25.2,25.25 1 10
github.com/bh90210/soul/file/offset.go:29.60,31.16 2 10
github.com/bh90210/soul/file/offset.go:31.16,33.3 1 0
github.com/bh90210/soul/file/offset.go:35.2,35.12 1 10
github.com/bh90210/soul/file/transferinit.go:18.67,22.16 3 10
github.com/bh90210/soul/file/transferinit.go:22.16,24.3 1 0
github.com/bh90210/soul/file/transferinit.go:26.2,26.25 1 10
github.com/bh90210/soul/file/transferinit.go:30.66,32.16 2 10
github.com/bh90210/soul/file/transferinit.go:32.16,34.3 1 0
github.com/bh90210/soul/file/transferinit.go:36.2,36.8 1 10
github.com/bh90210/soul/flow/client.go:24.37,26.16 2 0
github.com/bh90210/soul/flow/client.go:26.16,28.3 1 0
github.com/bh90210/soul/flow/client.go:30.2,33.8 3 0
github.com/bh90210/soul/flow/client.go:36.26,38.2 1 0
github.com/bh90210/soul/flow/client.go:40.57,42.16 2 0
github.com/bh90210/soul/flow/client.go:42.16,44.3 1 0
github.com/bh90210/soul/flow/client.go:46.2,52.18 5 0
github.com/bh90210/soul/flow/client.go:55.53,57.2 1 0
github.com/bh90210/soul/flow/client.go:59.31,61.6 2 0
github.com/bh90210/soul/flow/client.go:61.6,63.17 2 0
github.com/bh90210/soul/flow/client.go:63.17,65.4 1 0
github.com/bh90210/soul/flow/client.go:67.3,68.17 2 0
github.com/bh90210/soul/flow/client.go:68.17,70.4 1 0
github.com/bh90210/soul/flow/client.go:72.3,72.30 1 0
github.com/bh90210/soul/flow/login.go:25.49,27.16 2 0
github.com/bh90210/soul/flow/login.go:27.16,29.3 1 0
github.com/bh90210/soul/flow/login.go:31.2,34.43 3 0
github.com/bh90210/soul/flow/login.go:34.43,36.3 1 0
github.com/bh90210/soul/flow/login.go:38.2,39.16 2 0
github.com/bh90210/soul/flow/login.go:39.16,41.3 1 0
github.com/bh90210/soul/flow/login.go:43.2,44.43 2 0
github.com/bh90210/soul/flow/login.go:44.43,46.3 1 0
github.com/bh90210/soul/flow/login.go:48.2,48.15 1 0
github.com/bh90210/soul/flow/login.go:51.47,54.16 3 0
github.com/bh90210/soul/flow/login.go:54.16,56.3 1 0
github.com/bh90210/soul/flow/login.go:58.2,59.16 2 0
github.com/bh90210/soul/flow/login.go:59.16,61.3 1 0
github.com/bh90210/soul/flow/login.go:63.2,63.12 1 0
github.com/bh90210/soul/flow/login.go:66.69,67.6 1 0
github.com/bh90210/soul/flow/login.go:67.6,69.41 2 0
github.com/bh90210/soul/flow/login.go:69.41,70.18 1 0
github.com/bh90210/soul/flow/login.go:70.18,73.46 3 0
github.com/bh90210/soul/flow/login.go:73.46,76.6 2 0
github.com/bh90210/soul/flow/login.go:78.5,82.11 4 0
github.com/bh90210/soul/flow/login.go:85.3,87.36 2 0
github.com/bh90210/soul/flow/login.go:91.50,94.16 3 0
github.com/bh90210/soul/flow/login.go:94.16,96.3 1 0
github.com/bh90210/soul/flow/login.go:98.2,99.16 2 0
github.com/bh90210/soul/flow/login.go:99.16,101.3 1 0
github.com/bh90210/soul/flow/login.go:103.2,107.16 4 0
github.com/bh90210/soul/flow/login.go:107.16,109.3 1 0
github.com/bh90210/soul/flow/login.go:111.2,112.16 2 0
github.com/bh90210/soul/flow/login.go:112.16,114.3 1 0
github.com/bh90210/soul/flow/login.go:116.2,120.16 4 0
github.com/bh90210/soul/flow/login.go:120.16,122.3 1 0
github.com/bh90210/soul/flow/login.go:124.2,125.16 2 0
github.com/bh90210/soul/flow/login.go:125.16,127.3 1 0
github.com/bh90210/soul/flow/login.go:129.2,133.16 4 0
github.com/bh90210/soul/flow/login.go:133.16,135.3 1 0
github.com/bh90210/soul/flow/login.go:137.2,138.16 2 0
github.com/bh90210/soul/flow/login.go:138.16,140.3 1 0
github.com/bh90210/soul/flow/login.go:142.2,146.16 4 0
github.com/bh90210/soul/flow/login.go:146.16,148.3 1 0
github.com/bh90210/soul/flow/login.go:150.2,151.16 2 0
github.com/bh90210/soul/flow/login.go:151.16,153.3 1 0
github.com/bh90210/soul/flow/login.go:155.2,159.16 4 0
github.com/bh90210/soul/flow/login.go:159.16,161.3 1 0
github.com/bh90210/soul/flow/login.go:163.2,164.16 2 0
github.com/bh90210/soul/flow/login.go:164.16,166.3 1 0
github.com/bh90210/soul/flow/login.go:168.2,172.16 4 0
github.com/bh90210/soul/flow/login.go:172.16,174.3 1 0
github.com/bh90210/soul/flow/login.go:176.2,177.16 2 0
github.com/bh90210/soul/flow/login.go:177.16,179.3 1 0
github.com/bh90210/soul/flow/login.go:181.2,185.16 4 0
github.com/bh90210/soul/flow/login.go:185.16,187.3 1 0
github.com/bh90210/soul/flow/login.go:189.2,190.16 2 0
github.com/bh90210/soul/flow/login.go:190.16,192.3 1 0
github.com/bh90210/soul/flow/login.go:194.2,198.16 4 0
github.com/bh90210/soul/flow/login.go:198.16,200.3 1 0
github.com/bh90210/soul/flow/login.go:202.2,203.16 2 0
github.com/bh90210/soul/flow/login.go:203.16,205.3 1 0
github.com/bh90210/soul/flow/login.go:207.2,207.12 1 0
github.com/bh90210/soul/flow/login.go:210.72,224.6 3 0
github.com/bh90210/soul/flow/login.go:224.6,225.44 1 0
github.com/bh90210/soul/flow/login.go:225.44,227.4 1 0
github.com/bh90210/soul/flow/login.go:230.3,231.37 2 0
github.com/bh90210/soul/flow/login.go:231.37,232.10 1 0
github.com/bh90210/soul/flow/login.go:232.10,234.5 1 0
github.com/bh90210/soul/flow/login.go:236.3,236.39 1 0
github.com/bh90210/soul/flow/login.go:236.39,238.4 1 0
github.com/bh90210/soul/flow/login.go:243.3,243.36 1 0
github.com/bh90210/soul/flow/login.go:243.36,249.54 1 0
github.com/bh90210/soul/flow/login.go:249.54,250.52 1 0
github.com/bh90210/soul/flow/login.go:250.52,252.14 2 0
github.com/bh90210/soul/flow/login.go:255.5,255.46 1 0
github.com/bh90210/soul/flow/login.go:255.46,257.14 2 0
github.com/bh90210/soul/flow/login.go:262.3,262.36 1 0
github.com/bh90210/soul/flow/login.go:262.36,263.34 1 0
github.com/bh90210/soul/flow/login.go:263.34,265.31 2 0
github.com/bh90210/soul/flow/login.go:265.31,266.21 1 0
github.com/bh90210/soul/flow/login.go:266.21,267.19 1 0
github.com/bh90210/soul/flow/login.go:268.32,271.49 3 0
github.com/bh90210/soul/flow/login.go:271.49,274.9 2 0
github.com/bh90210/soul/flow/login.go:276.8,276.80 1 0
github.com/bh90210/soul/flow/login.go:278.38,281.49 3 0
github.com/bh90210/soul/flow/login.go:281.49,284.9 2 0
github.com/bh90210/soul/flow/login.go:286.8,286.84 1 0
github.com/bh90210/soul/flow/login.go:288.40,291.49 3 0
github.com/bh90210/soul/flow/login.go:291.49,294.9 2 0
github.com/bh90210/soul/flow/login.go:296.8,296.88 1 0
github.com/bh90210/soul/flow/login.go:298.40,301.49 3 0
github.com/bh90210/soul/flow/login.go:301.49,304.9 2 0
github.com/bh90210/soul/flow/login.go:306.8,306.89 1 0
github.com/bh90210/soul/flow/login.go:308.39,311.49 3 0
github.com/bh90210/soul/flow/login.go:311.49,314.9 2 0
github.com/bh90210/soul/flow/login.go:316.8,316.87 1 0
github.com/bh90210/soul/flow/login.go:318.45,321.49 3 0
github.com/bh90210/soul/flow/login.go:321.49,324.9 2 0
github.com/bh90210/soul/flow/login.go:326.8,326.97 1 0
github.com/bh90210/soul/flow/login.go:328.39,331.49 3 0
github.com/bh90210/soul/flow/login.go:331.49,334.9 2 0
github.com/bh90210/soul/flow/login.go:336.8,336.88 1 0
github.com/bh90210/soul/flow/login.go:338.33,341.49 3 0
github.com/bh90210/soul/flow/login.go:341.49,344.9 2 0
github.com/bh90210/soul/flow/login.go:346.8,346.121 1 0
github.com/bh90210/soul/flow/login.go:349.7,350.34 2 0
github.com/bh90210/soul/flow/login.go:353.5,353.18 1 0
github.com/bh90210/soul/flow/login.go:357.3,357.37 1 0
github.com/bh90210/soul/flow/search.go:18.69,21.16 3 0
github.com/bh90210/soul/flow/search.go:21.16,23.3 1 0
github.com/bh90210/soul/flow/search.go:25.2,26.16 2 0
github.com/bh90210/soul/flow/search.go:26.16,28.3 1 0
github.com/bh90210/soul/flow/search.go:30.2,32.6 2 0
github.com/bh90210/soul/flow/search.go:32.6,34.46 2 0
github.com/bh90210/soul/flow/search.go:34.46,35.18 1 0
github.com/bh90210/soul/flow/search.go:35.18,37.46 2 0
github.com/bh90210/soul/flow/search.go:37.46,40.6 2 0
github.com/bh90210/soul/flow/search.go:42.5,49.7 3 0
github.com/bh90210/soul/flow/search.go:52.3,54.37 2 0
github.com/bh90210/soul/flow/search.go:58.69,66.29 4 0
github.com/bh90210/soul/flow/search.go:66.29,68.3 1 0
github.com/bh90210/soul/flow/search.go:70.2,70.22 1 0
github.com/bh90210/soul/internal/internal.go:23.79,34.16 4 0
github.com/bh90210/soul/internal/internal.go:34.16,36.3 1 0
github.com/bh90210/soul/internal/internal.go:39.2,41.23 3 0
github.com/bh90210/soul/internal/internal.go:42.47,44.17 2 0
github.com/bh90210/soul/internal/internal.go:44.17,46.4 1 0
github.com/bh90210/soul/internal/internal.go:48.3,50.18 2 0
github.com/bh90210/soul/internal/internal.go:52.38,54.17 2 0
github.com/bh90210/soul/internal/internal.go:54.17,56.4 1 0
github.com/bh90210/soul/internal/internal.go:58.3,60.18 2 0
github.com/bh90210/soul/internal/internal.go:67.2,68.16 2 0
github.com/bh90210/soul/internal/internal.go:68.16,70.3 1 0
github.com/bh90210/soul/internal/internal.go:74.2,76.22 2 0
github.com/bh90210/soul/internal/internal.go:76.22,78.3 1 0
github.com/bh90210/soul/internal/internal.go:80.2,80.38 1 0
github.com/bh90210/soul/internal/internal.go:85.69,87.16 2 0
github.com/bh90210/soul/internal/internal.go:87.16,89.3 1 0
github.com/bh90210/soul/internal/internal.go:91.2,91.15 1 0
github.com/bh90210/soul/internal/internal.go:96.40,99.16 3 0
github.com/bh90210/soul/internal/internal.go:99.16,101.3 1 0
github.com/bh90210/soul/internal/internal.go:103.2,104.16 2 0
github.com/bh90210/soul/internal/internal.go:104.16,106.3 1 0
github.com/bh90210/soul/internal/internal.go:108.2,108.25 1 0
github.com/bh90210/soul/internal/internal.go:112.46,115.16 3 0
github.com/bh90210/soul/internal/internal.go:115.16,117.3 1 0
github.com/bh90210/soul/internal/internal.go:119.2,119.17 1 0
github.com/bh90210/soul/internal/internal.go:123.49,125.2 1 0
github.com/bh90210/soul/internal/internal.go:128.46,131.16 3 0
github.com/bh90210/soul/internal/internal.go:131.16,133.3 1 0
github.com/bh90210/soul/internal/internal.go:135.2,135.17 1 0
github.com/bh90210/soul/internal/internal.go:139.49,141.2 1 0
github.com/bh90210/soul/internal/internal.go:144.49,146.16 2 0
github.com/bh90210/soul/internal/internal.go:146.16,148.3 1 0
github.com/bh90210/soul/internal/internal.go:150.2,150.22 1 0
github.com/bh90210/soul/internal/internal.go:154.48,157.16 3 10
github.com/bh90210/soul/internal/internal.go:157.16,159.3 1 0
github.com/bh90210/soul/internal/internal.go:161.2,161.17 1 10
github.com/bh90210/soul/internal/internal.go:165.51,167.2 1 10
github.com/bh90210/soul/internal/internal.go:170.50,172.16 2 0
github.com/bh90210/soul/internal/internal.go:172.16,174.3 1 0
github.com/bh90210/soul/internal/internal.go:176.2,176.20 1 0
github.com/bh90210/soul/internal/internal.go:180.59,182.16 2 10
github.com/bh90210/soul/internal/internal.go:182.16,184.3 1 0
github.com/bh90210/soul/internal/internal.go:186.2,186.27 1 10
github.com/bh90210/soul/internal/internal.go:190.51,193.16 3 10
github.com/bh90210/soul/internal/internal.go:193.16,195.3 1 0
github.com/bh90210/soul/internal/internal.go:197.2,197.17 1 10
github.com/bh90210/soul/internal/internal.go:201.51,203.2 1 10
github.com/bh90210/soul/internal/internal.go:206.50,208.16 2 0
github.com/bh90210/soul/internal/internal.go:208.16,210.3 1 0
github.com/bh90210/soul/internal/internal.go:212.2,212.22 1 0
github.com/bh90210/soul/internal/internal.go:216.44,219.16 3 0
github.com/bh90210/soul/internal/internal.go:219.16,221.3 1 0
github.com/bh90210/soul/internal/internal.go:223.2,223.26 1 0
github.com/bh90210/soul/internal/internal.go:227.51,229.16 2 0
github.com/bh90210/soul/internal/internal.go:229.16,231.3 1 0
github.com/bh90210/soul/internal/internal.go:233.2,235.16 3 0
github.com/bh90210/soul/internal/internal.go:235.16,237.3 1 0
github.com/bh90210/soul/internal/internal.go:239.2,239.25 1 0
github.com/bh90210/soul/internal/internal.go:243.51,245.16 2 0
github.com/bh90210/soul/internal/internal.go:245.16,247.3 1 0
github.com/bh90210/soul/internal/internal.go:249.2,250.16 2 0
github.com/bh90210/soul/internal/internal.go:250.16,252.3 1 0
github.com/bh90210/soul/internal/internal.go:254.2,254.12 1 0
github.com/bh90210/soul/internal/internal.go:258.47,262.16 3 0
github.com/bh90210/soul/internal/internal.go:262.16,264.3 1 0
github.com/bh90210/soul/internal/internal.go:266.2,266.22 1 0
github.com/bh90210/soul/internal/internal.go:270.47,272.9 2 0
github.com/bh90210/soul/internal/internal.go:272.9,274.3 1 0
github.com/bh90210/soul/internal/internal.go:276.2,276.50 1 0
github.com/bh90210/soul/internal/internal.go:280.50,282.16 2 0
github.com/bh90210/soul/internal/internal.go:282.16,284.3 1 0
github.com/bh90210/soul/internal/internal.go:286.2,288.16 3 0
github.com/bh90210/soul/internal/internal.go:288.16,290.3 1 0
github.com/bh90210/soul/internal/internal.go:292.2,292.17 1 0
github.com/bh90210/soul/internal/internal.go:296.54,298.16 2 0
github.com/bh90210/soul/internal/internal.go:298.16,300.3 1 0
github.com/bh90210/soul/internal/internal.go:302.2,303.16 2 0
github.com/bh90210/soul/internal/internal.go:303.16,305.3 1 0
github.com/bh90210/soul/internal/internal.go:307.2,307.12 1 0
github.com/bh90210/soul/internal/internal.go:311.32,316.2 3 0
github.com/bh90210/soul/peer/peerinit.go:20.95,23.16 3 0
github.com/bh90210/soul/peer/peerinit.go:23.16,25.3 1 0
github.com/bh90210/soul/peer/peerinit.go:27.2,28.16 2 0
github.com/bh90210/soul/peer/peerinit.go:28.16,30.3 1 0
github.com/bh90210/soul/peer/peerinit.go:32.2,33.16 2 0
github.com/bh90210/soul/peer/peerinit.go:33.16,35.3 1 0
github.com/bh90210/soul/peer/peerinit.go:37.2,38.16 2 0
github.com/bh90210/soul/peer/peerinit.go:38.16,40.3 1 0
github.com/bh90210/soul/peer/peerinit.go:42.2,42.35 1 0
github.com/bh90210/soul/peer/peerinit.go:45.56,47.16 2 0
github.com/bh90210/soul/peer/peerinit.go:47.16,49.3 1 0
github.com/bh90210/soul/peer/peerinit.go:51.2,52.16 2 0
github.com/bh90210/soul/peer/peerinit.go:52.16,54.3 1 0
github.com/bh90210/soul/peer/peerinit.go:56.2,56.33 1 0
github.com/bh90210/soul/peer/peerinit.go:56.33,59.3 1 0
github.com/bh90210/soul/peer/peerinit.go:61.2,62.16 2 0
github.com/bh90210/soul/peer/peerinit.go:62.16,64.3 1 0
github.com/bh90210/soul/peer/peerinit.go:66.2,67.16 2 0
github.com/bh90210/soul/peer/peerinit.go:67.16,69.3 1 0
github.com/bh90210/soul/peer/peerinit.go:71.2,74.16 3 0
github.com/bh90210/soul/peer/peerinit.go:74.16,76.3 1 0
github.com/bh90210/soul/peer/peerinit.go:78.2,78.12 1 0
github.com/bh90210/soul/peer/piercefirewall.go:19.69,22.16 3 0
github.com/bh90210/soul/peer/piercefirewall.go:22.16,24.3 1 0
github.com/bh90210/soul/peer/piercefirewall.go:26.2,27.16 2 0
github.com/bh90210/soul/peer/piercefirewall.go:27.16,29.3 1 0
github.com/bh90210/soul/peer/piercefirewall.go:31.2,31.35 1 0
github.com/bh90210/soul/peer/piercefirewall.go:34.62,36.16 2 0
github.com/bh90210/soul/peer/piercefirewall.go:36.16,38.3 1 0
github.com/bh90210/soul/peer/piercefirewall.go:40.2,41.16 2 0
github.com/bh90210/soul/peer/piercefirewall.go:41.16,43.3 1 0
github.com/bh90210/soul/peer/piercefirewall.go:45.2,45.39 1 0
github.com/bh90210/soul/peer/piercefirewall.go:45.39,48.3 1 0
github.com/bh90210/soul/peer/piercefirewall.go:50.2,51.16 2 0
github.com/bh90210/soul/peer/piercefirewall.go:51.16,53.3 1 0
github.com/bh90210/soul/peer/piercefirewall.go:55.2,55.12 1 0
github.com/bh90210/soul/peer/sharedfileistresponse.go:39.104,42.16 3 0
github.com/bh90210/soul/peer/sharedfileistresponse.go:42.16,44.3 1 0
github.com/bh90210/soul/peer/sharedfileistresponse.go:46.2,49.16 3 0
github.com/bh90210/soul/peer/sharedfileistresponse.go:49.16,51.3 1 0
github.com/bh90210/soul/peer/sharedfileistresponse.go:53.2,54.16 2 0
github.com/bh90210/soul/peer/sharedfileistresponse.go:54.16,56.3 1 0
github.com/bh90210/soul/peer/sharedfileistresponse.go:58.2,59.16 2 0
github.com/bh90210/soul/peer/sharedfileistresponse.go:59.16,61.3 1 0
github.com/bh90210/soul/peer/sharedfileistresponse.go:63.2,64.16 2 0
github.com/bh90210/soul/peer/sharedfileistresponse.go:64.16,66.3 1 0
github.com/bh90210/soul/peer/sharedfileistresponse.go:68.2,69.16 2 0
github.com/bh90210/soul/peer/sharedfileistresponse.go:69.16,71.3 1 0
github.com/bh90210/soul/peer/sharedfileistresponse.go:73.2,74.16 2 0
github.com/bh90210/soul/peer/sharedfileistresponse.go:74.16,76.3 1 0
github.com/bh90210/soul/peer/sharedfileistresponse.go:78.2,78.35 1 0
github.com/bh90210/soul/peer/sharedfileistresponse.go:91.92,92.40 1 0
github.com/bh90210/soul/peer/sharedfileistresponse.go:92.40,93.27 1 0
github.com/bh90210/soul/peer/sharedfileistresponse.go:93.27,95.4 1 0
github.com/bh90210/soul/peer/sharedfileistresponse.go:97.3,97.32 1 0
github.com/bh90210/soul/peer/sharedfileistresponse.go:97.32,99.4 1 0
github.com/bh90210/soul/peer/sharedfileistresponse.go:104.2,104.12 1 0
github.com/bh90210/soul/peer/sharedfileistresponse.go:107.70,109.16 2 0
github.com/bh90210/soul/peer/sharedfileistresponse.go:109.16,111.3 1 0
github.com/bh90210/soul/peer/sharedfileistresponse.go:113.2,114.16 2 0
github.com/bh90210/soul/peer/sharedfileistresponse.go:114.16,116.3 1 0
github.com/bh90210/soul/peer/sharedfileistresponse.go:118.2,118.48 1 0
github.com/bh90210/soul/peer/sharedfileistresponse.go:118.48,121.3 1 0
github.com/bh90210/soul/peer/sharedfileistresponse.go:123.2,124.16 2 0
github.com/bh90210/soul/peer/sharedfileistresponse.go:124.16,126.3 1 0
github.com/bh90210/soul/peer/sharedfileistresponse.go:128.2,129.16 2 0
github.com/bh90210/soul/peer/sharedfileistresponse.go:129.16,131.3 1 0
github.com/bh90210/soul/peer/sharedfileistresponse.go:133.2,134.16 2 0
github.com/bh90210/soul/peer/sharedfileistresponse.go:134.16,136.3 1 0
github.com/bh90210/soul/peer/sharedfileistresponse.go:138.2,141.16 3 0
github.com/bh90210/soul/peer/sharedfileistresponse.go:141.16,143.3 1 0
github.com/bh90210/soul/peer/sharedfileistresponse.go:145.2,146.16 2 0
github.com/bh90210/soul/peer/sharedfileistresponse.go:146.16,148.3 1 0
github.com/bh90210/soul/peer/sharedfileistresponse.go:150.2,151.16 2 0
github.com/bh90210/soul/peer/sharedfileistresponse.go:151.16,153.3 1 0
github.com/bh90210/soul/peer/sharedfileistresponse.go:155.2,157.12 2 0
github.com/bh90210/soul/peer/sharedfileistresponse.go:160.109,163.48 2 0
github.com/bh90210/soul/peer/sharedfileistresponse.go:163.48,168.17 4 0
github.com/bh90210/soul/peer/sharedfileistresponse.go:168.17,170.4 1 0
github.com/bh90210/soul/peer/sharedfileistresponse.go:172.3,173.17 2 0
github.com/bh90210/soul/peer/sharedfileistresponse.go:173.17,175.4 1 0
github.com/bh90210/soul/peer/sharedfileistresponse.go:177.3,177.35 1 0
github.com/bh90210/soul/peer/sharedfileistresponse.go:177.35,181.18 3 0
github.com/bh90210/soul/peer/sharedfileistresponse.go:181.18,183.5 1 0
github.com/bh90210/soul/peer/sharedfileistresponse.go:185.4,186.18 2 0
github.com/bh90210/soul/peer/sharedfileistresponse.go:186.18,188.5 1 0
github.com/bh90210/soul/peer/sharedfileistresponse.go:190.4,191.18 2 0
github.com/bh90210/soul/peer/sharedfileistresponse.go:191.18,193.5 1 0
github.com/bh90210/soul/peer/sharedfileistresponse.go:195.4,196.18 2 0
github.com/bh90210/soul/peer/sharedfileistresponse.go:196.18,198.5 1 0
github.com/bh90210/soul/peer/sharedfileistresponse.go:200.4,201.18 2 0
github.com/bh90210/soul/peer/sharedfileistresponse.go:201.18,203.5 1 0
github.com/bh90210/soul/peer/sharedfileistresponse.go:205.4,205.41 1 0
github.com/bh90210/soul/peer/sharedfileistresponse.go:205.41,209.19 3 0
github.com/bh90210/soul/peer/sharedfileistresponse.go:209.19,211.6 1 0
github.com/bh90210/soul/peer/sharedfileistresponse.go:213.5,216.19 3 0
github.com/bh90210/soul/peer/sharedfileistresponse.go:216.19,218.6 1 0
github.com/bh90210/soul/peer/sharedfileistresponse.go:220.5,220.43 1 0
github.com/bh90210/soul/peer/sharedfileistresponse.go:223.4,223.48 1 0
github.com/bh90210/soul/peer/sharedfileistresponse.go:226.3,226.47 1 0
github.com/bh90210/soul/peer/sharedfileistresponse.go:229.2,229.25 1 0
github.com/bh90210/soul/peer/sharedfilelistrequest.go:17.60,20.16 3 0
github.com/bh90210/soul/peer/sharedfilelistrequest.go:20.16,22.3 1 0
github.com/bh90210/soul/peer/sharedfilelistrequest.go:24.2,24.35 1 0
github.com/bh90210/soul/peer/sharedfilelistrequest.go:27.69,29.16 2 0
github.com/bh90210/soul/peer/sharedfilelistrequest.go:29.16,31.3 1 0
github.com/bh90210/soul/peer/sharedfilelistrequest.go:33.2,34.16 2 0
github.com/bh90210/soul/peer/sharedfilelistrequest.go:34.16,36.3 1 0
github.com/bh90210/soul/peer/sharedfilelistrequest.go:38.2,38.47 1 0
github.com/bh90210/soul/peer/sharedfilelistrequest.go:38.47,41.3 1 0
github.com/bh90210/soul/peer/sharedfilelistrequest.go:43.2,43.12 1 0
github.com/bh90210/soul/server/acceptchildren.go:14.64,17.16 3 0
github.com/bh90210/soul/server/acceptchildren.go:17.16,19.3 1 0
github.com/bh90210/soul/server/acceptchildren.go:21.2,22.16 2 0
github.com/bh90210/soul/server/acceptchildren.go:22.16,24.3 1 0
github.com/bh90210/soul/server/acceptchildren.go:26.2,26.35 1 0
github.com/bh90210/soul/server/adminmessage.go:18.60,20.16 2 0
github.com/bh90210/soul/server/adminmessage.go:20.16,22.3 1 0
github.com/bh90210/soul/server/adminmessage.go:24.2,25.16 2 0
github.com/bh90210/soul/server/adminmessage.go:25.16,27.3 1 0
github.com/bh90210/soul/server/adminmessage.go:29.2,29.38 1 0
github.com/bh90210/soul/server/adminmessage.go:29.38,32.3 1 0
github.com/bh90210/soul/server/adminmessage.go:34.2,35.16 2 0
github.com/bh90210/soul/server/adminmessage.go:35.16,37.3 1 0
github.com/bh90210/soul/server/adminmessage.go:39.2,39.12 1 0
github.com/bh90210/soul/server/branchlevel.go:14.59,17.16 3 0
github.com/bh90210/soul/server/branchlevel.go:17.16,19.3 1 0
github.com/bh90210/soul/server/branchlevel.go:21.2,22.16 2 0
github.com/bh90210/soul/server/branchlevel.go:22.16,24.3 1 0
github.com/bh90210/soul/server/branchlevel.go:26.2,26.35 1 0
github.com/bh90210/soul/server/branchroot.go:14.60,17.16 3 0
github.com/bh90210/soul/server/branchroot.go:17.16,19.3 1 0
github.com/bh90210/soul/server/branchroot.go:21.2,22.16 2 0
github.com/bh90210/soul/server/branchroot.go:22.16,24.3 1 0
github.com/bh90210/soul/server/branchroot.go:26.2,26.35 1 0
github.com/bh90210/soul/server/cantconnecttopeer.go:20.89,23.16 3 0
github.com/bh90210/soul/server/cantconnecttopeer.go:23.16,25.3 1 0
github.com/bh90210/soul/server/cantconnecttopeer.go:27.2,28.16 2 0
github.com/bh90210/soul/server/cantconnecttopeer.go:28.16,30.3 1 0
github.com/bh90210/soul/server/cantconnecttopeer.go:32.2,33.16 2 0
github.com/bh90210/soul/server/cantconnecttopeer.go:33.16,35.3 1 0
github.com/bh90210/soul/server/cantconnecttopeer.go:37.2,37.35 1 0
github.com/bh90210/soul/server/cantconnecttopeer.go:40.65,42.16 2 0
github.com/bh90210/soul/server/cantconnecttopeer.go:42.16,44.3 1 0
github.com/bh90210/soul/server/cantconnecttopeer.go:46.2,47.16 2 0
github.com/bh90210/soul/server/cantconnecttopeer.go:47.16,49.3 1 0
github.com/bh90210/soul/server/cantconnecttopeer.go:51.2,51.43 1 0
github.com/bh90210/soul/server/cantconnecttopeer.go:51.43,54.3 1 0
github.com/bh90210/soul/server/cantconnecttopeer.go:56.2,57.16 2 0
github.com/bh90210/soul/server/cantconnecttopeer.go:57.16,59.3 1 0
github.com/bh90210/soul/server/cantconnecttopeer.go:61.2,62.16 2 0
github.com/bh90210/soul/server/cantconnecttopeer.go:62.16,64.3 1 0
github.com/bh90210/soul/server/cantconnecttopeer.go:66.2,66.12 1 0
github.com/bh90210/soul/server/cantcreateroom.go:18.62,20.16 2 0
github.com/bh90210/soul/server/cantcreateroom.go:20.16,22.3 1 0
github.com/bh90210/soul/server/cantcreateroom.go:24.2,25.16 2 0
github.com/bh90210/soul/server/cantcreateroom.go:25.16,27.3 1 0
github.com/bh90210/soul/server/cantcreateroom.go:29.2,29.40 1 0
github.com/bh90210/soul/server/cantcreateroom.go:29.40,32.3 1 0
github.com/bh90210/soul/server/cantcreateroom.go:34.2,35.16 2 0
github.com/bh90210/soul/server/cantcreateroom.go:35.16,37.3 1 0
github.com/bh90210/soul/server/cantcreateroom.go:39.2,39.12 1 0
github.com/bh90210/soul/server/changepassword.go:19.64,22.16 3 0
github.com/bh90210/soul/server/changepassword.go:22.16,24.3 1 0
github.com/bh90210/soul/server/changepassword.go:26.2,27.16 2 0
github.com/bh90210/soul/server/changepassword.go:27.16,29.3 1 0
github.com/bh90210/soul/server/changepassword.go:31.2,31.35 1 0
github.com/bh90210/soul/server/changepassword.go:34.62,36.16 2 0
github.com/bh90210/soul/server/changepassword.go:36.16,38.3 1 0
github.com/bh90210/soul/server/changepassword.go:40.2,41.16 2 0
github.com/bh90210/soul/server/changepassword.go:41.16,43.3 1 0
github.com/bh90210/soul/server/changepassword.go:45.2,45.40 1 0
github.com/bh90210/soul/server/changepassword.go:45.40,48.3 1 0
github.com/bh90210/soul/server/changepassword.go:50.2,51.16 2 0
github.com/bh90210/soul/server/changepassword.go:51.16,53.3 1 0
github.com/bh90210/soul/server/changepassword.go:55.2,55.12 1 0
github.com/bh90210/soul/server/checkprivileges.go:19.54,22.16 3 0
github.com/bh90210/soul/server/checkprivileges.go:22.16,24.3 1 0
github.com/bh90210/soul/server/checkprivileges.go:26.2,26.35 1 0
github.com/bh90210/soul/server/checkprivileges.go:29.63,31.16 2 0
github.com/bh90210/soul/server/checkprivileges.go:31.16,33.3 1 0
github.com/bh90210/soul/server/checkprivileges.go:35.2,36.16 2 0
github.com/bh90210/soul/server/checkprivileges.go:36.16,38.3 1 0
github.com/bh90210/soul/server/checkprivileges.go:40.2,40.41 1 0
github.com/bh90210/soul/server/checkprivileges.go:40.41,43.3 1 0
github.com/bh90210/soul/server/checkprivileges.go:45.2,46.12 2 0
github.com/bh90210/soul/server/connecttopeer.go:26.115,29.16 3 0
github.com/bh90210/soul/server/connecttopeer.go:29.16,31.3 1 0
github.com/bh90210/soul/server/connecttopeer.go:33.2,34.16 2 0
github.com/bh90210/soul/server/connecttopeer.go:34.16,36.3 1 0
github.com/bh90210/soul/server/connecttopeer.go:38.2,39.16 2 0
github.com/bh90210/soul/server/connecttopeer.go:39.16,41.3 1 0
github.com/bh90210/soul/server/connecttopeer.go:43.2,44.16 2 0
github.com/bh90210/soul/server/connecttopeer.go:44.16,46.3 1 0
github.com/bh90210/soul/server/connecttopeer.go:48.2,48.35 1 0
github.com/bh90210/soul/server/connecttopeer.go:51.61,53.16 2 0
github.com/bh90210/soul/server/connecttopeer.go:53.16,55.3 1 0
github.com/bh90210/soul/server/connecttopeer.go:57.2,58.16 2 0
github.com/bh90210/soul/server/connecttopeer.go:58.16,60.3 1 0
github.com/bh90210/soul/server/connecttopeer.go:62.2,62.39 1 0
github.com/bh90210/soul/server/connecttopeer.go:62.39,65.3 1 0
github.com/bh90210/soul/server/connecttopeer.go:67.2,68.16 2 0
github.com/bh90210/soul/server/connecttopeer.go:68.16,70.3 1 0
github.com/bh90210/soul/server/connecttopeer.go:72.2,75.16 3 0
github.com/bh90210/soul/server/connecttopeer.go:75.16,77.3 1 0
github.com/bh90210/soul/server/connecttopeer.go:79.2,82.16 3 0
github.com/bh90210/soul/server/connecttopeer.go:82.16,84.3 1 0
github.com/bh90210/soul/server/connecttopeer.go:86.2,89.16 3 0
github.com/bh90210/soul/server/connecttopeer.go:89.16,91.3 1 0
github.com/bh90210/soul/server/connecttopeer.go:93.2,94.16 2 0
github.com/bh90210/soul/server/connecttopeer.go:94.16,96.3 1 0
github.com/bh90210/soul/server/connecttopeer.go:98.2,99.16 2 0
github.com/bh90210/soul/server/connecttopeer.go:99.16,101.3 1 0
github.com/bh90210/soul/server/connecttopeer.go:103.2,104.16 2 0
github.com/bh90210/soul/server/connecttopeer.go:104.16,106.3 1 0
github.com/bh90210/soul/server/connecttopeer.go:108.2,109.16 2 0
github.com/bh90210/soul/server/connecttopeer.go:109.16,111.3 1 0
github.com/bh90210/soul/server/connecttopeer.go:113.2,113.12 1 0
github.com/bh90210/soul/server/excludedsearchphrases.go:19.69,21.16 2 0
github.com/bh90210/soul/server/excludedsearchphrases.go:21.16,23.3 1 0
github.com/bh90210/soul/server/excludedsearchphrases.go:25.2,26.16 2 0
github.com/bh90210/soul/server/excludedsearchphrases.go:26.16,28.3 1 0
github.com/bh90210/soul/server/excludedsearchphrases.go:30.2,30.47 1 0
github.com/bh90210/soul/server/excludedsearchphrases.go:30.47,33.3 1 0
github.com/bh90210/soul/server/excludedsearchphrases.go:35.2,36.16 2 0
github.com/bh90210/soul/server/excludedsearchphrases.go:36.16,38.3 1 0
github.com/bh90210/soul/server/excludedsearchphrases.go:40.2,40.44 1 0
github.com/bh90210/soul/server/excludedsearchphrases.go:40.44,42.44 2 0
github.com/bh90210/soul/server/excludedsearchphrases.go:42.44,44.4 1 0
github.com/bh90210/soul/server/excludedsearchphrases.go:46.3,46.40 1 0
github.com/bh90210/soul/server/excludedsearchphrases.go:49.2,49.15 1 0
github.com/bh90210/soul/server/filesearch.go:21.85,24.16 3 0
github.com/bh90210/soul/server/filesearch.go:24.16,26.3 1 0
github.com/bh90210/soul/server/filesearch.go:28.2,29.16 2 0
github.com/bh90210/soul/server/filesearch.go:29.16,31.3 1 0
github.com/bh90210/soul/server/filesearch.go:33.2,34.16 2 0
github.com/bh90210/soul/server/filesearch.go:34.16,36.3 1 0
github.com/bh90210/soul/server/filesearch.go:38.2,38.35 1 0
github.com/bh90210/soul/server/filesearch.go:41.58,43.16 2 0
github.com/bh90210/soul/server/filesearch.go:43.16,45.3 1 0
github.com/bh90210/soul/server/filesearch.go:47.2,48.16 2 0
github.com/bh90210/soul/server/filesearch.go:48.16,50.3 1 0
github.com/bh90210/soul/server/filesearch.go:52.2,52.36 1 0
github.com/bh90210/soul/server/filesearch.go:52.36,55.3 1 0
github.com/bh90210/soul/server/filesearch.go:57.2,58.16 2 0
github.com/bh90210/soul/server/filesearch.go:58.16,60.3 1 0
github.com/bh90210/soul/server/filesearch.go:62.2,63.16 2 0
github.com/bh90210/soul/server/filesearch.go:63.16,65.3 1 0
github.com/bh90210/soul/server/filesearch.go:67.2,68.16 2 0
github.com/bh90210/soul/server/filesearch.go:68.16,70.3 1 0
github.com/bh90210/soul/server/filesearch.go:72.2,72.12 1 0
github.com/bh90210/soul/server/getpeeraddress.go:26.68,29.16 3 0
github.com/bh90210/soul/server/getpeeraddress.go:29.16,31.3 1 0
github.com/bh90210/soul/server/getpeeraddress.go:33.2,34.16 2 0
github.com/bh90210/soul/server/getpeeraddress.go:34.16,36.3 1 0
github.com/bh90210/soul/server/getpeeraddress.go:38.2,38.35 1 0
github.com/bh90210/soul/server/getpeeraddress.go:41.62,43.16 2 0
github.com/bh90210/soul/server/getpeeraddress.go:43.16,45.3 1 0
github.com/bh90210/soul/server/getpeeraddress.go:47.2,48.16 2 0
github.com/bh90210/soul/server/getpeeraddress.go:48.16,50.3 1 0
github.com/bh90210/soul/server/getpeeraddress.go:52.2,52.40 1 0
github.com/bh90210/soul/server/getpeeraddress.go:52.40,55.3 1 0
github.com/bh90210/soul/server/getpeeraddress.go:57.2,58.16 2 0
github.com/bh90210/soul/server/getpeeraddress.go:58.16,60.3 1 0
github.com/bh90210/soul/server/getpeeraddress.go:62.2,63.16 2 0
github.com/bh90210/soul/server/getpeeraddress.go:63.16,65.3 1 0
github.com/bh90210/soul/server/getpeeraddress.go:67.2,70.16 3 0
github.com/bh90210/soul/server/getpeeraddress.go:70.16,72.3 1 0
github.com/bh90210/soul/server/getpeeraddress.go:74.2,75.16 2 0
github.com/bh90210/soul/server/getpeeraddress.go:75.16,77.3 1 0
github.com/bh90210/soul/server/getpeeraddress.go:79.2,80.16 2 0
github.com/bh90210/soul/server/getpeeraddress.go:80.16,82.3 1 0
github.com/bh90210/soul/server/getpeeraddress.go:84.2,84.12 1 0
github.com/bh90210/soul/server/getuserstats.go:23.66,26.16 3 0
github.com/bh90210/soul/server/getuserstats.go:26.16,28.3 1 0
github.com/bh90210/soul/server/getuserstats.go:30.2,31.16 2 0
github.com/bh90210/soul/server/getuserstats.go:31.16,33.3 1 0
github.com/bh90210/soul/server/getuserstats.go:35.2,35.35 1 0
github.com/bh90210/soul/server/getuserstats.go:38.60,40.16 2 0
github.com/bh90210/soul/server/getuserstats.go:40.16,42.3 1 0
github.com/bh90210/soul/server/getuserstats.go:44.2,45.16 2 0
github.com/bh90210/soul/server/getuserstats.go:45.16,47.3 1 0
github.com/bh90210/soul/server/getuserstats.go:49.2,49.38 1 0
github.com/bh90210/soul/server/getuserstats.go:49.38,52.3 1 0
github.com/bh90210/soul/server/getuserstats.go:54.2,55.16 2 0
github.com/bh90210/soul/server/getuserstats.go:55.16,57.3 1 0
github.com/bh90210/soul/server/getuserstats.go:59.2,60.16 2 0
github.com/bh90210/soul/server/getuserstats.go:60.16,62.3 1 0
github.com/bh90210/soul/server/getuserstats.go:64.2,65.16 2 0
github.com/bh90210/soul/server/getuserstats.go:65.16,67.3 1 0
github.com/bh90210/soul/server/getuserstats.go:69.2,70.16 2 0
github.com/bh90210/soul/server/getuserstats.go:70.16,72.3 1 0
github.com/bh90210/soul/server/getuserstats.go:74.2,75.16 2 0
github.com/bh90210/soul/server/getuserstats.go:75.16,77.3 1 0
github.com/bh90210/soul/server/getuserstats.go:79.2,79.12 1 0
github.com/bh90210/soul/server/getuserstatus.go:22.67,25.16 3 0
github.com/bh90210/soul/server/getuserstatus.go:25.16,27.3 1 0
github.com/bh90210/soul/server/getuserstatus.go:29.2,30.16 2 0
github.com/bh90210/soul/server/getuserstatus.go:30.16,32.3 1 0
github.com/bh90210/soul/server/getuserstatus.go:34.2,34.35 1 0
github.com/bh90210/soul/server/getuserstatus.go:37.61,39.16 2 0
github.com/bh90210/soul/server/getuserstatus.go:39.16,41.3 1 0
github.com/bh90210/soul/server/getuserstatus.go:43.2,44.16 2 0
github.com/bh90210/soul/server/getuserstatus.go:44.16,46.3 1 0
github.com/bh90210/soul/server/getuserstatus.go:48.2,48.39 1 0
github.com/bh90210/soul/server/getuserstatus.go:48.39,51.3 1 0
github.com/bh90210/soul/server/getuserstatus.go:53.2,54.16 2 0
github.com/bh90210/soul/server/getuserstatus.go:54.16,56.3 1 0
github.com/bh90210/soul/server/getuserstatus.go:58.2,59.16 2 0
github.com/bh90210/soul/server/getuserstatus.go:59.16,61.3 1 0
github.com/bh90210/soul/server/getuserstatus.go:63.2,66.16 3 0
github.com/bh90210/soul/server/getuserstatus.go:66.16,68.3 1 0
github.com/bh90210/soul/server/getuserstatus.go:70.2,70.12 1 0
github.com/bh90210/soul/server/giveprivileges.go:14.78,17.16 3 0
github.com/bh90210/soul/server/giveprivileges.go:17.16,19.3 1 0
github.com/bh90210/soul/server/giveprivileges.go:21.2,22.16 2 0
github.com/bh90210/soul/server/giveprivileges.go:22.16,24.3 1 0
github.com/bh90210/soul/server/giveprivileges.go:26.2,27.16 2 0
github.com/bh90210/soul/server/giveprivileges.go:27.16,29.3 1 0
github.com/bh90210/soul/server/giveprivileges.go:31.2,31.35 1 0
github.com/bh90210/soul/server/havenoparent.go:14.67,17.16 3 0
github.com/bh90210/soul/server/havenoparent.go:17.16,19.3 1 0
github.com/bh90210/soul/server/havenoparent.go:21.2,22.16 2 0
github.com/bh90210/soul/server/havenoparent.go:22.16,24.3 1 0
github.com/bh90210/soul/server/havenoparent.go:26.2,26.35 1 0
github.com/bh90210/soul/server/joinroom.go:38.72,41.16 3 0
github.com/bh90210/soul/server/joinroom.go:41.16,43.3 1 0
github.com/bh90210/soul/server/joinroom.go:45.2,46.16 2 0
github.com/bh90210/soul/server/joinroom.go:46.16,48.3 1 0
github.com/bh90210/soul/server/joinroom.go:50.2,50.13 1 0
github.com/bh90210/soul/server/joinroom.go:50.13,52.3 1 0
github.com/bh90210/soul/server/joinroom.go:52.8,54.3 1 0
github.com/bh90210/soul/server/joinroom.go:56.2,56.35 1 0
github.com/bh90210/soul/server/joinroom.go:59.56,61.16 2 0
github.com/bh90210/soul/server/joinroom.go:61.16,63.3 1 0
github.com/bh90210/soul/server/joinroom.go:65.2,66.16 2 0
github.com/bh90210/soul/server/joinroom.go:66.16,68.3 1 0
github.com/bh90210/soul/server/joinroom.go:70.2,70.34 1 0
github.com/bh90210/soul/server/joinroom.go:70.34,73.3 1 0
github.com/bh90210/soul/server/joinroom.go:75.2,76.16 2 0
github.com/bh90210/soul/server/joinroom.go:76.16,78.3 1 0
github.com/bh90210/soul/server/joinroom.go:80.2,81.16 2 0
github.com/bh90210/soul/server/joinroom.go:81.16,83.3 1 0
github.com/bh90210/soul/server/joinroom.go:85.2,85.40 1 0
github.com/bh90210/soul/server/joinroom.go:85.40,89.17 3 0
github.com/bh90210/soul/server/joinroom.go:89.17,91.4 1 0
github.com/bh90210/soul/server/joinroom.go:93.3,93.31 1 0
github.com/bh90210/soul/server/joinroom.go:96.2,97.16 2 0
github.com/bh90210/soul/server/joinroom.go:97.16,99.3 1 0
github.com/bh90210/soul/server/joinroom.go:101.2,101.37 1 0
github.com/bh90210/soul/server/joinroom.go:101.37,103.17 2 0
github.com/bh90210/soul/server/joinroom.go:103.17,105.4 1 0
github.com/bh90210/soul/server/joinroom.go:107.3,107.41 1 0
github.com/bh90210/soul/server/joinroom.go:110.2,111.16 2 0
github.com/bh90210/soul/server/joinroom.go:111.16,113.3 1 0
github.com/bh90210/soul/server/joinroom.go:115.2,115.34 1 0
github.com/bh90210/soul/server/joinroom.go:115.34,117.17 2 0
github.com/bh90210/soul/server/joinroom.go:117.17,119.4 1 0
github.com/bh90210/soul/server/joinroom.go:121.3,124.17 3 0
github.com/bh90210/soul/server/joinroom.go:124.17,126.4 1 0
github.com/bh90210/soul/server/joinroom.go:128.3,131.17 3 0
github.com/bh90210/soul/server/joinroom.go:131.17,133.4 1 0
github.com/bh90210/soul/server/joinroom.go:135.3,136.17 2 0
github.com/bh90210/soul/server/joinroom.go:136.17,138.4 1 0
github.com/bh90210/soul/server/joinroom.go:140.3,143.17 3 0
github.com/bh90210/soul/server/joinroom.go:143.17,145.4 1 0
github.com/bh90210/soul/server/joinroom.go:147.3,147.44 1 0
github.com/bh90210/soul/server/joinroom.go:150.2,151.16 2 0
github.com/bh90210/soul/server/joinroom.go:151.16,153.3 1 0
github.com/bh90210/soul/server/joinroom.go:155.2,155.34 1 0
github.com/bh90210/soul/server/joinroom.go:155.34,157.17 2 0
github.com/bh90210/soul/server/joinroom.go:157.17,159.4 1 0
github.com/bh90210/soul/server/joinroom.go:161.3,161.40 1 0
github.com/bh90210/soul/server/joinroom.go:164.2,165.16 2 0
github.com/bh90210/soul/server/joinroom.go:165.16,167.3 1 0
github.com/bh90210/soul/server/joinroom.go:169.2,169.38 1 0
github.com/bh90210/soul/server/joinroom.go:169.38,171.17 2 0
github.com/bh90210/soul/server/joinroom.go:171.17,173.4 1 0
github.com/bh90210/soul/server/joinroom.go:175.3,175.39 1 0
github.com/bh90210/soul/server/joinroom.go:178.2,179.16 2 0
github.com/bh90210/soul/server/joinroom.go:179.16,181.3 1 0
github.com/bh90210/soul/server/joinroom.go:183.2,184.16 2 0
github.com/bh90210/soul/server/joinroom.go:184.16,186.3 1 0
github.com/bh90210/soul/server/joinroom.go:188.2,188.38 1 0
github.com/bh90210/soul/server/joinroom.go:188.38,190.17 2 0
github.com/bh90210/soul/server/joinroom.go:190.17,192.4 1 0
github.com/bh90210/soul/server/joinroom.go:194.3,194.46 1 0
github.com/bh90210/soul/server/joinroom.go:197.2,197.12 1 0
github.com/bh90210/soul/server/leaveroom.go:19.59,22.16 3 0
github.com/bh90210/soul/server/leaveroom.go:22.16,24.3 1 0
github.com/bh90210/soul/server/leaveroom.go:26.2,27.16 2 0
github.com/bh90210/soul/server/leaveroom.go:27.16,29.3 1 0
github.com/bh90210/soul/server/leaveroom.go:31.2,31.35 1 0
github.com/bh90210/soul/server/leaveroom.go:34.57,36.16 2 0
github.com/bh90210/soul/server/leaveroom.go:36.16,38.3 1 0
github.com/bh90210/soul/server/leaveroom.go:40.2,41.16 2 0
github.com/bh90210/soul/server/leaveroom.go:41.16,43.3 1 0
github.com/bh90210/soul/server/leaveroom.go:45.2,45.35 1 0
github.com/bh90210/soul/server/leaveroom.go:45.35,48.3 1 0
github.com/bh90210/soul/server/leaveroom.go:50.2,51.16 2 0
github.com/bh90210/soul/server/leaveroom.go:51.16,53.3 1 0
github.com/bh90210/soul/server/leaveroom.go:55.2,55.12 1 0
github.com/bh90210/soul/server/login.go:33.76,36.16 3 0
github.com/bh90210/soul/server/login.go:36.16,38.3 1 0
github.com/bh90210/soul/server/login.go:40.2,41.16 2 0
github.com/bh90210/soul/server/login.go:41.16,43.3 1 0
github.com/bh90210/soul/server/login.go:45.2,46.16 2 0
github.com/bh90210/soul/server/login.go:46.16,48.3 1 0
github.com/bh90210/soul/server/login.go:50.2,51.16 2 0
github.com/bh90210/soul/server/login.go:51.16,53.3 1 0
github.com/bh90210/soul/server/login.go:55.2,56.16 2 0
github.com/bh90210/soul/server/login.go:56.16,58.3 1 0
github.com/bh90210/soul/server/login.go:60.2,61.16 2 0
github.com/bh90210/soul/server/login.go:61.16,63.3 1 0
github.com/bh90210/soul/server/login.go:65.2,66.16 2 0
github.com/bh90210/soul/server/login.go:66.16,68.3 1 0
github.com/bh90210/soul/server/login.go:70.2,70.35 1 0
github.com/bh90210/soul/server/login.go:86.53,88.16 2 0
github.com/bh90210/soul/server/login.go:88.16,90.3 1 0
github.com/bh90210/soul/server/login.go:92.2,93.16 2 0
github.com/bh90210/soul/server/login.go:93.16,95.3 1 0
github.com/bh90210/soul/server/login.go:97.2,97.31 1 0
github.com/bh90210/soul/server/login.go:97.31,100.3 1 0
github.com/bh90210/soul/server/login.go:102.2,103.16 2 0
github.com/bh90210/soul/server/login.go:103.16,105.3 1 0
github.com/bh90210/soul/server/login.go:107.2,107.14 1 0
github.com/bh90210/soul/server/login.go:107.14,109.44 2 0
github.com/bh90210/soul/server/login.go:109.44,111.4 1 0
github.com/bh90210/soul/server/login.go:113.3,113.21 1 0
github.com/bh90210/soul/server/login.go:114.26,115.29 1 0
github.com/bh90210/soul/server/login.go:117.22,118.25 1 0
github.com/bh90210/soul/server/login.go:120.25,121.28 1 0
github.com/bh90210/soul/server/login.go:126.3,126.61 1 0
github.com/bh90210/soul/server/login.go:129.2,130.16 2 0
github.com/bh90210/soul/server/login.go:130.16,132.3 1 0
github.com/bh90210/soul/server/login.go:134.2,135.16 2 0
github.com/bh90210/soul/server/login.go:135.16,137.3 1 0
github.com/bh90210/soul/server/login.go:139.2,142.12 3 0
github.com/bh90210/soul/server/login.go:145.60,148.2 2 0
github.com/bh90210/soul/server/messageacked.go:14.64,17.16 3 0
github.com/bh90210/soul/server/messageacked.go:17.16,19.3 1 0
github.com/bh90210/soul/server/messageacked.go:21.2,22.16 2 0
github.com/bh90210/soul/server/messageacked.go:22.16,24.3 1 0
github.com/bh90210/soul/server/messageacked.go:26.2,26.35 1 0
github.com/bh90210/soul/server/messageuser.go:23.74,26.16 3 0
github.com/bh90210/soul/server/messageuser.go:26.16,28.3 1 0
github.com/bh90210/soul/server/messageuser.go:30.2,31.16 2 0
github.com/bh90210/soul/server/messageuser.go:31.16,33.3 1 0
github.com/bh90210/soul/server/messageuser.go:35.2,36.16 2 0
github.com/bh90210/soul/server/messageuser.go:36.16,38.3 1 0
github.com/bh90210/soul/server/messageuser.go:40.2,40.35 1 0
github.com/bh90210/soul/server/messageuser.go:43.59,45.16 2 0
github.com/bh90210/soul/server/messageuser.go:45.16,47.3 1 0
github.com/bh90210/soul/server/messageuser.go:49.2,50.16 2 0
github.com/bh90210/soul/server/messageuser.go:50.16,52.3 1 0
github.com/bh90210/soul/server/messageuser.go:54.2,54.37 1 0
github.com/bh90210/soul/server/messageuser.go:54.37,57.3 1 0
github.com/bh90210/soul/server/messageuser.go:59.2,60.16 2 0
github.com/bh90210/soul/server/messageuser.go:60.16,62.3 1 0
github.com/bh90210/soul/server/messageuser.go:64.2,65.16 2 0
github.com/bh90210/soul/server/messageuser.go:65.16,67.3 1 0
github.com/bh90210/soul/server/messageuser.go:69.2,70.16 2 0
github.com/bh90210/soul/server/messageuser.go:70.16,72.3 1 0
github.com/bh90210/soul/server/messageuser.go:74.2,75.16 2 0
github.com/bh90210/soul/server/messageuser.go:75.16,77.3 1 0
github.com/bh90210/soul/server/messageuser.go:79.2,80.16 2 0
github.com/bh90210/soul/server/messageuser.go:80.16,82.3 1 0
github.com/bh90210/soul/server/messageuser.go:84.2,84.12 1 0
github.com/bh90210/soul/server/messageusers.go:14.85,17.16 3 0
github.com/bh90210/soul/server/messageusers.go:17.16,19.3 1 0
github.com/bh90210/soul/server/messageusers.go:21.2,22.16 2 0
github.com/bh90210/soul/server/messageusers.go:22.16,24.3 1 0
github.com/bh90210/soul/server/messageusers.go:26.2,26.37 1 0
github.com/bh90210/soul/server/messageusers.go:26.37,28.17 2 0
github.com/bh90210/soul/server/messageusers.go:28.17,30.4 1 0
github.com/bh90210/soul/server/messageusers.go:33.2,34.16 2 0
github.com/bh90210/soul/server/messageusers.go:34.16,36.3 1 0
github.com/bh90210/soul/server/messageusers.go:38.2,38.35 1 0
github.com/bh90210/soul/server/parentminspeed.go:18.62,20.16 2 0
github.com/bh90210/soul/server/parentminspeed.go:20.16,22.3 1 0
github.com/bh90210/soul/server/parentminspeed.go:24.2,25.16 2 0
github.com/bh90210/soul/server/parentminspeed.go:25.16,27.3 1 0
github.com/bh90210/soul/server/parentminspeed.go:29.2,29.40 1 0
github.com/bh90210/soul/server/parentminspeed.go:29.40,32.3 1 0
github.com/bh90210/soul/server/parentminspeed.go:34.2,35.12 2 0
github.com/bh90210/soul/server/parentspeedratio.go:18.64,20.16 2 0
github.com/bh90210/soul/server/parentspeedratio.go:20.16,22.3 1 0
github.com/bh90210/soul/server/parentspeedratio.go:24.2,25.16 2 0
github.com/bh90210/soul/server/parentspeedratio.go:25.16,27.3 1 0
github.com/bh90210/soul/server/parentspeedratio.go:29.2,29.42 1 0
github.com/bh90210/soul/server/parentspeedratio.go:29.42,32.3 1 0
github.com/bh90210/soul/server/parentspeedratio.go:34.2,35.12 2 0
github.com/bh90210/soul/server/ping.go:14.43,17.16 3 0
github.com/bh90210/soul/server/ping.go:17.16,19.3 1 0
github.com/bh90210/soul/server/ping.go:21.2,21.35 1 0
github.com/bh90210/soul/server/possibleparents.go:25.63,27.16 2 0
github.com/bh90210/soul/server/possibleparents.go:27.16,29.3 1 0
github.com/bh90210/soul/server/possibleparents.go:31.2,32.16 2 0
github.com/bh90210/soul/server/possibleparents.go:32.16,34.3 1 0
github.com/bh90210/soul/server/possibleparents.go:36.2,36.41 1 0
github.com/bh90210/soul/server/possibleparents.go:36.41,39.3 1 0
github.com/bh90210/soul/server/possibleparents.go:41.2,42.16 2 0
github.com/bh90210/soul/server/possibleparents.go:42.16,44.3 1 0
github.com/bh90210/soul/server/possibleparents.go:46.2,46.36 1 0
github.com/bh90210/soul/server/possibleparents.go:46.36,50.17 3 0
github.com/bh90210/soul/server/possibleparents.go:50.17,52.4 1 0
github.com/bh90210/soul/server/possibleparents.go:54.3,55.17 2 0
github.com/bh90210/soul/server/possibleparents.go:55.17,57.4 1 0
github.com/bh90210/soul/server/possibleparents.go:59.3,62.17 3 0
github.com/bh90210/soul/server/possibleparents.go:62.17,64.4 1 0
github.com/bh90210/soul/server/possibleparents.go:66.3,66.40 1 0
github.com/bh90210/soul/server/possibleparents.go:69.2,69.12 1 0
github.com/bh90210/soul/server/privateroomadded.go:18.64,20.16 2 0
github.com/bh90210/soul/server/privateroomadded.go:20.16,22.3 1 0
github.com/bh90210/soul/server/privateroomadded.go:24.2,25.16 2 0
github.com/bh90210/soul/server/privateroomadded.go:25.16,27.3 1 0
github.com/bh90210/soul/server/privateroomadded.go:29.2,29.42 1 0
github.com/bh90210/soul/server/privateroomadded.go:29.42,32.3 1 0
github.com/bh90210/soul/server/privateroomadded.go:34.2,35.16 2 0
github.com/bh90210/soul/server/privateroomadded.go:35.16,37.3 1 0
github.com/bh90210/soul/server/privateroomadded.go:39.2,39.12 1 0
github.com/bh90210/soul/server/privateroomaddoperator.go:20.82,23.16 3 0
github.com/bh90210/soul/server/privateroomaddoperator.go:23.16,25.3 1 0
github.com/bh90210/soul/server/privateroomaddoperator.go:27.2,28.16 2 0
github.com/bh90210/soul/server/privateroomaddoperator.go:28.16,30.3 1 0
github.com/bh90210/soul/server/privateroomaddoperator.go:32.2,33.16 2 0
github.com/bh90210/soul/server/privateroomaddoperator.go:33.16,35.3 1 0
github.com/bh90210/soul/server/privateroomaddoperator.go:37.2,37.35 1 0
github.com/bh90210/soul/server/privateroomaddoperator.go:40.70,42.16 2 0
github.com/bh90210/soul/server/privateroomaddoperator.go:42.16,44.3 1 0
github.com/bh90210/soul/server/privateroomaddoperator.go:46.2,47.16 2 0
github.com/bh90210/soul/server/privateroomaddoperator.go:47.16,49.3 1 0
github.com/bh90210/soul/server/privateroomaddoperator.go:51.2,51.48 1 0
github.com/bh90210/soul/server/privateroomaddoperator.go:51.48,54.3 1 0
github.com/bh90210/soul/server/privateroomaddoperator.go:56.2,57.16 2 0
github.com/bh90210/soul/server/privateroomaddoperator.go:57.16,59.3 1 0
github.com/bh90210/soul/server/privateroomaddoperator.go:61.2,62.16 2 0
github.com/bh90210/soul/server/privateroomaddoperator.go:62.16,64.3 1 0
github.com/bh90210/soul/server/privateroomaddoperator.go:66.2,66.12 1 0
github.com/bh90210/soul/server/privateroomadduser.go:20.78,23.16 3 0
github.com/bh90210/soul/server/privateroomadduser.go:23.16,25.3 1 0
github.com/bh90210/soul/server/privateroomadduser.go:27.2,28.16 2 0
github.com/bh90210/soul/server/privateroomadduser.go:28.16,30.3 1 0
github.com/bh90210/soul/server/privateroomadduser.go:32.2,33.16 2 0
github.com/bh90210/soul/server/privateroomadduser.go:33.16,35.3 1 0
github.com/bh90210/soul/server/privateroomadduser.go:37.2,37.35 1 0
github.com/bh90210/soul/server/privateroomadduser.go:40.66,42.16 2 0
github.com/bh90210/soul/server/privateroomadduser.go:42.16,44.3 1 0
github.com/bh90210/soul/server/privateroomadduser.go:46.2,47.16 2 0
github.com/bh90210/soul/server/privateroomadduser.go:47.16,49.3 1 0
github.com/bh90210/soul/server/privateroomadduser.go:51.2,51.44 1 0
github.com/bh90210/soul/server/privateroomadduser.go:51.44,54.3 1 0
github.com/bh90210/soul/server/privateroomadduser.go:56.2,57.16 2 0
github.com/bh90210/soul/server/privateroomadduser.go:57.16,59.3 1 0
github.com/bh90210/soul/server/privateroomadduser.go:61.2,62.16 2 0
github.com/bh90210/soul/server/privateroomadduser.go:62.16,64.3 1 0
github.com/bh90210/soul/server/privateroomadduser.go:66.2,66.12 1 0
github.com/bh90210/soul/server/privateroomcancelmembership.go:14.77,17.16 3 0
github.com/bh90210/soul/server/privateroomcancelmembership.go:17.16,19.3 1 0
github.com/bh90210/soul/server/privateroomcancelmembership.go:21.2,22.16 2 0
github.com/bh90210/soul/server/privateroomcancelmembership.go:22.16,24.3 1 0
github.com/bh90210/soul/server/privateroomcancelmembership.go:26.2,26.35 1 0
github.com/bh90210/soul/server/privateroomdisown.go:14.67,17.16 3 0
github.com/bh90210/soul/server/privateroomdisown.go:17.16,19.3 1 0
github.com/bh90210/soul/server/privateroomdisown.go:21.2,22.16 2 0
github.com/bh90210/soul/server/privateroomdisown.go:22.16,24.3 1 0
github.com/bh90210/soul/server/privateroomdisown.go:26.2,26.35 1 0
github.com/bh90210/soul/server/privateroomoperatoradded.go:18.72,20.16 2 0
github.com/bh90210/soul/server/privateroomoperatoradded.go:20.16,22.3 1 0
github.com/bh90210/soul/server/privateroomoperatoradded.go:24.2,25.16 2 0
github.com/bh90210/soul/server/privateroomoperatoradded.go:25.16,27.3 1 0
github.com/bh90210/soul/server/privateroomoperatoradded.go:29.2,29.50 1 0
github.com/bh90210/soul/server/privateroomoperatoradded.go:29.50,32.3 1 0
github.com/bh90210/soul/server/privateroomoperatoradded.go:34.2,35.16 2 0
github.com/bh90210/soul/server/privateroomoperatoradded.go:35.16,37.3 1 0
github.com/bh90210/soul/server/privateroomoperatoradded.go:39.2,39.12 1 0
github.com/bh90210/soul/server/privateroomoperatorremoved.go:18.74,20.16 2 0
github.com/bh90210/soul/server/privateroomoperatorremoved.go:20.16,22.3 1 0
github.com/bh90210/soul/server/privateroomoperatorremoved.go:24.2,25.16 2 0
github.com/bh90210/soul/server/privateroomoperatorremoved.go:25.16,27.3 1 0
github.com/bh90210/soul/server/privateroomoperatorremoved.go:29.2,29.52 1 0
github.com/bh90210/soul/server/privateroomoperatorremoved.go:29.52,32.3 1 0
github.com/bh90210/soul/server/privateroomoperatorremoved.go:34.2,35.16 2 0
github.com/bh90210/soul/server/privateroomoperatorremoved.go:35.16,37.3 1 0
github.com/bh90210/soul/server/privateroomoperatorremoved.go:39.2,39.12 1 0
github.com/bh90210/soul/server/privateroomoperators.go:19.68,21.16 2 0
github.com/bh90210/soul/server/privateroomoperators.go:21.16,23.3 1 0
github.com/bh90210/soul/server/privateroomoperators.go:25.2,26.16 2 0
github.com/bh90210/soul/server/privateroomoperators.go:26.16,28.3 1 0
github.com/bh90210/soul/server/privateroomoperators.go:30.2,30.46 1 0
github.com/bh90210/soul/server/privateroomoperators.go:30.46,33.3 1 0
github.com/bh90210/soul/server/privateroomoperators.go:35.2,36.16 2 0
github.com/bh90210/soul/server/privateroomoperators.go:36.16,38.3 1 0
github.com/bh90210/soul/server/privateroomoperators.go:40.2,41.16 2 0
github.com/bh90210/soul/server/privateroomoperators.go:41.16,43.3 1 0
github.com/bh90210/soul/server/privateroomoperators.go:45.2,45.38 1 0
github.com/bh90210/soul/server/privateroomoperators.go:45.38,47.17 2 0
github.com/bh90210/soul/server/privateroomoperators.go:47.17,49.4 1 0
github.com/bh90210/soul/server/privateroomoperators.go:51.3,51.46 1 0
github.com/bh90210/soul/server/privateroomoperators.go:54.2,54.12 1 0
github.com/bh90210/soul/server/privateroomremoved.go:18.66,20.16 2 0
github.com/bh90210/soul/server/privateroomremoved.go:20.16,22.3 1 0
github.com/bh90210/soul/server/privateroomremoved.go:24.2,25.16 2 0
github.com/bh90210/soul/server/privateroomremoved.go:25.16,27.3 1 0
github.com/bh90210/soul/server/privateroomremoved.go:29.2,29.44 1 0
github.com/bh90210/soul/server/privateroomremoved.go:29.44,32.3 1 0
github.com/bh90210/soul/server/privateroomremoved.go:34.2,35.16 2 0
github.com/bh90210/soul/server/privateroomremoved.go:35.16,37.3 1 0
github.com/bh90210/soul/server/privateroomremoved.go:39.2,39.12 1 0
github.com/bh90210/soul/server/privateroomremoveoperator.go:20.85,23.16 3 0
github.com/bh90210/soul/server/privateroomremoveoperator.go:23.16,25.3 1 0
github.com/bh90210/soul/server/privateroomremoveoperator.go:27.2,28.16 2 0
github.com/bh90210/soul/server/privateroomremoveoperator.go:28.16,30.3 1 0
github.com/bh90210/soul/server/privateroomremoveoperator.go:32.2,33.16 2 0
github.com/bh90210/soul/server/privateroomremoveoperator.go:33.16,35.3 1 0
github.com/bh90210/soul/server/privateroomremoveoperator.go:37.2,37.35 1 0
github.com/bh90210/soul/server/privateroomremoveoperator.go:40.73,42.16 2 0
github.com/bh90210/soul/server/privateroomremoveoperator.go:42.16,44.3 1 0
github.com/bh90210/soul/server/privateroomremoveoperator.go:46.2,47.16 2 0
github.com/bh90210/soul/server/privateroomremoveoperator.go:47.16,49.3 1 0
github.com/bh90210/soul/server/privateroomremoveoperator.go:51.2,51.51 1 0
github.com/bh90210/soul/server/privateroomremoveoperator.go:51.51,54.3 1 0
github.com/bh90210/soul/server/privateroomremoveoperator.go:56.2,57.16 2 0
github.com/bh90210/soul/server/privateroomremoveoperator.go:57.16,59.3 1 0
github.com/bh90210/soul/server/privateroomremoveoperator.go:61.2,62.16 2 0
github.com/bh90210/soul/server/privateroomremoveoperator.go:62.16,64.3 1 0
github.com/bh90210/soul/server/privateroomremoveoperator.go:66.2,66.12 1 0
github.com/bh90210/soul/server/privateroomremoveuser.go:20.81,23.16 3 0
github.com/bh90210/soul/server/privateroomremoveuser.go:23.16,25.3 1 0
github.com/bh90210/soul/server/privateroomremoveuser.go:27.2,28.16 2 0
github.com/bh90210/soul/server/privateroomremoveuser.go:28.16,30.3 1 0
github.com/bh90210/soul/server/privateroomremoveuser.go:32.2,33.16 2 0
github.com/bh90210/soul/server/privateroomremoveuser.go:33.16,35.3 1 0
github.com/bh90210/soul/server/privateroomremoveuser.go:37.2,37.35 1 0
github.com/bh90210/soul/server/privateroomremoveuser.go:40.69,42.16 2 0
github.com/bh90210/soul/server/privateroomremoveuser.go:42.16,44.3 1 0
github.com/bh90210/soul/server/privateroomremoveuser.go:46.2,47.16 2 0
github.com/bh90210/soul/server/privateroomremoveuser.go:47.16,49.3 1 0
github.com/bh90210/soul/server/privateroomremoveuser.go:51.2,51.47 1 0
github.com/bh90210/soul/server/privateroomremoveuser.go:51.47,54.3 1 0
github.com/bh90210/soul/server/privateroomremoveuser.go:56.2,57.16 2 0
github.com/bh90210/soul/server/privateroomremoveuser.go:57.16,59.3 1 0
github.com/bh90210/soul/server/privateroomremoveuser.go:61.2,62.16 2 0
github.com/bh90210/soul/server/privateroomremoveuser.go:62.16,64.3 1 0
github.com/bh90210/soul/server/privateroomremoveuser.go:66.2,66.12 1 0
github.com/bh90210/soul/server/privateroomtoggle.go:19.68,22.16 3 0
github.com/bh90210/soul/server/privateroomtoggle.go:22.16,24.3 1 0
github.com/bh90210/soul/server/privateroomtoggle.go:26.2,27.16 2 0
github.com/bh90210/soul/server/privateroomtoggle.go:27.16,29.3 1 0
github.com/bh90210/soul/server/privateroomtoggle.go:31.2,31.35 1 0
github.com/bh90210/soul/server/privateroomtoggle.go:34.65,36.16 2 0
github.com/bh90210/soul/server/privateroomtoggle.go:36.16,38.3 1 0
github.com/bh90210/soul/server/privateroomtoggle.go:40.2,41.16 2 0
github.com/bh90210/soul/server/privateroomtoggle.go:41.16,43.3 1 0
github.com/bh90210/soul/server/privateroomtoggle.go:45.2,45.43 1 0
github.com/bh90210/soul/server/privateroomtoggle.go:45.43,48.3 1 0
github.com/bh90210/soul/server/privateroomtoggle.go:50.2,51.16 2 0
github.com/bh90210/soul/server/privateroomtoggle.go:51.16,53.3 1 0
github.com/bh90210/soul/server/privateroomtoggle.go:55.2,55.12 1 0
github.com/bh90210/soul/server/privateroomusers.go:19.64,21.16 2 0
github.com/bh90210/soul/server/privateroomusers.go:21.16,23.3 1 0
github.com/bh90210/soul/server/privateroomusers.go:25.2,26.16 2 0
github.com/bh90210/soul/server/privateroomusers.go:26.16,28.3 1 0
github.com/bh90210/soul/server/privateroomusers.go:30.2,30.42 1 0
github.com/bh90210/soul/server/privateroomusers.go:30.42,33.3 1 0
github.com/bh90210/soul/server/privateroomusers.go:35.2,36.16 2 0
github.com/bh90210/soul/server/privateroomusers.go:36.16,38.3 1 0
github.com/bh90210/soul/server/privateroomusers.go:40.2,41.16 2 0
github.com/bh90210/soul/server/privateroomusers.go:41.16,43.3 1 0
github.com/bh90210/soul/server/privateroomusers.go:45.2,45.34 1 0
github.com/bh90210/soul/server/privateroomusers.go:45.34,47.17 2 0
github.com/bh90210/soul/server/privateroomusers.go:47.17,49.4 1 0
github.com/bh90210/soul/server/privateroomusers.go:51.3,51.34 1 0
github.com/bh90210/soul/server/privateroomusers.go:54.2,54.12 1 0
github.com/bh90210/soul/server/privilegedusers.go:18.63,20.16 2 0
github.com/bh90210/soul/server/privilegedusers.go:20.16,22.3 1 0
github.com/bh90210/soul/server/privilegedusers.go:24.2,25.16 2 0
github.com/bh90210/soul/server/privilegedusers.go:25.16,27.3 1 0
github.com/bh90210/soul/server/privilegedusers.go:29.2,29.41 1 0
github.com/bh90210/soul/server/privilegedusers.go:29.41,32.3 1 0
github.com/bh90210/soul/server/privilegedusers.go:34.2,35.16 2 0
github.com/bh90210/soul/server/privilegedusers.go:35.16,37.3 1 0
github.com/bh90210/soul/server/privilegedusers.go:39.2,39.42 1 0
github.com/bh90210/soul/server/privilegedusers.go:39.42,41.44 2 0
github.com/bh90210/soul/server/privilegedusers.go:41.44,43.4 1 0
github.com/bh90210/soul/server/privilegedusers.go:45.3,45.34 1 0
github.com/bh90210/soul/server/privilegedusers.go:48.2,48.15 1 0
github.com/bh90210/soul/server/relogged.go:16.56,18.16 2 0
github.com/bh90210/soul/server/relogged.go:18.16,20.3 1 0
github.com/bh90210/soul/server/relogged.go:22.2,23.16 2 0
github.com/bh90210/soul/server/relogged.go:23.16,25.3 1 0
github.com/bh90210/soul/server/relogged.go:27.2,27.34 1 0
github.com/bh90210/soul/server/relogged.go:27.34,30.3 1 0
github.com/bh90210/soul/server/relogged.go:32.2,32.12 1 0
github.com/bh90210/soul/server/resetdistributed.go:16.64,18.16 2 0
github.com/bh90210/soul/server/resetdistributed.go:18.16,20.3 1 0
github.com/bh90210/soul/server/resetdistributed.go:22.2,23.16 2 0
github.com/bh90210/soul/server/resetdistributed.go:23.16,25.3 1 0
github.com/bh90210/soul/server/resetdistributed.go:27.2,27.42 1 0
github.com/bh90210/soul/server/resetdistributed.go:27.42,30.3 1 0
github.com/bh90210/soul/server/resetdistributed.go:32.2,32.12 1 0
github.com/bh90210/soul/server/roomlist.go:27.56,29.16 2 0
github.com/bh90210/soul/server/roomlist.go:29.16,31.3 1 0
github.com/bh90210/soul/server/roomlist.go:33.2,34.16 2 0
github.com/bh90210/soul/server/roomlist.go:34.16,36.3 1 0
github.com/bh90210/soul/server/roomlist.go:38.2,38.34 1 0
github.com/bh90210/soul/server/roomlist.go:38.34,41.3 1 0
github.com/bh90210/soul/server/roomlist.go:44.2,45.16 2 0
github.com/bh90210/soul/server/roomlist.go:45.16,47.3 1 0
github.com/bh90210/soul/server/roomlist.go:50.2,50.42 1 0
github.com/bh90210/soul/server/roomlist.go:50.42,52.17 2 0
github.com/bh90210/soul/server/roomlist.go:52.17,54.4 1 0
github.com/bh90210/soul/server/roomlist.go:56.3,58.5 1 0
github.com/bh90210/soul/server/roomlist.go:61.2,61.25 1 0
github.com/bh90210/soul/server/roomlist.go:61.25,63.17 2 0
github.com/bh90210/soul/server/roomlist.go:63.17,65.4 1 0
github.com/bh90210/soul/server/roomlist.go:67.3,67.32 1 0
github.com/bh90210/soul/server/roomlist.go:71.2,72.16 2 0
github.com/bh90210/soul/server/roomlist.go:72.16,74.3 1 0
github.com/bh90210/soul/server/roomlist.go:76.2,77.49 2 0
github.com/bh90210/soul/server/roomlist.go:77.49,79.17 2 0
github.com/bh90210/soul/server/roomlist.go:79.17,81.4 1 0
github.com/bh90210/soul/server/roomlist.go:83.3,87.5 1 0
github.com/bh90210/soul/server/roomlist.go:90.2,90.35 1 0
github.com/bh90210/soul/server/roomlist.go:90.35,92.17 2 0
github.com/bh90210/soul/server/roomlist.go:92.17,94.4 1 0
github.com/bh90210/soul/server/roomlist.go:96.3,96.39 1 0
github.com/bh90210/soul/server/roomlist.go:99.2,103.16 3 0
github.com/bh90210/soul/server/roomlist.go:103.16,105.3 1 0
github.com/bh90210/soul/server/roomlist.go:107.2,110.57 3 0
github.com/bh90210/soul/server/roomlist.go:110.57,112.17 2 0
github.com/bh90210/soul/server/roomlist.go:112.17,114.4 1 0
github.com/bh90210/soul/server/roomlist.go:116.3,119.5 1 0
github.com/bh90210/soul/server/roomlist.go:122.2,122.38 1 0
github.com/bh90210/soul/server/roomlist.go:122.38,124.17 2 0
github.com/bh90210/soul/server/roomlist.go:124.17,126.4 1 0
github.com/bh90210/soul/server/roomlist.go:128.3,128.42 1 0
github.com/bh90210/soul/server/roomlist.go:131.2,135.16 3 0
github.com/bh90210/soul/server/roomlist.go:135.16,137.3 1 0
github.com/bh90210/soul/server/roomlist.go:139.2,142.57 3 0
github.com/bh90210/soul/server/roomlist.go:142.57,144.17 2 0
github.com/bh90210/soul/server/roomlist.go:144.17,146.4 1 0
github.com/bh90210/soul/server/roomlist.go:148.3,152.5 1 0
github.com/bh90210/soul/server/roomlist.go:155.2,155.38 1 0
github.com/bh90210/soul/server/roomlist.go:155.38,157.44 2 0
github.com/bh90210/soul/server/roomlist.go:157.44,159.4 1 0
github.com/bh90210/soul/server/roomlist.go:161.3,161.42 1 0
github.com/bh90210/soul/server/roomlist.go:164.2,166.15 2 0
github.com/bh90210/soul/server/roomsearch.go:14.98,17.16 3 0
github.com/bh90210/soul/server/roomsearch.go:17.16,19.3 1 0
github.com/bh90210/soul/server/roomsearch.go:21.2,22.16 2 0
github.com/bh90210/soul/server/roomsearch.go:22.16,24.3 1 0
github.com/bh90210/soul/server/roomsearch.go:26.2,27.16 2 0
github.com/bh90210/soul/server/roomsearch.go:27.16,29.3 1 0
github.com/bh90210/soul/server/roomsearch.go:31.2,32.16 2 0
github.com/bh90210/soul/server/roomsearch.go:32.16,34.3 1 0
github.com/bh90210/soul/server/roomsearch.go:36.2,36.35 1 0
github.com/bh90210/soul/server/roomticker.go:24.58,26.16 2 0
github.com/bh90210/soul/server/roomticker.go:26.16,28.3 1 0
github.com/bh90210/soul/server/roomticker.go:30.2,31.16 2 0
github.com/bh90210/soul/server/roomticker.go:31.16,33.3 1 0
github.com/bh90210/soul/server/roomticker.go:35.2,35.36 1 0
github.com/bh90210/soul/server/roomticker.go:35.36,38.3 1 0
github.com/bh90210/soul/server/roomticker.go:40.2,41.16 2 0
github.com/bh90210/soul/server/roomticker.go:41.16,43.3 1 0
github.com/bh90210/soul/server/roomticker.go:45.2,45.34 1 0
github.com/bh90210/soul/server/roomticker.go:45.34,49.17 3 0
github.com/bh90210/soul/server/roomticker.go:49.17,51.4 1 0
github.com/bh90210/soul/server/roomticker.go:53.3,54.17 2 0
github.com/bh90210/soul/server/roomticker.go:54.17,56.4 1 0
github.com/bh90210/soul/server/roomticker.go:58.3,58.34 1 0
github.com/bh90210/soul/server/roomticker.go:61.2,61.12 1 0
github.com/bh90210/soul/server/roomtickeradd.go:20.61,22.16 2 0
github.com/bh90210/soul/server/roomtickeradd.go:22.16,24.3 1 0
github.com/bh90210/soul/server/roomtickeradd.go:26.2,27.16 2 0
github.com/bh90210/soul/server/roomtickeradd.go:27.16,29.3 1 0
github.com/bh90210/soul/server/roomtickeradd.go:31.2,31.39 1 0
github.com/bh90210/soul/server/roomtickeradd.go:31.39,34.3 1 0
github.com/bh90210/soul/server/roomtickeradd.go:36.2,37.16 2 0
github.com/bh90210/soul/server/roomtickeradd.go:37.16,39.3 1 0
github.com/bh90210/soul/server/roomtickeradd.go:41.2,42.16 2 0
github.com/bh90210/soul/server/roomtickeradd.go:42.16,44.3 1 0
github.com/bh90210/soul/server/roomtickeradd.go:46.2,47.16 2 0
github.com/bh90210/soul/server/roomtickeradd.go:47.16,49.3 1 0
github.com/bh90210/soul/server/roomtickeradd.go:51.2,51.12 1 0
github.com/bh90210/soul/server/roomtickerremove.go:19.64,21.16 2 0
github.com/bh90210/soul/server/roomtickerremove.go:21.16,23.3 1 0
github.com/bh90210/soul/server/roomtickerremove.go:25.2,26.16 2 0
github.com/bh90210/soul/server/roomtickerremove.go:26.16,28.3 1 0
github.com/bh90210/soul/server/roomtickerremove.go:30.2,30.42 1 0
github.com/bh90210/soul/server/roomtickerremove.go:30.42,33.3 1 0
github.com/bh90210/soul/server/roomtickerremove.go:35.2,36.16 2 0
github.com/bh90210/soul/server/roomtickerremove.go:36.16,38.3 1 0
github.com/bh90210/soul/server/roomtickerremove.go:40.2,41.16 2 0
github.com/bh90210/soul/server/roomtickerremove.go:41.16,43.3 1 0
github.com/bh90210/soul/server/roomtickerremove.go:45.2,45.12 1 0
github.com/bh90210/soul/server/roomtickerset.go:14.71,17.16 3 0
github.com/bh90210/soul/server/roomtickerset.go:17.16,19.3 1 0
github.com/bh90210/soul/server/roomtickerset.go:21.2,22.16 2 0
github.com/bh90210/soul/server/roomtickerset.go:22.16,24.3 1 0
github.com/bh90210/soul/server/roomtickerset.go:26.2,27.16 2 0
github.com/bh90210/soul/server/roomtickerset.go:27.16,29.3 1 0
github.com/bh90210/soul/server/roomtickerset.go:31.2,31.35 1 0
github.com/bh90210/soul/server/saychatroom.go:21.70,24.16 3 0
github.com/bh90210/soul/server/saychatroom.go:24.16,26.3 1 0
github.com/bh90210/soul/server/saychatroom.go:28.2,29.16 2 0
github.com/bh90210/soul/server/saychatroom.go:29.16,31.3 1 0
github.com/bh90210/soul/server/saychatroom.go:33.2,34.16 2 0
github.com/bh90210/soul/server/saychatroom.go:34.16,36.3 1 0
github.com/bh90210/soul/server/saychatroom.go:38.2,38.35 1 0
github.com/bh90210/soul/server/saychatroom.go:41.59,43.16 2 0
github.com/bh90210/soul/server/saychatroom.go:43.16,45.3 1 0
github.com/bh90210/soul/server/saychatroom.go:47.2,48.16 2 0
github.com/bh90210/soul/server/saychatroom.go:48.16,50.3 1 0
github.com/bh90210/soul/server/saychatroom.go:52.2,52.37 1 0
github.com/bh90210/soul/server/saychatroom.go:52.37,55.3 1 0
github.com/bh90210/soul/server/saychatroom.go:57.2,58.16 2 0
github.com/bh90210/soul/server/saychatroom.go:58.16,60.3 1 0
github.com/bh90210/soul/server/saychatroom.go:62.2,63.16 2 0
github.com/bh90210/soul/server/saychatroom.go:63.16,65.3 1 0
github.com/bh90210/soul/server/saychatroom.go:67.2,68.16 2 0
[...]
github.com/bh90210/soul/server/privateroomremoveoperator.go:66.2,66.12 1 0
github.com/bh90210/soul/server/privateroomremoveuser.go:20.81,23.16 3 0
github.com/bh90210/soul/server/privateroomremoveuser.go:23.16,25.3 1 0
github.com/bh90210/soul/server/privateroomremoveuser.go:27.2,28.16 2 0
github.com/bh90210/soul/server/privateroomremoveuser.go:28.16,30.3 1 0
github.com/bh90210/soul/server/privateroomremoveuser.go:32.2,33.16 2 0
github.com/bh90210/soul/server/privateroomremoveuser.go:33.16,35.3 1 0
github.com/bh90210/soul/server/privateroomremoveuser.go:37.2,37.35 1 0
github.com/bh90210/soul/server/privateroomremoveuser.go:40.69,42.16 2 0
github.com/bh90210/soul/server/privateroomremoveuser.go:42.16,44.3 1 0
github.com/bh90210/soul/server/privateroomremoveuser.go:46.2,47.16 2 0
github.com/bh90210/soul/server/privateroomremoveuser.go:47.16,49.3 1 0
github.com/bh90210/soul/server/privateroomremoveuser.go:51.2,51.47 1 0
github.com/bh90210/soul/server/privateroomremoveuser.go:51.47,54.3 1 0
github.com/bh90210/soul/server/privateroomremoveuser.go:56.2,57.16 2 0
github.com/bh90210/soul/server/privateroomremoveuser.go:57.16,59.3 1 0
github.com/bh90210/soul/server/privateroomremoveuser.go:61.2,62.16 2 0
github.com/bh90210/soul/server/privateroomremoveuser.go:62.16,64.3 1 0
github.com/bh90210/soul/server/privateroomremoveuser.go:66.2,66.12 1 0
github.com/bh90210/soul/server/privateroomtoggle.go:19.68,22.16 3 0
github.com/bh90210/soul/server/privateroomtoggle.go:22.16,24.3 1 0
github.com/bh90210/soul/server/privateroomtoggle.go:26.2,27.16 2 0
github.com/bh90210/soul/server/privateroomtoggle.go:27.16,29.3 1 0
github.com/bh90210/soul/server/privateroomtoggle.go:31.2,31.35 1 0
github.com/bh90210/soul/server/privateroomtoggle.go:34.65,36.16 2 0
github.com/bh90210/soul/server/privateroomtoggle.go:36.16,38.3 1 0
github.com/bh90210/soul/server/privateroomtoggle.go:40.2,41.16 2 0
github.com/bh90210/soul/server/privateroomtoggle.go:41.16,43.3 1 0
github.com/bh90210/soul/server/privateroomtoggle.go:45.2,45.43 1 0
github.com/bh90210/soul/server/privateroomtoggle.go:45.43,48.3 1 0
github.com/bh90210/soul/server/privateroomtoggle.go:50.2,51.16 2 0
github.com/bh90210/soul/server/privateroomtoggle.go:51.16,53.3 1 0
github.com/bh90210/soul/server/privateroomtoggle.go:55.2,55.12 1 0
github.com/bh90210/soul/server/privateroomusers.go:19.64,21.16 2 0
github.com/bh90210/soul/server/privateroomusers.go:21.16,23.3 1 0
github.com/bh90210/soul/server/privateroomusers.go:25.2,26.16 2 0
github.com/bh90210/soul/server/privateroomusers.go:26.16,28.3 1 0
github.com/bh90210/soul/server/privateroomusers.go:30.2,30.42 1 0
github.com/bh90210/soul/server/privateroomusers.go:30.42,33.3 1 0
github.com/bh90210/soul/server/privateroomusers.go:35.2,36.16 2 0
github.com/bh90210/soul/server/privateroomusers.go:36.16,38.3 1 0
github.com/bh90210/soul/server/privateroomusers.go:40.2,41.16 2 0
github.com/bh90210/soul/server/privateroomusers.go:41.16,43.3 1 0
github.com/bh90210/soul/server/privateroomusers.go:45.2,45.34 1 0
github.com/bh90210/soul/server/privateroomusers.go:45.34,47.17 2 0
github.com/bh90210/soul/server/privateroomusers.go:47.17,49.4 1 0
github.com/bh90210/soul/server/privateroomusers.go:51.3,51.34 1 0
github.com/bh90210/soul/server/privateroomusers.go:54.2,54.12 1 0
github.com/bh90210/soul/server/privilegedusers.go:18.63,20.16 2 0
github.com/bh90210/soul/server/privilegedusers.go:20.16,22.3 1 0
github.com/bh90210/soul/server/privilegedusers.go:24.2,25.16 2 0
github.com/bh90210/soul/server/privilegedusers.go:25.16,27.3 1 0
github.com/bh90210/soul/server/privilegedusers.go:29.2,29.41 1 0
github.com/bh90210/soul/server/privilegedusers.go:29.41,32.3 1 0
github.com/bh90210/soul/server/privilegedusers.go:34.2,35.16 2 0
github.com/bh90210/soul/server/privilegedusers.go:35.16,37.3 1 0
github.com/bh90210/soul/server/privilegedusers.go:39.2,39.42 1 0
github.com/bh90210/soul/server/privilegedusers.go:39.42,41.44 2 0
github.com/bh90210/soul/server/privilegedusers.go:41.44,43.4 1 0
github.com/bh90210/soul/server/privilegedusers.go:45.3,45.34 1 0
github.com/bh90210/soul/server/privilegedusers.go:48.2,48.15 1 0
github.com/bh90210/soul/server/relogged.go:16.56,18.16 2 0
github.com/bh90210/soul/server/relogged.go:18.16,20.3 1 0
github.com/bh90210/soul/server/relogged.go:22.2,23.16 2 0
github.com/bh90210/soul/server/relogged.go:23.16,25.3 1 0
github.com/bh90210/soul/server/relogged.go:27.2,27.34 1 0
github.com/bh90210/soul/server/relogged.go:27.34,30.3 1 0
github.com/bh90210/soul/server/relogged.go:32.2,32.12 1 0
github.com/bh90210/soul/server/resetdistributed.go:16.64,18.16 2 0
github.com/bh90210/soul/server/resetdistributed.go:18.16,20.3 1 0
github.com/bh90210/soul/server/resetdistributed.go:22.2,23.16 2 0
github.com/bh90210/soul/server/resetdistributed.go:23.16,25.3 1 0
github.com/bh90210/soul/server/resetdistributed.go:27.2,27.42 1 0
github.com/bh90210/soul/server/resetdistributed.go:27.42,30.3 1 0
github.com/bh90210/soul/server/resetdistributed.go:32.2,32.12 1 0
github.com/bh90210/soul/server/roomlist.go:27.56,29.16 2 0
github.com/bh90210/soul/server/roomlist.go:29.16,31.3 1 0
github.com/bh90210/soul/server/roomlist.go:33.2,34.16 2 0
github.com/bh90210/soul/server/roomlist.go:34.16,36.3 1 0
github.com/bh90210/soul/server/roomlist.go:38.2,38.34 1 0
github.com/bh90210/soul/server/roomlist.go:38.34,41.3 1 0
github.com/bh90210/soul/server/roomlist.go:44.2,45.16 2 0
github.com/bh90210/soul/server/roomlist.go:45.16,47.3 1 0
github.com/bh90210/soul/server/roomlist.go:50.2,50.42 1 0
github.com/bh90210/soul/server/roomlist.go:50.42,52.17 2 0
github.com/bh90210/soul/server/roomlist.go:52.17,54.4 1 0
github.com/bh90210/soul/server/roomlist.go:56.3,58.5 1 0
github.com/bh90210/soul/server/roomlist.go:61.2,61.25 1 0
github.com/bh90210/soul/server/roomlist.go:61.25,63.17 2 0
github.com/bh90210/soul/server/roomlist.go:63.17,65.4 1 0
github.com/bh90210/soul/server/roomlist.go:67.3,67.32 1 0
github.com/bh90210/soul/server/roomlist.go:71.2,72.16 2 0
github.com/bh90210/soul/server/roomlist.go:72.16,74.3 1 0
github.com/bh90210/soul/server/roomlist.go:76.2,77.49 2 0
github.com/bh90210/soul/server/roomlist.go:77.49,79.17 2 0
github.com/bh90210/soul/server/roomlist.go:79.17,81.4 1 0
github.com/bh90210/soul/server/roomlist.go:83.3,87.5 1 0
github.com/bh90210/soul/server/roomlist.go:90.2,90.35 1 0
github.com/bh90210/soul/server/roomlist.go:90.35,92.17 2 0
github.com/bh90210/soul/server/roomlist.go:92.17,94.4 1 0
github.com/bh90210/soul/server/roomlist.go:96.3,96.39 1 0
github.com/bh90210/soul/server/roomlist.go:99.2,103.16 3 0
github.com/bh90210/soul/server/roomlist.go:103.16,105.3 1 0
github.com/bh90210/soul/server/roomlist.go:107.2,110.57 3 0
github.com/bh90210/soul/server/roomlist.go:110.57,112.17 2 0
github.com/bh90210/soul/server/roomlist.go:112.17,114.4 1 0
github.com/bh90210/soul/server/roomlist.go:116.3,119.5 1 0
github.com/bh90210/soul/server/roomlist.go:122.2,122.38 1 0
github.com/bh90210/soul/server/roomlist.go:122.38,124.17 2 0
github.com/bh90210/soul/server/roomlist.go:124.17,126.4 1 0
github.com/bh90210/soul/server/roomlist.go:128.3,128.42 1 0
github.com/bh90210/soul/server/roomlist.go:131.2,135.16 3 0
github.com/bh90210/soul/server/roomlist.go:135.16,137.3 1 0
github.com/bh90210/soul/server/roomlist.go:139.2,142.57 3 0
github.com/bh90210/soul/server/roomlist.go:142.57,144.17 2 0
github.com/bh90210/soul/server/roomlist.go:144.17,146.4 1 0
github.com/bh90210/soul/server/roomlist.go:148.3,152.5 1 0
github.com/bh90210/soul/server/roomlist.go:155.2,155.38 1 0
github.com/bh90210/soul/server/roomlist.go:155.38,157.44 2 0
github.com/bh90210/soul/server/roomlist.go:157.44,159.4 1 0
github.com/bh90210/soul/server/roomlist.go:161.3,161.42 1 0
github.com/bh90210/soul/server/roomlist.go:164.2,166.15 2 0
github.com/bh90210/soul/server/roomsearch.go:14.98,17.16 3 0
github.com/bh90210/soul/server/roomsearch.go:17.16,19.3 1 0
github.com/bh90210/soul/server/roomsearch.go:21.2,22.16 2 0
github.com/bh90210/soul/server/roomsearch.go:22.16,24.3 1 0
github.com/bh90210/soul/server/roomsearch.go:26.2,27.16 2 0
github.com/bh90210/soul/server/roomsearch.go:27.16,29.3 1 0
github.com/bh90210/soul/server/roomsearch.go:31.2,32.16 2 0
github.com/bh90210/soul/server/roomsearch.go:32.16,34.3 1 0
github.com/bh90210/soul/server/roomsearch.go:36.2,36.35 1 0
github.com/bh90210/soul/server/roomticker.go:24.58,26.16 2 0
github.com/bh90210/soul/server/roomticker.go:26.16,28.3 1 0
github.com/bh90210/soul/server/roomticker.go:30.2,31.16 2 0
github.com/bh90210/soul/server/roomticker.go:31.16,33.3 1 0
github.com/bh90210/soul/server/roomticker.go:35.2,35.36 1 0
github.com/bh90210/soul/server/roomticker.go:35.36,38.3 1 0
github.com/bh90210/soul/server/roomticker.go:40.2,41.16 2 0
github.com/bh90210/soul/server/roomticker.go:41.16,43.3 1 0
github.com/bh90210/soul/server/roomticker.go:45.2,45.34 1 0
github.com/bh90210/soul/server/roomticker.go:45.34,49.17 3 0
github.com/bh90210/soul/server/roomticker.go:49.17,51.4 1 0
github.com/bh90210/soul/server/roomticker.go:53.3,54.17 2 0
github.com/bh90210/soul/server/roomticker.go:54.17,56.4 1 0
github.com/bh90210/soul/server/roomticker.go:58.3,58.34 1 0
github.com/bh90210/soul/server/roomticker.go:61.2,61.12 1 0
github.com/bh90210/soul/server/roomtickeradd.go:20.61,22.16 2 0
github.com/bh90210/soul/server/roomtickeradd.go:22.16,24.3 1 0
github.com/bh90210/soul/server/roomtickeradd.go:26.2,27.16 2 0
github.com/bh90210/soul/server/roomtickeradd.go:27.16,29.3 1 0
github.com/bh90210/soul/server/roomtickeradd.go:31.2,31.39 1 0
github.com/bh90210/soul/server/roomtickeradd.go:31.39,34.3 1 0
github.com/bh90210/soul/server/roomtickeradd.go:36.2,37.16 2 0
github.com/bh90210/soul/server/roomtickeradd.go:37.16,39.3 1 0
github.com/bh90210/soul/server/roomtickeradd.go:41.2,42.16 2 0
github.com/bh90210/soul/server/roomtickeradd.go:42.16,44.3 1 0
github.com/bh90210/soul/server/roomtickeradd.go:46.2,47.16 2 0
github.com/bh90210/soul/server/roomtickeradd.go:47.16,49.3 1 0
github.com/bh90210/soul/server/roomtickeradd.go:51.2,51.12 1 0
github.com/bh90210/soul/server/roomtickerremove.go:19.64,21.16 2 0
github.com/bh90210/soul/server/roomtickerremove.go:21.16,23.3 1 0
github.com/bh90210/soul/server/roomtickerremove.go:25.2,26.16 2 0
github.com/bh90210/soul/server/roomtickerremove.go:26.16,28.3 1 0
github.com/bh90210/soul/server/roomtickerremove.go:30.2,30.42 1 0
github.com/bh90210/soul/server/roomtickerremove.go:30.42,33.3 1 0
github.com/bh90210/soul/server/roomtickerremove.go:35.2,36.16 2 0
github.com/bh90210/soul/server/roomtickerremove.go:36.16,38.3 1 0
github.com/bh90210/soul/server/roomtickerremove.go:40.2,41.16 2 0
github.com/bh90210/soul/server/roomtickerremove.go:41.16,43.3 1 0
github.com/bh90210/soul/server/roomtickerremove.go:45.2,45.12 1 0
github.com/bh90210/soul/server/roomtickerset.go:14.71,17.16 3 0
github.com/bh90210/soul/server/roomtickerset.go:17.16,19.3 1 0
github.com/bh90210/soul/server/roomtickerset.go:21.2,22.16 2 0
github.com/bh90210/soul/server/roomtickerset.go:22.16,24.3 1 0
github.com/bh90210/soul/server/roomtickerset.go:26.2,27.16 2 0
github.com/bh90210/soul/server/roomtickerset.go:27.16,29.3 1 0
github.com/bh90210/soul/server/roomtickerset.go:31.2,31.35 1 0
github.com/bh90210/soul/server/saychatroom.go:21.70,24.16 3 0
github.com/bh90210/soul/server/saychatroom.go:24.16,26.3 1 0
github.com/bh90210/soul/server/saychatroom.go:28.2,29.16 2 0
github.com/bh90210/soul/server/saychatroom.go:29.16,31.3 1 0
github.com/bh90210/soul/server/saychatroom.go:33.2,34.16 2 0
github.com/bh90210/soul/server/saychatroom.go:34.16,36.3 1 0
github.com/bh90210/soul/server/saychatroom.go:38.2,38.35 1 0
github.com/bh90210/soul/server/saychatroom.go:41.59,43.16 2 0
github.com/bh90210/soul/server/saychatroom.go:43.16,45.3 1 0
github.com/bh90210/soul/server/saychatroom.go:47.2,48.16 2 0
github.com/bh90210/soul/server/saychatroom.go:48.16,50.3 1 0
github.com/bh90210/soul/server/saychatroom.go:52.2,52.37 1 0
github.com/bh90210/soul/server/saychatroom.go:52.37,55.3 1 0
github.com/bh90210/soul/server/saychatroom.go:57.2,58.16 2 0
github.com/bh90210/soul/server/saychatroom.go:58.16,60.3 1 0
github.com/bh90210/soul/server/saychatroom.go:62.2,63.16 2 0
github.com/bh90210/soul/server/saychatroom.go:63.16,65.3 1 0
github.com/bh90210/soul/server/saychatroom.go:67.2,68.16 2 0
github.com/bh90210/soul/server/saychatroom.go:68.16,70.3 1 0
github.com/bh90210/soul/server/saychatroom.go:72.2,72.12 1 0
github.com/bh90210/soul/server/senduploadspeed.go:14.63,17.16 3 0
github.com/bh90210/soul/server/senduploadspeed.go:17.16,19.3 1 0
github.com/bh90210/soul/server/senduploadspeed.go:21.2,22.16 2 0
github.com/bh90210/soul/server/senduploadspeed.go:22.16,24.3 1 0
github.com/bh90210/soul/server/senduploadspeed.go:26.2,26.35 1 0
github.com/bh90210/soul/server/server.go:25.37,26.11 1 0
github.com/bh90210/soul/server/server.go:27.15,28.19 1 0
github.com/bh90210/soul/server/server.go:29.12,30.16 1 0
github.com/bh90210/soul/server/server.go:31.14,32.18 1 0
github.com/bh90210/soul/server/server.go:34.10,35.19 1 0
github.com/bh90210/soul/server/server.go:39.80,41.2 1 0
github.com/bh90210/soul/server/server.go:43.69,45.2 1 0
github.com/bh90210/soul/server/setlistenport.go:17.63,20.16 3 0
github.com/bh90210/soul/server/setlistenport.go:20.16,22.3 1 0
github.com/bh90210/soul/server/setlistenport.go:24.2,25.16 2 0
github.com/bh90210/soul/server/setlistenport.go:25.16,27.3 1 0
github.com/bh90210/soul/server/setlistenport.go:29.2,29.35 1 0
github.com/bh90210/soul/server/setstatus.go:14.65,17.16 3 0
github.com/bh90210/soul/server/setstatus.go:17.16,19.3 1 0
github.com/bh90210/soul/server/setstatus.go:21.2,22.16 2 0
github.com/bh90210/soul/server/setstatus.go:22.16,24.3 1 0
github.com/bh90210/soul/server/setstatus.go:26.2,26.35 1 0
github.com/bh90210/soul/server/sharedfoldersfiles.go:14.79,17.16 3 0
github.com/bh90210/soul/server/sharedfoldersfiles.go:17.16,19.3 1 0
github.com/bh90210/soul/server/sharedfoldersfiles.go:21.2,22.16 2 0
github.com/bh90210/soul/server/sharedfoldersfiles.go:22.16,24.3 1 0
github.com/bh90210/soul/server/sharedfoldersfiles.go:26.2,27.16 2 0
github.com/bh90210/soul/server/sharedfoldersfiles.go:27.16,29.3 1 0
github.com/bh90210/soul/server/sharedfoldersfiles.go:31.2,31.35 1 0
github.com/bh90210/soul/server/unwatchuser.go:14.65,17.16 3 0
github.com/bh90210/soul/server/unwatchuser.go:17.16,19.3 1 0
github.com/bh90210/soul/server/unwatchuser.go:21.2,22.16 2 0
github.com/bh90210/soul/server/unwatchuser.go:22.16,24.3 1 0
github.com/bh90210/soul/server/unwatchuser.go:26.2,26.35 1 0
github.com/bh90210/soul/server/userjoinedroom.go:26.62,28.16 2 0
github.com/bh90210/soul/server/userjoinedroom.go:28.16,30.3 1 0
github.com/bh90210/soul/server/userjoinedroom.go:32.2,33.16 2 0
github.com/bh90210/soul/server/userjoinedroom.go:33.16,35.3 1 0
github.com/bh90210/soul/server/userjoinedroom.go:37.2,37.40 1 0
github.com/bh90210/soul/server/userjoinedroom.go:37.40,40.3 1 0
github.com/bh90210/soul/server/userjoinedroom.go:42.2,43.16 2 0
github.com/bh90210/soul/server/userjoinedroom.go:43.16,45.3 1 0
github.com/bh90210/soul/server/userjoinedroom.go:47.2,48.16 2 0
github.com/bh90210/soul/server/userjoinedroom.go:48.16,50.3 1 0
github.com/bh90210/soul/server/userjoinedroom.go:52.2,53.16 2 0
github.com/bh90210/soul/server/userjoinedroom.go:53.16,55.3 1 0
github.com/bh90210/soul/server/userjoinedroom.go:57.2,60.16 3 0
github.com/bh90210/soul/server/userjoinedroom.go:60.16,62.3 1 0
github.com/bh90210/soul/server/userjoinedroom.go:64.2,65.16 2 0
github.com/bh90210/soul/server/userjoinedroom.go:65.16,67.3 1 0
github.com/bh90210/soul/server/userjoinedroom.go:69.2,70.16 2 0
github.com/bh90210/soul/server/userjoinedroom.go:70.16,72.3 1 0
github.com/bh90210/soul/server/userjoinedroom.go:74.2,75.16 2 0
github.com/bh90210/soul/server/userjoinedroom.go:75.16,77.3 1 0
github.com/bh90210/soul/server/userjoinedroom.go:79.2,80.16 2 0
github.com/bh90210/soul/server/userjoinedroom.go:80.16,82.3 1 0
github.com/bh90210/soul/server/userjoinedroom.go:84.2,85.16 2 0
github.com/bh90210/soul/server/userjoinedroom.go:85.16,87.3 1 0
github.com/bh90210/soul/server/userjoinedroom.go:89.2,89.12 1 0
github.com/bh90210/soul/server/userleftroom.go:19.60,21.16 2 0
github.com/bh90210/soul/server/userleftroom.go:21.16,23.3 1 0
github.com/bh90210/soul/server/userleftroom.go:25.2,26.16 2 0
github.com/bh90210/soul/server/userleftroom.go:26.16,28.3 1 0
github.com/bh90210/soul/server/userleftroom.go:30.2,30.38 1 0
github.com/bh90210/soul/server/userleftroom.go:30.38,33.3 1 0
github.com/bh90210/soul/server/userleftroom.go:35.2,36.16 2 0
github.com/bh90210/soul/server/userleftroom.go:36.16,38.3 1 0
github.com/bh90210/soul/server/userleftroom.go:40.2,41.16 2 0
github.com/bh90210/soul/server/userleftroom.go:41.16,43.3 1 0
github.com/bh90210/soul/server/userleftroom.go:45.2,45.12 1 0
github.com/bh90210/soul/server/usersearch.go:14.102,17.16 3 0
github.com/bh90210/soul/server/usersearch.go:17.16,19.3 1 0
github.com/bh90210/soul/server/usersearch.go:21.2,22.16 2 0
github.com/bh90210/soul/server/usersearch.go:22.16,24.3 1 0
github.com/bh90210/soul/server/usersearch.go:26.2,27.16 2 0
github.com/bh90210/soul/server/usersearch.go:27.16,29.3 1 0
github.com/bh90210/soul/server/usersearch.go:31.2,32.16 2 0
github.com/bh90210/soul/server/usersearch.go:32.16,34.3 1 0
github.com/bh90210/soul/server/usersearch.go:36.2,36.35 1 0
github.com/bh90210/soul/server/watchuser.go:27.63,32.16 4 0
github.com/bh90210/soul/server/watchuser.go:32.16,34.3 1 0
github.com/bh90210/soul/server/watchuser.go:36.2,36.35 1 0
github.com/bh90210/soul/server/watchuser.go:39.57,41.16 2 0
github.com/bh90210/soul/server/watchuser.go:41.16,43.3 1 0
github.com/bh90210/soul/server/watchuser.go:45.2,46.16 2 0
github.com/bh90210/soul/server/watchuser.go:46.16,48.3 1 0
github.com/bh90210/soul/server/watchuser.go:50.2,50.35 1 0
github.com/bh90210/soul/server/watchuser.go:50.35,53.3 1 0
github.com/bh90210/soul/server/watchuser.go:55.2,56.16 2 0
github.com/bh90210/soul/server/watchuser.go:56.16,58.3 1 0
github.com/bh90210/soul/server/watchuser.go:60.2,61.16 2 0
github.com/bh90210/soul/server/watchuser.go:61.16,63.3 1 0
github.com/bh90210/soul/server/watchuser.go:65.2,65.14 1 0
github.com/bh90210/soul/server/watchuser.go:65.14,67.17 2 0
github.com/bh90210/soul/server/watchuser.go:67.17,69.4 1 0
github.com/bh90210/soul/server/watchuser.go:71.3,74.17 3 0
github.com/bh90210/soul/server/watchuser.go:74.17,76.4 1 0
github.com/bh90210/soul/server/watchuser.go:78.3,79.17 2 0
github.com/bh90210/soul/server/watchuser.go:79.17,81.4 1 0
github.com/bh90210/soul/server/watchuser.go:83.3,84.17 2 0
github.com/bh90210/soul/server/watchuser.go:84.17,86.4 1 0
github.com/bh90210/soul/server/watchuser.go:88.3,89.17 2 0
github.com/bh90210/soul/server/watchuser.go:89.17,91.4 1 0
github.com/bh90210/soul/server/watchuser.go:94.2,94.44 1 0
github.com/bh90210/soul/server/watchuser.go:94.44,96.17 2 0
github.com/bh90210/soul/server/watchuser.go:96.17,98.4 1 0
github.com/bh90210/soul/server/watchuser.go:101.2,101.12 1 0
github.com/bh90210/soul/server/wishlistinterval.go:19.64,21.16 2 0
github.com/bh90210/soul/server/wishlistinterval.go:21.16,23.3 1 0
github.com/bh90210/soul/server/wishlistinterval.go:25.2,26.16 2 0
github.com/bh90210/soul/server/wishlistinterval.go:26.16,28.3 1 0
github.com/bh90210/soul/server/wishlistinterval.go:30.2,30.42 1 0
github.com/bh90210/soul/server/wishlistinterval.go:30.42,33.3 1 0
github.com/bh90210/soul/server/wishlistinterval.go:35.2,36.12 2 0
github.com/bh90210/soul/server/wishlistsearch.go:14.89,17.16 3 0
github.com/bh90210/soul/server/wishlistsearch.go:17.16,19.3 1 0
github.com/bh90210/soul/server/wishlistsearch.go:21.2,22.16 2 0
github.com/bh90210/soul/server/wishlistsearch.go:22.16,24.3 1 0
github.com/bh90210/soul/server/wishlistsearch.go:26.2,27.16 2 0
github.com/bh90210/soul/server/wishlistsearch.go:27.16,29.3 1 0
github.com/bh90210/soul/server/wishlistsearch.go:31.2,31.35 1 0
